{"numFailedTestSuites":5,"numFailedTests":50,"numPassedTestSuites":0,"numPassedTests":88,"numPendingTestSuites":3,"numPendingTests":99,"numRuntimeErrorTestSuites":0,"numTodoTests":0,"numTotalTestSuites":8,"numTotalTests":237,"openHandles":[],"snapshot":{"added":0,"didUpdate":false,"failure":false,"filesAdded":0,"filesRemoved":0,"filesRemovedList":[],"filesUnmatched":0,"filesUpdated":0,"matched":0,"total":0,"unchecked":0,"uncheckedKeysByFile":[],"unmatched":0,"updated":0},"startTime":1767394810280,"success":false,"testResults":[{"assertionResults":[{"ancestorTitles":["Integration: Login Form Workflow","Component Integration"],"duration":73,"failureDetails":[],"failureMessages":[],"fullName":"Integration: Login Form Workflow Component Integration should render all form components together","invocations":1,"location":null,"numPassingAsserts":3,"retryReasons":[],"status":"passed","title":"should render all form components together"},{"ancestorTitles":["Integration: Login Form Workflow","Component Integration"],"duration":3,"failureDetails":[],"failureMessages":[],"fullName":"Integration: Login Form Workflow Component Integration should connect labels to inputs properly","invocations":1,"location":null,"numPassingAsserts":2,"retryReasons":[],"status":"passed","title":"should connect labels to inputs properly"},{"ancestorTitles":["Integration: Login Form Workflow","User Workflow: Valid Submission"],"duration":532,"failureDetails":[],"failureMessages":[],"fullName":"Integration: Login Form Workflow User Workflow: Valid Submission should handle complete valid form submission workflow","invocations":1,"location":null,"numPassingAsserts":1,"retryReasons":[],"status":"passed","title":"should handle complete valid form submission workflow"},{"ancestorTitles":["Integration: Login Form Workflow","User Workflow: Valid Submission"],"duration":94,"failureDetails":[],"failureMessages":[],"fullName":"Integration: Login Form Workflow User Workflow: Valid Submission should handle tab navigation through all form fields","invocations":1,"location":null,"numPassingAsserts":3,"retryReasons":[],"status":"passed","title":"should handle tab navigation through all form fields"},{"ancestorTitles":["Integration: Login Form Workflow","User Workflow: Validation Errors"],"duration":49,"failureDetails":[{"name":"TestingLibraryElementError"}],"failureMessages":["TestingLibraryElementError: Unable to find an accessible element with the role \"alert\" and name `/email is required/i`\n\nHere are the accessible roles:\n\n  form:\n\n  Name \"Login form\":\n  \u001b[36m<form\u001b[39m\n    \u001b[33maria-label\u001b[39m=\u001b[32m\"Login form\"\u001b[39m\n  \u001b[36m/>\u001b[39m\n\n  --------------------------------------------------\n  textbox:\n\n  Name \"Email\":\n  \u001b[36m<input\u001b[39m\n    \u001b[33maria-describedby\u001b[39m=\u001b[32m\"email-error\"\u001b[39m\n    \u001b[33maria-invalid\u001b[39m=\u001b[32m\"true\"\u001b[39m\n    \u001b[33mclass\u001b[39m=\u001b[32m\"flex h-9 w-full rounded-md border border-input bg-transparent px-3 py-1 text-base shadow-sm transition-colors file:border-0 file:bg-transparent file:text-sm file:font-medium file:text-foreground placeholder:text-muted-foreground focus-visible:outline-none focus-visible:ring-1 focus-visible:ring-ring disabled:cursor-not-allowed disabled:opacity-50 md:text-sm\"\u001b[39m\n    \u001b[33mid\u001b[39m=\u001b[32m\"email\"\u001b[39m\n    \u001b[33mtype\u001b[39m=\u001b[32m\"email\"\u001b[39m\n    \u001b[33mvalue\u001b[39m=\u001b[32m\"\"\u001b[39m\n  \u001b[36m/>\u001b[39m\n\n  --------------------------------------------------\n  alert:\n\n  Name \"\":\n  \u001b[36m<p\u001b[39m\n    \u001b[33mclass\u001b[39m=\u001b[32m\"text-red-500 text-sm\"\u001b[39m\n    \u001b[33mid\u001b[39m=\u001b[32m\"email-error\"\u001b[39m\n    \u001b[33mrole\u001b[39m=\u001b[32m\"alert\"\u001b[39m\n  \u001b[36m/>\u001b[39m\n\n  Name \"\":\n  \u001b[36m<p\u001b[39m\n    \u001b[33mclass\u001b[39m=\u001b[32m\"text-red-500 text-sm\"\u001b[39m\n    \u001b[33mid\u001b[39m=\u001b[32m\"password-error\"\u001b[39m\n    \u001b[33mrole\u001b[39m=\u001b[32m\"alert\"\u001b[39m\n  \u001b[36m/>\u001b[39m\n\n  --------------------------------------------------\n  button:\n\n  Name \"Login\":\n  \u001b[36m<button\u001b[39m\n    \u001b[33mclass\u001b[39m=\u001b[32m\"inline-flex items-center justify-center gap-2 whitespace-nowrap rounded-md text-sm font-medium transition-all disabled:pointer-events-none disabled:opacity-50 [&_svg]:pointer-events-none [&_svg:not([class*='size-'])]:size-4 shrink-0 [&_svg]:shrink-0 outline-none focus-visible:border-ring focus-visible:ring-ring/50 focus-visible:ring-[3px] aria-invalid:ring-destructive/20 dark:aria-invalid:ring-destructive/40 aria-invalid:border-destructive bg-primary text-primary-foreground hover:bg-primary/90 h-9 px-4 py-2 has-[>svg]:px-3\"\u001b[39m\n    \u001b[33mdata-slot\u001b[39m=\u001b[32m\"button\"\u001b[39m\n    \u001b[33mtype\u001b[39m=\u001b[32m\"submit\"\u001b[39m\n  \u001b[36m/>\u001b[39m\n\n  --------------------------------------------------\n\nIgnored nodes: comments, script, style\n\u001b[36m<body>\u001b[39m\n  \u001b[36m<div>\u001b[39m\n    \u001b[36m<form\u001b[39m\n      \u001b[33maria-label\u001b[39m=\u001b[32m\"Login form\"\u001b[39m\n    \u001b[36m>\u001b[39m\n      \u001b[36m<div\u001b[39m\n        \u001b[33mclass\u001b[39m=\u001b[32m\"space-y-4\"\u001b[39m\n      \u001b[36m>\u001b[39m\n        \u001b[36m<div>\u001b[39m\n          \u001b[36m<label\u001b[39m\n            \u001b[33mclass\u001b[39m=\u001b[32m\"flex items-center gap-2 text-sm leading-none font-medium select-none group-data-[disabled=true]:pointer-events-none group-data-[disabled=true]:opacity-50 peer-disabled:cursor-not-allowed peer-disabled:opacity-50\"\u001b[39m\n            \u001b[33mdata-slot\u001b[39m=\u001b[32m\"label\"\u001b[39m\n            \u001b[33mfor\u001b[39m=\u001b[32m\"email\"\u001b[39m\n          \u001b[36m>\u001b[39m\n            \u001b[0mEmail\u001b[0m\n          \u001b[36m</label>\u001b[39m\n          \u001b[36m<div\u001b[39m\n            \u001b[33mclass\u001b[39m=\u001b[32m\"w-full\"\u001b[39m\n          \u001b[36m>\u001b[39m\n            \u001b[36m<input\u001b[39m\n              \u001b[33maria-describedby\u001b[39m=\u001b[32m\"email-error\"\u001b[39m\n              \u001b[33maria-invalid\u001b[39m=\u001b[32m\"true\"\u001b[39m\n              \u001b[33mclass\u001b[39m=\u001b[32m\"flex h-9 w-full rounded-md border border-input bg-transparent px-3 py-1 text-base shadow-sm transition-colors file:border-0 file:bg-transparent file:text-sm file:font-medium file:text-foreground placeholder:text-muted-foreground focus-visible:outline-none focus-visible:ring-1 focus-visible:ring-ring disabled:cursor-not-allowed disabled:opacity-50 md:text-sm\"\u001b[39m\n              \u001b[33mid\u001b[39m=\u001b[32m\"email\"\u001b[39m\n              \u001b[33mtype\u001b[39m=\u001b[32m\"email\"\u001b[39m\n              \u001b[33mvalue\u001b[39m=\u001b[32m\"\"\u001b[39m\n            \u001b[36m/>\u001b[39m\n          \u001b[36m</div>\u001b[39m\n          \u001b[36m<p\u001b[39m\n            \u001b[33mclass\u001b[39m=\u001b[32m\"text-red-500 text-sm\"\u001b[39m\n            \u001b[33mid\u001b[39m=\u001b[32m\"email-error\"\u001b[39m\n            \u001b[33mrole\u001b[39m=\u001b[32m\"alert\"\u001b[39m\n          \u001b[36m>\u001b[39m\n            \u001b[0mEmail is required\u001b[0m\n          \u001b[36m</p>\u001b[39m\n        \u001b[36m</div>\u001b[39m\n        \u001b[36m<div>\u001b[39m\n          \u001b[36m<label\u001b[39m\n            \u001b[33mclass\u001b[39m=\u001b[32m\"flex items-center gap-2 text-sm leading-none font-medium select-none group-data-[disabled=true]:pointer-events-none group-data-[disabled=true]:opacity-50 peer-disabled:cursor-not-allowed peer-disabled:opacity-50\"\u001b[39m\n            \u001b[33mdata-slot\u001b[39m=\u001b[32m\"label\"\u001b[39m\n            \u001b[33mfor\u001b[39m=\u001b[32m\"password\"\u001b[39m\n          \u001b[36m>\u001b[39m\n            \u001b[0mPassword\u001b[0m\n          \u001b[36m</label>\u001b[39m\n          \u001b[36m<div\u001b[39m\n            \u001b[33mclass\u001b[39m=\u001b[32m\"w-full\"\u001b[39m\n          \u001b[36m>\u001b[39m\n            \u001b[36m<input\u001b[39m\n              \u001b[33maria-describedby\u001b[39m=\u001b[32m\"password-error\"\u001b[39m\n              \u001b[33maria-invalid\u001b[39m=\u001b[32m\"true\"\u001b[39m\n              \u001b[33mclass\u001b[39m=\u001b[32m\"flex h-9 w-full rounded-md border border-input bg-transparent px-3 py-1 text-base shadow-sm transition-colors file:border-0 file:bg-transparent file:text-sm file:font-medium file:text-foreground placeholder:text-muted-foreground focus-visible:outline-none focus-visible:ring-1 focus-visible:ring-ring disabled:cursor-not-allowed disabled:opacity-50 md:text-sm\"\u001b[39m\n              \u001b[33mid\u001b[39m=\u001b[32m\"password\"\u001b[39m\n              \u001b[33mtype\u001b[39m=\u001b[32m\"password\"\u001b[39m\n              \u001b[33mvalue\u001b[39m=\u001b[32m\"\"\u001b[39m\n            \u001b[36m/>\u001b[39m\n          \u001b[36m</div>\u001b[39m\n          \u001b[36m<p\u001b[39m\n            \u001b[33mclass\u001b[39m=\u001b[32m\"text-red-500 text-sm\"\u001b[39m\n            \u001b[33mid\u001b[39m=\u001b[32m\"password-error\"\u001b[39m\n            \u001b[33mrole\u001b[39m=\u001b[32m\"alert\"\u001b[39m\n          \u001b[36m>\u001b[39m\n            \u001b[0mPassword is required\u001b[0m\n          \u001b[36m</p>\u001b[39m\n        \u001b[36m</div>\u001b[39m\n        \u001b[36m<button\u001b[39m\n          \u001b[33mclass\u001b[39m=\u001b[32m\"inline-flex items-center justify-center gap-2 whitespace-nowrap rounded-md text-sm font-medium transition-all disabled:pointer-events-none disabled:opacity-50 [&_svg]:pointer-events-none [&_svg:not([class*='size-'])]:size-4 shrink-0 [&_svg]:shrink-0 outline-none focus-visible:border-ring focus-visible:ring-ring/50 focus-visible:ring-[3px] aria-invalid:ring-destructive/20 dark:aria-invalid:ring-destructive/40 aria-invalid:border-destructive bg-primary text-primary-foreground hover:bg-primary/90 h-9 px-4 py-2 has-[>svg]:px-3\"\u001b[39m\n          \u001b[33mdata-slot\u001b[39m=\u001b[32m\"button\"\u001b[39m\n          \u001b[33mtype\u001b[39m=\u001b[32m\"submit\"\u001b[39m\n        \u001b[36m>\u001b[39m\n          \u001b[0mLogin\u001b[0m\n        \u001b[36m</button>\u001b[39m\n      \u001b[36m</div>\u001b[39m\n    \u001b[36m</form>\u001b[39m\n  \u001b[36m</div>\u001b[39m\n\u001b[36m</body>\u001b[39m\n    at Object.getElementError (C:\\Users\\bsval\\terrafusion_os_1.0\\node_modules\\.pnpm\\@testing-library+dom@8.20.1\\node_modules\\@testing-library\\dom\\dist\\config.js:37:19)\n    at C:\\Users\\bsval\\terrafusion_os_1.0\\node_modules\\.pnpm\\@testing-library+dom@8.20.1\\node_modules\\@testing-library\\dom\\dist\\query-helpers.js:76:38\n    at C:\\Users\\bsval\\terrafusion_os_1.0\\node_modules\\.pnpm\\@testing-library+dom@8.20.1\\node_modules\\@testing-library\\dom\\dist\\query-helpers.js:52:17\n    at C:\\Users\\bsval\\terrafusion_os_1.0\\node_modules\\.pnpm\\@testing-library+dom@8.20.1\\node_modules\\@testing-library\\dom\\dist\\query-helpers.js:95:19\n    at Object.<anonymous> (C:\\Users\\bsval\\terrafusion_os_1.0\\frontend\\apps\\os-shell\\src\\__tests__\\integration\\form-workflows.integration.test.tsx:353:21)"],"fullName":"Integration: Login Form Workflow User Workflow: Validation Errors should show validation errors when submitting empty form","invocations":1,"location":null,"numPassingAsserts":0,"retryReasons":[],"status":"failed","title":"should show validation errors when submitting empty form"},{"ancestorTitles":["Integration: Login Form Workflow","User Workflow: Validation Errors"],"duration":486,"failureDetails":[{"name":"TestingLibraryElementError"}],"failureMessages":["TestingLibraryElementError: Unable to find an accessible element with the role \"alert\" and name `/email is invalid/i`\n\nHere are the accessible roles:\n\n  form:\n\n  Name \"Login form\":\n  \u001b[36m<form\u001b[39m\n    \u001b[33maria-label\u001b[39m=\u001b[32m\"Login form\"\u001b[39m\n  \u001b[36m/>\u001b[39m\n\n  --------------------------------------------------\n  textbox:\n\n  Name \"Email\":\n  \u001b[36m<input\u001b[39m\n    \u001b[33maria-invalid\u001b[39m=\u001b[32m\"false\"\u001b[39m\n    \u001b[33mclass\u001b[39m=\u001b[32m\"flex h-9 w-full rounded-md border border-input bg-transparent px-3 py-1 text-base shadow-sm transition-colors file:border-0 file:bg-transparent file:text-sm file:font-medium file:text-foreground placeholder:text-muted-foreground focus-visible:outline-none focus-visible:ring-1 focus-visible:ring-ring disabled:cursor-not-allowed disabled:opacity-50 md:text-sm\"\u001b[39m\n    \u001b[33mid\u001b[39m=\u001b[32m\"email\"\u001b[39m\n    \u001b[33mtype\u001b[39m=\u001b[32m\"email\"\u001b[39m\n    \u001b[33mvalue\u001b[39m=\u001b[32m\"invalid-email\"\u001b[39m\n  \u001b[36m/>\u001b[39m\n\n  --------------------------------------------------\n  button:\n\n  Name \"Login\":\n  \u001b[36m<button\u001b[39m\n    \u001b[33mclass\u001b[39m=\u001b[32m\"inline-flex items-center justify-center gap-2 whitespace-nowrap rounded-md text-sm font-medium transition-all disabled:pointer-events-none disabled:opacity-50 [&_svg]:pointer-events-none [&_svg:not([class*='size-'])]:size-4 shrink-0 [&_svg]:shrink-0 outline-none focus-visible:border-ring focus-visible:ring-ring/50 focus-visible:ring-[3px] aria-invalid:ring-destructive/20 dark:aria-invalid:ring-destructive/40 aria-invalid:border-destructive bg-primary text-primary-foreground hover:bg-primary/90 h-9 px-4 py-2 has-[>svg]:px-3\"\u001b[39m\n    \u001b[33mdata-slot\u001b[39m=\u001b[32m\"button\"\u001b[39m\n    \u001b[33mtype\u001b[39m=\u001b[32m\"submit\"\u001b[39m\n  \u001b[36m/>\u001b[39m\n\n  --------------------------------------------------\n\nIgnored nodes: comments, script, style\n\u001b[36m<body>\u001b[39m\n  \u001b[36m<div>\u001b[39m\n    \u001b[36m<form\u001b[39m\n      \u001b[33maria-label\u001b[39m=\u001b[32m\"Login form\"\u001b[39m\n    \u001b[36m>\u001b[39m\n      \u001b[36m<div\u001b[39m\n        \u001b[33mclass\u001b[39m=\u001b[32m\"space-y-4\"\u001b[39m\n      \u001b[36m>\u001b[39m\n        \u001b[36m<div>\u001b[39m\n          \u001b[36m<label\u001b[39m\n            \u001b[33mclass\u001b[39m=\u001b[32m\"flex items-center gap-2 text-sm leading-none font-medium select-none group-data-[disabled=true]:pointer-events-none group-data-[disabled=true]:opacity-50 peer-disabled:cursor-not-allowed peer-disabled:opacity-50\"\u001b[39m\n            \u001b[33mdata-slot\u001b[39m=\u001b[32m\"label\"\u001b[39m\n            \u001b[33mfor\u001b[39m=\u001b[32m\"email\"\u001b[39m\n          \u001b[36m>\u001b[39m\n            \u001b[0mEmail\u001b[0m\n          \u001b[36m</label>\u001b[39m\n          \u001b[36m<div\u001b[39m\n            \u001b[33mclass\u001b[39m=\u001b[32m\"w-full\"\u001b[39m\n          \u001b[36m>\u001b[39m\n            \u001b[36m<input\u001b[39m\n              \u001b[33maria-invalid\u001b[39m=\u001b[32m\"false\"\u001b[39m\n              \u001b[33mclass\u001b[39m=\u001b[32m\"flex h-9 w-full rounded-md border border-input bg-transparent px-3 py-1 text-base shadow-sm transition-colors file:border-0 file:bg-transparent file:text-sm file:font-medium file:text-foreground placeholder:text-muted-foreground focus-visible:outline-none focus-visible:ring-1 focus-visible:ring-ring disabled:cursor-not-allowed disabled:opacity-50 md:text-sm\"\u001b[39m\n              \u001b[33mid\u001b[39m=\u001b[32m\"email\"\u001b[39m\n              \u001b[33mtype\u001b[39m=\u001b[32m\"email\"\u001b[39m\n              \u001b[33mvalue\u001b[39m=\u001b[32m\"invalid-email\"\u001b[39m\n            \u001b[36m/>\u001b[39m\n          \u001b[36m</div>\u001b[39m\n        \u001b[36m</div>\u001b[39m\n        \u001b[36m<div>\u001b[39m\n          \u001b[36m<label\u001b[39m\n            \u001b[33mclass\u001b[39m=\u001b[32m\"flex items-center gap-2 text-sm leading-none font-medium select-none group-data-[disabled=true]:pointer-events-none group-data-[disabled=true]:opacity-50 peer-disabled:cursor-not-allowed peer-disabled:opacity-50\"\u001b[39m\n            \u001b[33mdata-slot\u001b[39m=\u001b[32m\"label\"\u001b[39m\n            \u001b[33mfor\u001b[39m=\u001b[32m\"password\"\u001b[39m\n          \u001b[36m>\u001b[39m\n            \u001b[0mPassword\u001b[0m\n          \u001b[36m</label>\u001b[39m\n          \u001b[36m<div\u001b[39m\n            \u001b[33mclass\u001b[39m=\u001b[32m\"w-full\"\u001b[39m\n          \u001b[36m>\u001b[39m\n            \u001b[36m<input\u001b[39m\n              \u001b[33maria-invalid\u001b[39m=\u001b[32m\"false\"\u001b[39m\n              \u001b[33mclass\u001b[39m=\u001b[32m\"flex h-9 w-full rounded-md border border-input bg-transparent px-3 py-1 text-base shadow-sm transition-colors file:border-0 file:bg-transparent file:text-sm file:font-medium file:text-foreground placeholder:text-muted-foreground focus-visible:outline-none focus-visible:ring-1 focus-visible:ring-ring disabled:cursor-not-allowed disabled:opacity-50 md:text-sm\"\u001b[39m\n              \u001b[33mid\u001b[39m=\u001b[32m\"password\"\u001b[39m\n              \u001b[33mtype\u001b[39m=\u001b[32m\"password\"\u001b[39m\n              \u001b[33mvalue\u001b[39m=\u001b[32m\"password123\"\u001b[39m\n            \u001b[36m/>\u001b[39m\n          \u001b[36m</div>\u001b[39m\n        \u001b[36m</div>\u001b[39m\n        \u001b[36m<button\u001b[39m\n          \u001b[33mclass\u001b[39m=\u001b[32m\"inline-flex items-center justify-center gap-2 whitespace-nowrap rounded-md text-sm font-medium transition-all disabled:pointer-events-none disabled:opacity-50 [&_svg]:pointer-events-none [&_svg:not([class*='size-'])]:size-4 shrink-0 [&_svg]:shrink-0 outline-none focus-visible:border-ring focus-visible:ring-ring/50 focus-visible:ring-[3px] aria-invalid:ring-destructive/20 dark:aria-invalid:ring-destructive/40 aria-invalid:border-destructive bg-primary text-primary-foreground hover:bg-primary/90 h-9 px-4 py-2 has-[>svg]:px-3\"\u001b[39m\n          \u001b[33mdata-slot\u001b[39m=\u001b[32m\"button\"\u001b[39m\n          \u001b[33mtype\u001b[39m=\u001b[32m\"submit\"\u001b[39m\n        \u001b[36m>\u001b[39m\n          \u001b[0mLogin\u001b[0m\n        \u001b[36m</button>\u001b[39m\n      \u001b[36m</div>\u001b[39m\n    \u001b[36m</form>\u001b[39m\n  \u001b[36m</div>\u001b[39m\n\u001b[36m</body>\u001b[39m\n    at Object.getElementError (C:\\Users\\bsval\\terrafusion_os_1.0\\node_modules\\.pnpm\\@testing-library+dom@8.20.1\\node_modules\\@testing-library\\dom\\dist\\config.js:37:19)\n    at C:\\Users\\bsval\\terrafusion_os_1.0\\node_modules\\.pnpm\\@testing-library+dom@8.20.1\\node_modules\\@testing-library\\dom\\dist\\query-helpers.js:76:38\n    at C:\\Users\\bsval\\terrafusion_os_1.0\\node_modules\\.pnpm\\@testing-library+dom@8.20.1\\node_modules\\@testing-library\\dom\\dist\\query-helpers.js:52:17\n    at C:\\Users\\bsval\\terrafusion_os_1.0\\node_modules\\.pnpm\\@testing-library+dom@8.20.1\\node_modules\\@testing-library\\dom\\dist\\query-helpers.js:95:19\n    at Object.<anonymous> (C:\\Users\\bsval\\terrafusion_os_1.0\\frontend\\apps\\os-shell\\src\\__tests__\\integration\\form-workflows.integration.test.tsx:371:21)"],"fullName":"Integration: Login Form Workflow User Workflow: Validation Errors should validate email format","invocations":1,"location":null,"numPassingAsserts":0,"retryReasons":[],"status":"failed","title":"should validate email format"},{"ancestorTitles":["Integration: Login Form Workflow","User Workflow: Validation Errors"],"duration":443,"failureDetails":[{"name":"TestingLibraryElementError"}],"failureMessages":["TestingLibraryElementError: Unable to find an accessible element with the role \"alert\" and name `/password must be at least 8 characters/i`\n\nHere are the accessible roles:\n\n  form:\n\n  Name \"Login form\":\n  \u001b[36m<form\u001b[39m\n    \u001b[33maria-label\u001b[39m=\u001b[32m\"Login form\"\u001b[39m\n  \u001b[36m/>\u001b[39m\n\n  --------------------------------------------------\n  textbox:\n\n  Name \"Email\":\n  \u001b[36m<input\u001b[39m\n    \u001b[33maria-invalid\u001b[39m=\u001b[32m\"false\"\u001b[39m\n    \u001b[33mclass\u001b[39m=\u001b[32m\"flex h-9 w-full rounded-md border border-input bg-transparent px-3 py-1 text-base shadow-sm transition-colors file:border-0 file:bg-transparent file:text-sm file:font-medium file:text-foreground placeholder:text-muted-foreground focus-visible:outline-none focus-visible:ring-1 focus-visible:ring-ring disabled:cursor-not-allowed disabled:opacity-50 md:text-sm\"\u001b[39m\n    \u001b[33mid\u001b[39m=\u001b[32m\"email\"\u001b[39m\n    \u001b[33mtype\u001b[39m=\u001b[32m\"email\"\u001b[39m\n    \u001b[33mvalue\u001b[39m=\u001b[32m\"user@example.com\"\u001b[39m\n  \u001b[36m/>\u001b[39m\n\n  --------------------------------------------------\n  alert:\n\n  Name \"\":\n  \u001b[36m<p\u001b[39m\n    \u001b[33mclass\u001b[39m=\u001b[32m\"text-red-500 text-sm\"\u001b[39m\n    \u001b[33mid\u001b[39m=\u001b[32m\"password-error\"\u001b[39m\n    \u001b[33mrole\u001b[39m=\u001b[32m\"alert\"\u001b[39m\n  \u001b[36m/>\u001b[39m\n\n  --------------------------------------------------\n  button:\n\n  Name \"Login\":\n  \u001b[36m<button\u001b[39m\n    \u001b[33mclass\u001b[39m=\u001b[32m\"inline-flex items-center justify-center gap-2 whitespace-nowrap rounded-md text-sm font-medium transition-all disabled:pointer-events-none disabled:opacity-50 [&_svg]:pointer-events-none [&_svg:not([class*='size-'])]:size-4 shrink-0 [&_svg]:shrink-0 outline-none focus-visible:border-ring focus-visible:ring-ring/50 focus-visible:ring-[3px] aria-invalid:ring-destructive/20 dark:aria-invalid:ring-destructive/40 aria-invalid:border-destructive bg-primary text-primary-foreground hover:bg-primary/90 h-9 px-4 py-2 has-[>svg]:px-3\"\u001b[39m\n    \u001b[33mdata-slot\u001b[39m=\u001b[32m\"button\"\u001b[39m\n    \u001b[33mtype\u001b[39m=\u001b[32m\"submit\"\u001b[39m\n  \u001b[36m/>\u001b[39m\n\n  --------------------------------------------------\n\nIgnored nodes: comments, script, style\n\u001b[36m<body>\u001b[39m\n  \u001b[36m<div>\u001b[39m\n    \u001b[36m<form\u001b[39m\n      \u001b[33maria-label\u001b[39m=\u001b[32m\"Login form\"\u001b[39m\n    \u001b[36m>\u001b[39m\n      \u001b[36m<div\u001b[39m\n        \u001b[33mclass\u001b[39m=\u001b[32m\"space-y-4\"\u001b[39m\n      \u001b[36m>\u001b[39m\n        \u001b[36m<div>\u001b[39m\n          \u001b[36m<label\u001b[39m\n            \u001b[33mclass\u001b[39m=\u001b[32m\"flex items-center gap-2 text-sm leading-none font-medium select-none group-data-[disabled=true]:pointer-events-none group-data-[disabled=true]:opacity-50 peer-disabled:cursor-not-allowed peer-disabled:opacity-50\"\u001b[39m\n            \u001b[33mdata-slot\u001b[39m=\u001b[32m\"label\"\u001b[39m\n            \u001b[33mfor\u001b[39m=\u001b[32m\"email\"\u001b[39m\n          \u001b[36m>\u001b[39m\n            \u001b[0mEmail\u001b[0m\n          \u001b[36m</label>\u001b[39m\n          \u001b[36m<div\u001b[39m\n            \u001b[33mclass\u001b[39m=\u001b[32m\"w-full\"\u001b[39m\n          \u001b[36m>\u001b[39m\n            \u001b[36m<input\u001b[39m\n              \u001b[33maria-invalid\u001b[39m=\u001b[32m\"false\"\u001b[39m\n              \u001b[33mclass\u001b[39m=\u001b[32m\"flex h-9 w-full rounded-md border border-input bg-transparent px-3 py-1 text-base shadow-sm transition-colors file:border-0 file:bg-transparent file:text-sm file:font-medium file:text-foreground placeholder:text-muted-foreground focus-visible:outline-none focus-visible:ring-1 focus-visible:ring-ring disabled:cursor-not-allowed disabled:opacity-50 md:text-sm\"\u001b[39m\n              \u001b[33mid\u001b[39m=\u001b[32m\"email\"\u001b[39m\n              \u001b[33mtype\u001b[39m=\u001b[32m\"email\"\u001b[39m\n              \u001b[33mvalue\u001b[39m=\u001b[32m\"user@example.com\"\u001b[39m\n            \u001b[36m/>\u001b[39m\n          \u001b[36m</div>\u001b[39m\n        \u001b[36m</div>\u001b[39m\n        \u001b[36m<div>\u001b[39m\n          \u001b[36m<label\u001b[39m\n            \u001b[33mclass\u001b[39m=\u001b[32m\"flex items-center gap-2 text-sm leading-none font-medium select-none group-data-[disabled=true]:pointer-events-none group-data-[disabled=true]:opacity-50 peer-disabled:cursor-not-allowed peer-disabled:opacity-50\"\u001b[39m\n            \u001b[33mdata-slot\u001b[39m=\u001b[32m\"label\"\u001b[39m\n            \u001b[33mfor\u001b[39m=\u001b[32m\"password\"\u001b[39m\n          \u001b[36m>\u001b[39m\n            \u001b[0mPassword\u001b[0m\n          \u001b[36m</label>\u001b[39m\n          \u001b[36m<div\u001b[39m\n            \u001b[33mclass\u001b[39m=\u001b[32m\"w-full\"\u001b[39m\n          \u001b[36m>\u001b[39m\n            \u001b[36m<input\u001b[39m\n              \u001b[33maria-describedby\u001b[39m=\u001b[32m\"password-error\"\u001b[39m\n              \u001b[33maria-invalid\u001b[39m=\u001b[32m\"true\"\u001b[39m\n              \u001b[33mclass\u001b[39m=\u001b[32m\"flex h-9 w-full rounded-md border border-input bg-transparent px-3 py-1 text-base shadow-sm transition-colors file:border-0 file:bg-transparent file:text-sm file:font-medium file:text-foreground placeholder:text-muted-foreground focus-visible:outline-none focus-visible:ring-1 focus-visible:ring-ring disabled:cursor-not-allowed disabled:opacity-50 md:text-sm\"\u001b[39m\n              \u001b[33mid\u001b[39m=\u001b[32m\"password\"\u001b[39m\n              \u001b[33mtype\u001b[39m=\u001b[32m\"password\"\u001b[39m\n              \u001b[33mvalue\u001b[39m=\u001b[32m\"short\"\u001b[39m\n            \u001b[36m/>\u001b[39m\n          \u001b[36m</div>\u001b[39m\n          \u001b[36m<p\u001b[39m\n            \u001b[33mclass\u001b[39m=\u001b[32m\"text-red-500 text-sm\"\u001b[39m\n            \u001b[33mid\u001b[39m=\u001b[32m\"password-error\"\u001b[39m\n            \u001b[33mrole\u001b[39m=\u001b[32m\"alert\"\u001b[39m\n          \u001b[36m>\u001b[39m\n            \u001b[0mPassword must be at least 8 characters\u001b[0m\n          \u001b[36m</p>\u001b[39m\n        \u001b[36m</div>\u001b[39m\n        \u001b[36m<button\u001b[39m\n          \u001b[33mclass\u001b[39m=\u001b[32m\"inline-flex items-center justify-center gap-2 whitespace-nowrap rounded-md text-sm font-medium transition-all disabled:pointer-events-none disabled:opacity-50 [&_svg]:pointer-events-none [&_svg:not([class*='size-'])]:size-4 shrink-0 [&_svg]:shrink-0 outline-none focus-visible:border-ring focus-visible:ring-ring/50 focus-visible:ring-[3px] aria-invalid:ring-destructive/20 dark:aria-invalid:ring-destructive/40 aria-invalid:border-destructive bg-primary text-primary-foreground hover:bg-primary/90 h-9 px-4 py-2 has-[>svg]:px-3\"\u001b[39m\n          \u001b[33mdata-slot\u001b[39m=\u001b[32m\"button\"\u001b[39m\n          \u001b[33mtype\u001b[39m=\u001b[32m\"submit\"\u001b[39m\n        \u001b[36m>\u001b[39m\n          \u001b[0mLogin\u001b[0m\n        \u001b[36m</button>\u001b[39m\n      \u001b[36m</div>\u001b[39m\n    \u001b[36m</form>\u001b[39m\n  \u001b[36m</div>\u001b[39m\n\u001b[36m</body>\u001b[39m\n    at Object.getElementError (C:\\Users\\bsval\\terrafusion_os_1.0\\node_modules\\.pnpm\\@testing-library+dom@8.20.1\\node_modules\\@testing-library\\dom\\dist\\config.js:37:19)\n    at C:\\Users\\bsval\\terrafusion_os_1.0\\node_modules\\.pnpm\\@testing-library+dom@8.20.1\\node_modules\\@testing-library\\dom\\dist\\query-helpers.js:76:38\n    at C:\\Users\\bsval\\terrafusion_os_1.0\\node_modules\\.pnpm\\@testing-library+dom@8.20.1\\node_modules\\@testing-library\\dom\\dist\\query-helpers.js:52:17\n    at C:\\Users\\bsval\\terrafusion_os_1.0\\node_modules\\.pnpm\\@testing-library+dom@8.20.1\\node_modules\\@testing-library\\dom\\dist\\query-helpers.js:95:19\n    at Object.<anonymous> (C:\\Users\\bsval\\terrafusion_os_1.0\\frontend\\apps\\os-shell\\src\\__tests__\\integration\\form-workflows.integration.test.tsx:387:16)"],"fullName":"Integration: Login Form Workflow User Workflow: Validation Errors should validate password length","invocations":1,"location":null,"numPassingAsserts":0,"retryReasons":[],"status":"failed","title":"should validate password length"},{"ancestorTitles":["Integration: Login Form Workflow","User Workflow: Validation Errors"],"duration":58,"failureDetails":[{"name":"TestingLibraryElementError"}],"failureMessages":["TestingLibraryElementError: Unable to find an accessible element with the role \"alert\" and name `/email is required/i`\n\nHere are the accessible roles:\n\n  form:\n\n  Name \"Login form\":\n  \u001b[36m<form\u001b[39m\n    \u001b[33maria-label\u001b[39m=\u001b[32m\"Login form\"\u001b[39m\n  \u001b[36m/>\u001b[39m\n\n  --------------------------------------------------\n  textbox:\n\n  Name \"Email\":\n  \u001b[36m<input\u001b[39m\n    \u001b[33maria-describedby\u001b[39m=\u001b[32m\"email-error\"\u001b[39m\n    \u001b[33maria-invalid\u001b[39m=\u001b[32m\"true\"\u001b[39m\n    \u001b[33mclass\u001b[39m=\u001b[32m\"flex h-9 w-full rounded-md border border-input bg-transparent px-3 py-1 text-base shadow-sm transition-colors file:border-0 file:bg-transparent file:text-sm file:font-medium file:text-foreground placeholder:text-muted-foreground focus-visible:outline-none focus-visible:ring-1 focus-visible:ring-ring disabled:cursor-not-allowed disabled:opacity-50 md:text-sm\"\u001b[39m\n    \u001b[33mid\u001b[39m=\u001b[32m\"email\"\u001b[39m\n    \u001b[33mtype\u001b[39m=\u001b[32m\"email\"\u001b[39m\n    \u001b[33mvalue\u001b[39m=\u001b[32m\"\"\u001b[39m\n  \u001b[36m/>\u001b[39m\n\n  --------------------------------------------------\n  alert:\n\n  Name \"\":\n  \u001b[36m<p\u001b[39m\n    \u001b[33mclass\u001b[39m=\u001b[32m\"text-red-500 text-sm\"\u001b[39m\n    \u001b[33mid\u001b[39m=\u001b[32m\"email-error\"\u001b[39m\n    \u001b[33mrole\u001b[39m=\u001b[32m\"alert\"\u001b[39m\n  \u001b[36m/>\u001b[39m\n\n  Name \"\":\n  \u001b[36m<p\u001b[39m\n    \u001b[33mclass\u001b[39m=\u001b[32m\"text-red-500 text-sm\"\u001b[39m\n    \u001b[33mid\u001b[39m=\u001b[32m\"password-error\"\u001b[39m\n    \u001b[33mrole\u001b[39m=\u001b[32m\"alert\"\u001b[39m\n  \u001b[36m/>\u001b[39m\n\n  --------------------------------------------------\n  button:\n\n  Name \"Login\":\n  \u001b[36m<button\u001b[39m\n    \u001b[33mclass\u001b[39m=\u001b[32m\"inline-flex items-center justify-center gap-2 whitespace-nowrap rounded-md text-sm font-medium transition-all disabled:pointer-events-none disabled:opacity-50 [&_svg]:pointer-events-none [&_svg:not([class*='size-'])]:size-4 shrink-0 [&_svg]:shrink-0 outline-none focus-visible:border-ring focus-visible:ring-ring/50 focus-visible:ring-[3px] aria-invalid:ring-destructive/20 dark:aria-invalid:ring-destructive/40 aria-invalid:border-destructive bg-primary text-primary-foreground hover:bg-primary/90 h-9 px-4 py-2 has-[>svg]:px-3\"\u001b[39m\n    \u001b[33mdata-slot\u001b[39m=\u001b[32m\"button\"\u001b[39m\n    \u001b[33mtype\u001b[39m=\u001b[32m\"submit\"\u001b[39m\n  \u001b[36m/>\u001b[39m\n\n  --------------------------------------------------\n\nIgnored nodes: comments, script, style\n\u001b[36m<body>\u001b[39m\n  \u001b[36m<div>\u001b[39m\n    \u001b[36m<form\u001b[39m\n      \u001b[33maria-label\u001b[39m=\u001b[32m\"Login form\"\u001b[39m\n    \u001b[36m>\u001b[39m\n      \u001b[36m<div\u001b[39m\n        \u001b[33mclass\u001b[39m=\u001b[32m\"space-y-4\"\u001b[39m\n      \u001b[36m>\u001b[39m\n        \u001b[36m<div>\u001b[39m\n          \u001b[36m<label\u001b[39m\n            \u001b[33mclass\u001b[39m=\u001b[32m\"flex items-center gap-2 text-sm leading-none font-medium select-none group-data-[disabled=true]:pointer-events-none group-data-[disabled=true]:opacity-50 peer-disabled:cursor-not-allowed peer-disabled:opacity-50\"\u001b[39m\n            \u001b[33mdata-slot\u001b[39m=\u001b[32m\"label\"\u001b[39m\n            \u001b[33mfor\u001b[39m=\u001b[32m\"email\"\u001b[39m\n          \u001b[36m>\u001b[39m\n            \u001b[0mEmail\u001b[0m\n          \u001b[36m</label>\u001b[39m\n          \u001b[36m<div\u001b[39m\n            \u001b[33mclass\u001b[39m=\u001b[32m\"w-full\"\u001b[39m\n          \u001b[36m>\u001b[39m\n            \u001b[36m<input\u001b[39m\n              \u001b[33maria-describedby\u001b[39m=\u001b[32m\"email-error\"\u001b[39m\n              \u001b[33maria-invalid\u001b[39m=\u001b[32m\"true\"\u001b[39m\n              \u001b[33mclass\u001b[39m=\u001b[32m\"flex h-9 w-full rounded-md border border-input bg-transparent px-3 py-1 text-base shadow-sm transition-colors file:border-0 file:bg-transparent file:text-sm file:font-medium file:text-foreground placeholder:text-muted-foreground focus-visible:outline-none focus-visible:ring-1 focus-visible:ring-ring disabled:cursor-not-allowed disabled:opacity-50 md:text-sm\"\u001b[39m\n              \u001b[33mid\u001b[39m=\u001b[32m\"email\"\u001b[39m\n              \u001b[33mtype\u001b[39m=\u001b[32m\"email\"\u001b[39m\n              \u001b[33mvalue\u001b[39m=\u001b[32m\"\"\u001b[39m\n            \u001b[36m/>\u001b[39m\n          \u001b[36m</div>\u001b[39m\n          \u001b[36m<p\u001b[39m\n            \u001b[33mclass\u001b[39m=\u001b[32m\"text-red-500 text-sm\"\u001b[39m\n            \u001b[33mid\u001b[39m=\u001b[32m\"email-error\"\u001b[39m\n            \u001b[33mrole\u001b[39m=\u001b[32m\"alert\"\u001b[39m\n          \u001b[36m>\u001b[39m\n            \u001b[0mEmail is required\u001b[0m\n          \u001b[36m</p>\u001b[39m\n        \u001b[36m</div>\u001b[39m\n        \u001b[36m<div>\u001b[39m\n          \u001b[36m<label\u001b[39m\n            \u001b[33mclass\u001b[39m=\u001b[32m\"flex items-center gap-2 text-sm leading-none font-medium select-none group-data-[disabled=true]:pointer-events-none group-data-[disabled=true]:opacity-50 peer-disabled:cursor-not-allowed peer-disabled:opacity-50\"\u001b[39m\n            \u001b[33mdata-slot\u001b[39m=\u001b[32m\"label\"\u001b[39m\n            \u001b[33mfor\u001b[39m=\u001b[32m\"password\"\u001b[39m\n          \u001b[36m>\u001b[39m\n            \u001b[0mPassword\u001b[0m\n          \u001b[36m</label>\u001b[39m\n          \u001b[36m<div\u001b[39m\n            \u001b[33mclass\u001b[39m=\u001b[32m\"w-full\"\u001b[39m\n          \u001b[36m>\u001b[39m\n            \u001b[36m<input\u001b[39m\n              \u001b[33maria-describedby\u001b[39m=\u001b[32m\"password-error\"\u001b[39m\n              \u001b[33maria-invalid\u001b[39m=\u001b[32m\"true\"\u001b[39m\n              \u001b[33mclass\u001b[39m=\u001b[32m\"flex h-9 w-full rounded-md border border-input bg-transparent px-3 py-1 text-base shadow-sm transition-colors file:border-0 file:bg-transparent file:text-sm file:font-medium file:text-foreground placeholder:text-muted-foreground focus-visible:outline-none focus-visible:ring-1 focus-visible:ring-ring disabled:cursor-not-allowed disabled:opacity-50 md:text-sm\"\u001b[39m\n              \u001b[33mid\u001b[39m=\u001b[32m\"password\"\u001b[39m\n              \u001b[33mtype\u001b[39m=\u001b[32m\"password\"\u001b[39m\n              \u001b[33mvalue\u001b[39m=\u001b[32m\"\"\u001b[39m\n            \u001b[36m/>\u001b[39m\n          \u001b[36m</div>\u001b[39m\n          \u001b[36m<p\u001b[39m\n            \u001b[33mclass\u001b[39m=\u001b[32m\"text-red-500 text-sm\"\u001b[39m\n            \u001b[33mid\u001b[39m=\u001b[32m\"password-error\"\u001b[39m\n            \u001b[33mrole\u001b[39m=\u001b[32m\"alert\"\u001b[39m\n          \u001b[36m>\u001b[39m\n            \u001b[0mPassword is required\u001b[0m\n          \u001b[36m</p>\u001b[39m\n        \u001b[36m</div>\u001b[39m\n        \u001b[36m<button\u001b[39m\n          \u001b[33mclass\u001b[39m=\u001b[32m\"inline-flex items-center justify-center gap-2 whitespace-nowrap rounded-md text-sm font-medium transition-all disabled:pointer-events-none disabled:opacity-50 [&_svg]:pointer-events-none [&_svg:not([class*='size-'])]:size-4 shrink-0 [&_svg]:shrink-0 outline-none focus-visible:border-ring focus-visible:ring-ring/50 focus-visible:ring-[3px] aria-invalid:ring-destructive/20 dark:aria-invalid:ring-destructive/40 aria-invalid:border-destructive bg-primary text-primary-foreground hover:bg-primary/90 h-9 px-4 py-2 has-[>svg]:px-3\"\u001b[39m\n          \u001b[33mdata-slot\u001b[39m=\u001b[32m\"button\"\u001b[39m\n          \u001b[33mtype\u001b[39m=\u001b[32m\"submit\"\u001b[39m\n        \u001b[36m>\u001b[39m\n          \u001b[0mLogin\u001b[0m\n        \u001b[36m</button>\u001b[39m\n      \u001b[36m</div>\u001b[39m\n    \u001b[36m</form>\u001b[39m\n  \u001b[36m</div>\u001b[39m\n\u001b[36m</body>\u001b[39m\n    at Object.getElementError (C:\\Users\\bsval\\terrafusion_os_1.0\\node_modules\\.pnpm\\@testing-library+dom@8.20.1\\node_modules\\@testing-library\\dom\\dist\\config.js:37:19)\n    at C:\\Users\\bsval\\terrafusion_os_1.0\\node_modules\\.pnpm\\@testing-library+dom@8.20.1\\node_modules\\@testing-library\\dom\\dist\\query-helpers.js:76:38\n    at C:\\Users\\bsval\\terrafusion_os_1.0\\node_modules\\.pnpm\\@testing-library+dom@8.20.1\\node_modules\\@testing-library\\dom\\dist\\query-helpers.js:52:17\n    at C:\\Users\\bsval\\terrafusion_os_1.0\\node_modules\\.pnpm\\@testing-library+dom@8.20.1\\node_modules\\@testing-library\\dom\\dist\\query-helpers.js:95:19\n    at Object.<anonymous> (C:\\Users\\bsval\\terrafusion_os_1.0\\frontend\\apps\\os-shell\\src\\__tests__\\integration\\form-workflows.integration.test.tsx:399:21)"],"fullName":"Integration: Login Form Workflow User Workflow: Validation Errors should clear errors when user corrects input","invocations":1,"location":null,"numPassingAsserts":0,"retryReasons":[],"status":"failed","title":"should clear errors when user corrects input"},{"ancestorTitles":["Integration: Login Form Workflow","Accessibility: Form Integration"],"duration":56,"failureDetails":[],"failureMessages":[],"fullName":"Integration: Login Form Workflow Accessibility: Form Integration should have no accessibility violations","invocations":1,"location":null,"numPassingAsserts":1,"retryReasons":[],"status":"passed","title":"should have no accessibility violations"},{"ancestorTitles":["Integration: Login Form Workflow","Accessibility: Form Integration"],"duration":57,"failureDetails":[],"failureMessages":[],"fullName":"Integration: Login Form Workflow Accessibility: Form Integration should have no accessibility violations with errors","invocations":1,"location":null,"numPassingAsserts":1,"retryReasons":[],"status":"passed","title":"should have no accessibility violations with errors"},{"ancestorTitles":["Integration: Login Form Workflow","Accessibility: Form Integration"],"duration":42,"failureDetails":[],"failureMessages":[],"fullName":"Integration: Login Form Workflow Accessibility: Form Integration should connect error messages to inputs via aria-describedby","invocations":1,"location":null,"numPassingAsserts":4,"retryReasons":[],"status":"passed","title":"should connect error messages to inputs via aria-describedby"},{"ancestorTitles":["Integration: Login Form Workflow","Real-world Workflow: User Corrections"],"duration":796,"failureDetails":[],"failureMessages":[],"fullName":"Integration: Login Form Workflow Real-world Workflow: User Corrections should handle user typing, backspacing, and retyping","invocations":1,"location":null,"numPassingAsserts":3,"retryReasons":[],"status":"passed","title":"should handle user typing, backspacing, and retyping"},{"ancestorTitles":["Integration: Contact Form Workflow","Component Integration"],"duration":13,"failureDetails":[],"failureMessages":[],"fullName":"Integration: Contact Form Workflow Component Integration should render all form components together","invocations":1,"location":null,"numPassingAsserts":4,"retryReasons":[],"status":"passed","title":"should render all form components together"},{"ancestorTitles":["Integration: Contact Form Workflow","User Workflow: Valid Submission"],"duration":1076,"failureDetails":[],"failureMessages":[],"fullName":"Integration: Contact Form Workflow User Workflow: Valid Submission should handle complete form submission with checkbox","invocations":1,"location":null,"numPassingAsserts":1,"retryReasons":[],"status":"passed","title":"should handle complete form submission with checkbox"},{"ancestorTitles":["Integration: Contact Form Workflow","User Workflow: Valid Submission"],"duration":589,"failureDetails":[{"name":"TestingLibraryElementError"}],"failureMessages":["TestingLibraryElementError: Unable to find an accessible element with the role \"alert\" and name `/you must agree to the terms/i`\n\nHere are the accessible roles:\n\n  form:\n\n  Name \"Contact form\":\n  \u001b[36m<form\u001b[39m\n    \u001b[33maria-label\u001b[39m=\u001b[32m\"Contact form\"\u001b[39m\n  \u001b[36m/>\u001b[39m\n\n  --------------------------------------------------\n  textbox:\n\n  Name \"Name\":\n  \u001b[36m<input\u001b[39m\n    \u001b[33maria-invalid\u001b[39m=\u001b[32m\"false\"\u001b[39m\n    \u001b[33mclass\u001b[39m=\u001b[32m\"flex h-9 w-full rounded-md border border-input bg-transparent px-3 py-1 text-base shadow-sm transition-colors file:border-0 file:bg-transparent file:text-sm file:font-medium file:text-foreground placeholder:text-muted-foreground focus-visible:outline-none focus-visible:ring-1 focus-visible:ring-ring disabled:cursor-not-allowed disabled:opacity-50 md:text-sm\"\u001b[39m\n    \u001b[33mid\u001b[39m=\u001b[32m\"name\"\u001b[39m\n    \u001b[33mvalue\u001b[39m=\u001b[32m\"John Doe\"\u001b[39m\n  \u001b[36m/>\u001b[39m\n\n  Name \"Message\":\n  \u001b[36m<textarea\u001b[39m\n    \u001b[33maria-invalid\u001b[39m=\u001b[32m\"false\"\u001b[39m\n    \u001b[33mclass\u001b[39m=\u001b[32m\"flex min-h-[60px] w-full rounded-md border border-input bg-transparent px-3 py-2 text-base shadow-sm placeholder:text-muted-foreground focus-visible:outline-none focus-visible:ring-1 focus-visible:ring-ring disabled:cursor-not-allowed disabled:opacity-50 md:text-sm\"\u001b[39m\n    \u001b[33mid\u001b[39m=\u001b[32m\"message\"\u001b[39m\n    \u001b[33mrows\u001b[39m=\u001b[32m\"4\"\u001b[39m\n  \u001b[36m/>\u001b[39m\n\n  --------------------------------------------------\n  checkbox:\n\n  Name \"I agree to the terms and conditions\":\n  \u001b[36m<button\u001b[39m\n    \u001b[33maria-checked\u001b[39m=\u001b[32m\"false\"\u001b[39m\n    \u001b[33maria-describedby\u001b[39m=\u001b[32m\"agree-error\"\u001b[39m\n    \u001b[33maria-invalid\u001b[39m=\u001b[32m\"true\"\u001b[39m\n    \u001b[33mclass\u001b[39m=\u001b[32m\"peer h-4 w-4 shrink-0 rounded-sm border border-primary shadow focus-visible:outline-none focus-visible:ring-1 focus-visible:ring-ring disabled:cursor-not-allowed disabled:opacity-50 data-[state=checked]:bg-primary data-[state=checked]:text-primary-foreground\"\u001b[39m\n    \u001b[33mdata-state\u001b[39m=\u001b[32m\"unchecked\"\u001b[39m\n    \u001b[33mid\u001b[39m=\u001b[32m\"agree\"\u001b[39m\n    \u001b[33mrole\u001b[39m=\u001b[32m\"checkbox\"\u001b[39m\n    \u001b[33mtype\u001b[39m=\u001b[32m\"button\"\u001b[39m\n    \u001b[33mvalue\u001b[39m=\u001b[32m\"on\"\u001b[39m\n  \u001b[36m/>\u001b[39m\n\n  --------------------------------------------------\n  alert:\n\n  Name \"\":\n  \u001b[36m<p\u001b[39m\n    \u001b[33mclass\u001b[39m=\u001b[32m\"text-red-500 text-sm\"\u001b[39m\n    \u001b[33mid\u001b[39m=\u001b[32m\"agree-error\"\u001b[39m\n    \u001b[33mrole\u001b[39m=\u001b[32m\"alert\"\u001b[39m\n  \u001b[36m/>\u001b[39m\n\n  --------------------------------------------------\n  button:\n\n  Name \"Submit\":\n  \u001b[36m<button\u001b[39m\n    \u001b[33mclass\u001b[39m=\u001b[32m\"inline-flex items-center justify-center gap-2 whitespace-nowrap rounded-md text-sm font-medium transition-all disabled:pointer-events-none disabled:opacity-50 [&_svg]:pointer-events-none [&_svg:not([class*='size-'])]:size-4 shrink-0 [&_svg]:shrink-0 outline-none focus-visible:border-ring focus-visible:ring-ring/50 focus-visible:ring-[3px] aria-invalid:ring-destructive/20 dark:aria-invalid:ring-destructive/40 aria-invalid:border-destructive bg-primary text-primary-foreground hover:bg-primary/90 h-9 px-4 py-2 has-[>svg]:px-3\"\u001b[39m\n    \u001b[33mdata-slot\u001b[39m=\u001b[32m\"button\"\u001b[39m\n    \u001b[33mtype\u001b[39m=\u001b[32m\"submit\"\u001b[39m\n  \u001b[36m/>\u001b[39m\n\n  --------------------------------------------------\n\nIgnored nodes: comments, script, style\n\u001b[36m<body>\u001b[39m\n  \u001b[36m<div>\u001b[39m\n    \u001b[36m<form\u001b[39m\n      \u001b[33maria-label\u001b[39m=\u001b[32m\"Contact form\"\u001b[39m\n    \u001b[36m>\u001b[39m\n      \u001b[36m<div\u001b[39m\n        \u001b[33mclass\u001b[39m=\u001b[32m\"space-y-4\"\u001b[39m\n      \u001b[36m>\u001b[39m\n        \u001b[36m<div>\u001b[39m\n          \u001b[36m<label\u001b[39m\n            \u001b[33mclass\u001b[39m=\u001b[32m\"flex items-center gap-2 text-sm leading-none font-medium select-none group-data-[disabled=true]:pointer-events-none group-data-[disabled=true]:opacity-50 peer-disabled:cursor-not-allowed peer-disabled:opacity-50\"\u001b[39m\n            \u001b[33mdata-slot\u001b[39m=\u001b[32m\"label\"\u001b[39m\n            \u001b[33mfor\u001b[39m=\u001b[32m\"name\"\u001b[39m\n          \u001b[36m>\u001b[39m\n            \u001b[0mName\u001b[0m\n          \u001b[36m</label>\u001b[39m\n          \u001b[36m<div\u001b[39m\n            \u001b[33mclass\u001b[39m=\u001b[32m\"w-full\"\u001b[39m\n          \u001b[36m>\u001b[39m\n            \u001b[36m<input\u001b[39m\n              \u001b[33maria-invalid\u001b[39m=\u001b[32m\"false\"\u001b[39m\n              \u001b[33mclass\u001b[39m=\u001b[32m\"flex h-9 w-full rounded-md border border-input bg-transparent px-3 py-1 text-base shadow-sm transition-colors file:border-0 file:bg-transparent file:text-sm file:font-medium file:text-foreground placeholder:text-muted-foreground focus-visible:outline-none focus-visible:ring-1 focus-visible:ring-ring disabled:cursor-not-allowed disabled:opacity-50 md:text-sm\"\u001b[39m\n              \u001b[33mid\u001b[39m=\u001b[32m\"name\"\u001b[39m\n              \u001b[33mvalue\u001b[39m=\u001b[32m\"John Doe\"\u001b[39m\n            \u001b[36m/>\u001b[39m\n          \u001b[36m</div>\u001b[39m\n        \u001b[36m</div>\u001b[39m\n        \u001b[36m<div>\u001b[39m\n          \u001b[36m<label\u001b[39m\n            \u001b[33mclass\u001b[39m=\u001b[32m\"flex items-center gap-2 text-sm leading-none font-medium select-none group-data-[disabled=true]:pointer-events-none group-data-[disabled=true]:opacity-50 peer-disabled:cursor-not-allowed peer-disabled:opacity-50\"\u001b[39m\n            \u001b[33mdata-slot\u001b[39m=\u001b[32m\"label\"\u001b[39m\n            \u001b[33mfor\u001b[39m=\u001b[32m\"message\"\u001b[39m\n          \u001b[36m>\u001b[39m\n            \u001b[0mMessage\u001b[0m\n          \u001b[36m</label>\u001b[39m\n          \u001b[36m<textarea\u001b[39m\n            \u001b[33maria-invalid\u001b[39m=\u001b[32m\"false\"\u001b[39m\n            \u001b[33mclass\u001b[39m=\u001b[32m\"flex min-h-[60px] w-full rounded-md border border-input bg-transparent px-3 py-2 text-base shadow-sm placeholder:text-muted-foreground focus-visible:outline-none focus-visible:ring-1 focus-visible:ring-ring disabled:cursor-not-allowed disabled:opacity-50 md:text-sm\"\u001b[39m\n            \u001b[33mid\u001b[39m=\u001b[32m\"message\"\u001b[39m\n            \u001b[33mrows\u001b[39m=\u001b[32m\"4\"\u001b[39m\n          \u001b[36m>\u001b[39m\n            \u001b[0mThis is a test message.\u001b[0m\n          \u001b[36m</textarea>\u001b[39m\n        \u001b[36m</div>\u001b[39m\n        \u001b[36m<div\u001b[39m\n          \u001b[33mclass\u001b[39m=\u001b[32m\"flex items-center space-x-2\"\u001b[39m\n        \u001b[36m>\u001b[39m\n          \u001b[36m<button\u001b[39m\n            \u001b[33maria-checked\u001b[39m=\u001b[32m\"false\"\u001b[39m\n            \u001b[33maria-describedby\u001b[39m=\u001b[32m\"agree-error\"\u001b[39m\n            \u001b[33maria-invalid\u001b[39m=\u001b[32m\"true\"\u001b[39m\n            \u001b[33mclass\u001b[39m=\u001b[32m\"peer h-4 w-4 shrink-0 rounded-sm border border-primary shadow focus-visible:outline-none focus-visible:ring-1 focus-visible:ring-ring disabled:cursor-not-allowed disabled:opacity-50 data-[state=checked]:bg-primary data-[state=checked]:text-primary-foreground\"\u001b[39m\n            \u001b[33mdata-state\u001b[39m=\u001b[32m\"unchecked\"\u001b[39m\n            \u001b[33mid\u001b[39m=\u001b[32m\"agree\"\u001b[39m\n            \u001b[33mrole\u001b[39m=\u001b[32m\"checkbox\"\u001b[39m\n            \u001b[33mtype\u001b[39m=\u001b[32m\"button\"\u001b[39m\n            \u001b[33mvalue\u001b[39m=\u001b[32m\"on\"\u001b[39m\n          \u001b[36m/>\u001b[39m\n          \u001b[36m<input\u001b[39m\n            \u001b[33maria-hidden\u001b[39m=\u001b[32m\"true\"\u001b[39m\n            \u001b[33mstyle\u001b[39m=\u001b[32m\"position: absolute; pointer-events: none; opacity: 0; margin: 0px; transform: translateX(-100%); width: 0px; height: 0px;\"\u001b[39m\n            \u001b[33mtabindex\u001b[39m=\u001b[32m\"-1\"\u001b[39m\n            \u001b[33mtype\u001b[39m=\u001b[32m\"checkbox\"\u001b[39m\n            \u001b[33mvalue\u001b[39m=\u001b[32m\"on\"\u001b[39m\n          \u001b[36m/>\u001b[39m\n          \u001b[36m<label\u001b[39m\n            \u001b[33mclass\u001b[39m=\u001b[32m\"flex items-center gap-2 text-sm leading-none font-medium select-none group-data-[disabled=true]:pointer-events-none group-data-[disabled=true]:opacity-50 peer-disabled:cursor-not-allowed peer-disabled:opacity-50\"\u001b[39m\n            \u001b[33mdata-slot\u001b[39m=\u001b[32m\"label\"\u001b[39m\n            \u001b[33mfor\u001b[39m=\u001b[32m\"agree\"\u001b[39m\n          \u001b[36m>\u001b[39m\n            \u001b[0mI agree to the terms and conditions\u001b[0m\n          \u001b[36m</label>\u001b[39m\n        \u001b[36m</div>\u001b[39m\n        \u001b[36m<p\u001b[39m\n          \u001b[33mclass\u001b[39m=\u001b[32m\"text-red-500 text-sm\"\u001b[39m\n          \u001b[33mid\u001b[39m=\u001b[32m\"agree-error\"\u001b[39m\n          \u001b[33mrole\u001b[39m=\u001b[32m\"alert\"\u001b[39m\n        \u001b[36m>\u001b[39m\n          \u001b[0mYou must agree to the terms\u001b[0m\n        \u001b[36m</p>\u001b[39m\n        \u001b[36m<button\u001b[39m\n          \u001b[33mclass\u001b[39m=\u001b[32m\"inline-flex items-center justify-center gap-2 whitespace-nowrap rounded-md text-sm font-medium transition-all disabled:pointer-events-none disabled:opacity-50 [&_svg]:pointer-events-none [&_svg:not([class*='size-'])]:size-4 shrink-0 [&_svg]:shrink-0 outline-none focus-visible:border-ring focus-visible:ring-ring/50 focus-visible:ring-[3px] aria-invalid:ring-destructive/20 dark:aria-invalid:ring-destructive/40 aria-invalid:border-destructive bg-primary text-primary-foreground hover:bg-primary/90 h-9 px-4 py-2 has-[>svg]:px-3\"\u001b[39m\n          \u001b[33mdata-slot\u001b[39m=\u001b[32m\"button\"\u001b[39m\n          \u001b[33mtype\u001b[39m=\u001b[32m\"submit\"\u001b[39m\n        \u001b[36m>\u001b[39m\n          \u001b[0mSubmit\u001b[0m\n        \u001b[36m</button>\u001b[39m\n      \u001b[36m</div>\u001b[39m\n    \u001b[36m</form>\u001b[39m\n  \u001b[36m</div>\u001b[39m\n\u001b[36m</body>\u001b[39m\n    at Object.getElementError (C:\\Users\\bsval\\terrafusion_os_1.0\\node_modules\\.pnpm\\@testing-library+dom@8.20.1\\node_modules\\@testing-library\\dom\\dist\\config.js:37:19)\n    at C:\\Users\\bsval\\terrafusion_os_1.0\\node_modules\\.pnpm\\@testing-library+dom@8.20.1\\node_modules\\@testing-library\\dom\\dist\\query-helpers.js:76:38\n    at C:\\Users\\bsval\\terrafusion_os_1.0\\node_modules\\.pnpm\\@testing-library+dom@8.20.1\\node_modules\\@testing-library\\dom\\dist\\query-helpers.js:52:17\n    at C:\\Users\\bsval\\terrafusion_os_1.0\\node_modules\\.pnpm\\@testing-library+dom@8.20.1\\node_modules\\@testing-library\\dom\\dist\\query-helpers.js:95:19\n    at Object.<anonymous> (C:\\Users\\bsval\\terrafusion_os_1.0\\frontend\\apps\\os-shell\\src\\__tests__\\integration\\form-workflows.integration.test.tsx:533:16)"],"fullName":"Integration: Contact Form Workflow User Workflow: Valid Submission should require checkbox to be checked","invocations":1,"location":null,"numPassingAsserts":0,"retryReasons":[],"status":"failed","title":"should require checkbox to be checked"},{"ancestorTitles":["Integration: Contact Form Workflow","User Workflow: Textarea Validation"],"duration":401,"failureDetails":[{"name":"TestingLibraryElementError"}],"failureMessages":["TestingLibraryElementError: Unable to find an accessible element with the role \"alert\" and name `/message must be at least 10 characters/i`\n\nHere are the accessible roles:\n\n  form:\n\n  Name \"Contact form\":\n  \u001b[36m<form\u001b[39m\n    \u001b[33maria-label\u001b[39m=\u001b[32m\"Contact form\"\u001b[39m\n  \u001b[36m/>\u001b[39m\n\n  --------------------------------------------------\n  textbox:\n\n  Name \"Name\":\n  \u001b[36m<input\u001b[39m\n    \u001b[33maria-invalid\u001b[39m=\u001b[32m\"false\"\u001b[39m\n    \u001b[33mclass\u001b[39m=\u001b[32m\"flex h-9 w-full rounded-md border border-input bg-transparent px-3 py-1 text-base shadow-sm transition-colors file:border-0 file:bg-transparent file:text-sm file:font-medium file:text-foreground placeholder:text-muted-foreground focus-visible:outline-none focus-visible:ring-1 focus-visible:ring-ring disabled:cursor-not-allowed disabled:opacity-50 md:text-sm\"\u001b[39m\n    \u001b[33mid\u001b[39m=\u001b[32m\"name\"\u001b[39m\n    \u001b[33mvalue\u001b[39m=\u001b[32m\"John Doe\"\u001b[39m\n  \u001b[36m/>\u001b[39m\n\n  Name \"Message\":\n  \u001b[36m<textarea\u001b[39m\n    \u001b[33maria-describedby\u001b[39m=\u001b[32m\"message-error\"\u001b[39m\n    \u001b[33maria-invalid\u001b[39m=\u001b[32m\"true\"\u001b[39m\n    \u001b[33mclass\u001b[39m=\u001b[32m\"flex min-h-[60px] w-full rounded-md border border-input bg-transparent px-3 py-2 text-base shadow-sm placeholder:text-muted-foreground focus-visible:outline-none focus-visible:ring-1 focus-visible:ring-ring disabled:cursor-not-allowed disabled:opacity-50 md:text-sm\"\u001b[39m\n    \u001b[33mid\u001b[39m=\u001b[32m\"message\"\u001b[39m\n    \u001b[33mrows\u001b[39m=\u001b[32m\"4\"\u001b[39m\n  \u001b[36m/>\u001b[39m\n\n  --------------------------------------------------\n  alert:\n\n  Name \"\":\n  \u001b[36m<p\u001b[39m\n    \u001b[33mclass\u001b[39m=\u001b[32m\"text-red-500 text-sm\"\u001b[39m\n    \u001b[33mid\u001b[39m=\u001b[32m\"message-error\"\u001b[39m\n    \u001b[33mrole\u001b[39m=\u001b[32m\"alert\"\u001b[39m\n  \u001b[36m/>\u001b[39m\n\n  --------------------------------------------------\n  checkbox:\n\n  Name \"I agree to the terms and conditions\":\n  \u001b[36m<button\u001b[39m\n    \u001b[33maria-checked\u001b[39m=\u001b[32m\"true\"\u001b[39m\n    \u001b[33maria-invalid\u001b[39m=\u001b[32m\"false\"\u001b[39m\n    \u001b[33mclass\u001b[39m=\u001b[32m\"peer h-4 w-4 shrink-0 rounded-sm border border-primary shadow focus-visible:outline-none focus-visible:ring-1 focus-visible:ring-ring disabled:cursor-not-allowed disabled:opacity-50 data-[state=checked]:bg-primary data-[state=checked]:text-primary-foreground\"\u001b[39m\n    \u001b[33mdata-state\u001b[39m=\u001b[32m\"checked\"\u001b[39m\n    \u001b[33mid\u001b[39m=\u001b[32m\"agree\"\u001b[39m\n    \u001b[33mrole\u001b[39m=\u001b[32m\"checkbox\"\u001b[39m\n    \u001b[33mtype\u001b[39m=\u001b[32m\"button\"\u001b[39m\n    \u001b[33mvalue\u001b[39m=\u001b[32m\"on\"\u001b[39m\n  \u001b[36m/>\u001b[39m\n\n  --------------------------------------------------\n  button:\n\n  Name \"Submit\":\n  \u001b[36m<button\u001b[39m\n    \u001b[33mclass\u001b[39m=\u001b[32m\"inline-flex items-center justify-center gap-2 whitespace-nowrap rounded-md text-sm font-medium transition-all disabled:pointer-events-none disabled:opacity-50 [&_svg]:pointer-events-none [&_svg:not([class*='size-'])]:size-4 shrink-0 [&_svg]:shrink-0 outline-none focus-visible:border-ring focus-visible:ring-ring/50 focus-visible:ring-[3px] aria-invalid:ring-destructive/20 dark:aria-invalid:ring-destructive/40 aria-invalid:border-destructive bg-primary text-primary-foreground hover:bg-primary/90 h-9 px-4 py-2 has-[>svg]:px-3\"\u001b[39m\n    \u001b[33mdata-slot\u001b[39m=\u001b[32m\"button\"\u001b[39m\n    \u001b[33mtype\u001b[39m=\u001b[32m\"submit\"\u001b[39m\n  \u001b[36m/>\u001b[39m\n\n  --------------------------------------------------\n\nIgnored nodes: comments, script, style\n\u001b[36m<body>\u001b[39m\n  \u001b[36m<div>\u001b[39m\n    \u001b[36m<form\u001b[39m\n      \u001b[33maria-label\u001b[39m=\u001b[32m\"Contact form\"\u001b[39m\n    \u001b[36m>\u001b[39m\n      \u001b[36m<div\u001b[39m\n        \u001b[33mclass\u001b[39m=\u001b[32m\"space-y-4\"\u001b[39m\n      \u001b[36m>\u001b[39m\n        \u001b[36m<div>\u001b[39m\n          \u001b[36m<label\u001b[39m\n            \u001b[33mclass\u001b[39m=\u001b[32m\"flex items-center gap-2 text-sm leading-none font-medium select-none group-data-[disabled=true]:pointer-events-none group-data-[disabled=true]:opacity-50 peer-disabled:cursor-not-allowed peer-disabled:opacity-50\"\u001b[39m\n            \u001b[33mdata-slot\u001b[39m=\u001b[32m\"label\"\u001b[39m\n            \u001b[33mfor\u001b[39m=\u001b[32m\"name\"\u001b[39m\n          \u001b[36m>\u001b[39m\n            \u001b[0mName\u001b[0m\n          \u001b[36m</label>\u001b[39m\n          \u001b[36m<div\u001b[39m\n            \u001b[33mclass\u001b[39m=\u001b[32m\"w-full\"\u001b[39m\n          \u001b[36m>\u001b[39m\n            \u001b[36m<input\u001b[39m\n              \u001b[33maria-invalid\u001b[39m=\u001b[32m\"false\"\u001b[39m\n              \u001b[33mclass\u001b[39m=\u001b[32m\"flex h-9 w-full rounded-md border border-input bg-transparent px-3 py-1 text-base shadow-sm transition-colors file:border-0 file:bg-transparent file:text-sm file:font-medium file:text-foreground placeholder:text-muted-foreground focus-visible:outline-none focus-visible:ring-1 focus-visible:ring-ring disabled:cursor-not-allowed disabled:opacity-50 md:text-sm\"\u001b[39m\n              \u001b[33mid\u001b[39m=\u001b[32m\"name\"\u001b[39m\n              \u001b[33mvalue\u001b[39m=\u001b[32m\"John Doe\"\u001b[39m\n            \u001b[36m/>\u001b[39m\n          \u001b[36m</div>\u001b[39m\n        \u001b[36m</div>\u001b[39m\n        \u001b[36m<div>\u001b[39m\n          \u001b[36m<label\u001b[39m\n            \u001b[33mclass\u001b[39m=\u001b[32m\"flex items-center gap-2 text-sm leading-none font-medium select-none group-data-[disabled=true]:pointer-events-none group-data-[disabled=true]:opacity-50 peer-disabled:cursor-not-allowed peer-disabled:opacity-50\"\u001b[39m\n            \u001b[33mdata-slot\u001b[39m=\u001b[32m\"label\"\u001b[39m\n            \u001b[33mfor\u001b[39m=\u001b[32m\"message\"\u001b[39m\n          \u001b[36m>\u001b[39m\n            \u001b[0mMessage\u001b[0m\n          \u001b[36m</label>\u001b[39m\n          \u001b[36m<textarea\u001b[39m\n            \u001b[33maria-describedby\u001b[39m=\u001b[32m\"message-error\"\u001b[39m\n            \u001b[33maria-invalid\u001b[39m=\u001b[32m\"true\"\u001b[39m\n            \u001b[33mclass\u001b[39m=\u001b[32m\"flex min-h-[60px] w-full rounded-md border border-input bg-transparent px-3 py-2 text-base shadow-sm placeholder:text-muted-foreground focus-visible:outline-none focus-visible:ring-1 focus-visible:ring-ring disabled:cursor-not-allowed disabled:opacity-50 md:text-sm\"\u001b[39m\n            \u001b[33mid\u001b[39m=\u001b[32m\"message\"\u001b[39m\n            \u001b[33mrows\u001b[39m=\u001b[32m\"4\"\u001b[39m\n          \u001b[36m>\u001b[39m\n            \u001b[0mShort\u001b[0m\n          \u001b[36m</textarea>\u001b[39m\n          \u001b[36m<p\u001b[39m\n            \u001b[33mclass\u001b[39m=\u001b[32m\"text-red-500 text-sm\"\u001b[39m\n            \u001b[33mid\u001b[39m=\u001b[32m\"message-error\"\u001b[39m\n            \u001b[33mrole\u001b[39m=\u001b[32m\"alert\"\u001b[39m\n          \u001b[36m>\u001b[39m\n            \u001b[0mMessage must be at least 10 characters\u001b[0m\n          \u001b[36m</p>\u001b[39m\n        \u001b[36m</div>\u001b[39m\n        \u001b[36m<div\u001b[39m\n          \u001b[33mclass\u001b[39m=\u001b[32m\"flex items-center space-x-2\"\u001b[39m\n        \u001b[36m>\u001b[39m\n          \u001b[36m<button\u001b[39m\n            \u001b[33maria-checked\u001b[39m=\u001b[32m\"true\"\u001b[39m\n            \u001b[33maria-invalid\u001b[39m=\u001b[32m\"false\"\u001b[39m\n            \u001b[33mclass\u001b[39m=\u001b[32m\"peer h-4 w-4 shrink-0 rounded-sm border border-primary shadow focus-visible:outline-none focus-visible:ring-1 focus-visible:ring-ring disabled:cursor-not-allowed disabled:opacity-50 data-[state=checked]:bg-primary data-[state=checked]:text-primary-foreground\"\u001b[39m\n            \u001b[33mdata-state\u001b[39m=\u001b[32m\"checked\"\u001b[39m\n            \u001b[33mid\u001b[39m=\u001b[32m\"agree\"\u001b[39m\n            \u001b[33mrole\u001b[39m=\u001b[32m\"checkbox\"\u001b[39m\n            \u001b[33mtype\u001b[39m=\u001b[32m\"button\"\u001b[39m\n            \u001b[33mvalue\u001b[39m=\u001b[32m\"on\"\u001b[39m\n          \u001b[36m>\u001b[39m\n            \u001b[36m<span\u001b[39m\n              \u001b[33mclass\u001b[39m=\u001b[32m\"flex items-center justify-center text-current\"\u001b[39m\n              \u001b[33mdata-state\u001b[39m=\u001b[32m\"checked\"\u001b[39m\n              \u001b[33mstyle\u001b[39m=\u001b[32m\"pointer-events: none;\"\u001b[39m\n            \u001b[36m>\u001b[39m\n              \u001b[36m<svg\u001b[39m\n                \u001b[33mclass\u001b[39m=\u001b[32m\"h-4 w-4\"\u001b[39m\n                \u001b[33mfill\u001b[39m=\u001b[32m\"none\"\u001b[39m\n                \u001b[33mheight\u001b[39m=\u001b[32m\"15\"\u001b[39m\n                \u001b[33mviewBox\u001b[39m=\u001b[32m\"0 0 15 15\"\u001b[39m\n                \u001b[33mwidth\u001b[39m=\u001b[32m\"15\"\u001b[39m\n                \u001b[33mxmlns\u001b[39m=\u001b[32m\"http://www.w3.org/2000/svg\"\u001b[39m\n              \u001b[36m>\u001b[39m\n                \u001b[36m<path\u001b[39m\n                  \u001b[33mclip-rule\u001b[39m=\u001b[32m\"evenodd\"\u001b[39m\n                  \u001b[33md\u001b[39m=\u001b[32m\"M11.4669 3.72684C11.7558 3.91574 11.8369 4.30308 11.648 4.59198L7.39799 11.092C7.29783 11.2452 7.13556 11.3467 6.95402 11.3699C6.77247 11.3931 6.58989 11.3355 6.45446 11.2124L3.70446 8.71241C3.44905 8.48022 3.43023 8.08494 3.66242 7.82953C3.89461 7.57412 4.28989 7.55529 4.5453 7.78749L6.75292 9.79441L10.6018 3.90792C10.7907 3.61902 11.178 3.53795 11.4669 3.72684Z\"\u001b[39m\n                  \u001b[33mfill\u001b[39m=\u001b[32m\"currentColor\"\u001b[39m\n                  \u001b[33mfill-rule\u001b[39m=\u001b[32m\"evenodd\"\u001b[39m\n                \u001b[36m/>\u001b[39m\n              \u001b[36m</svg>\u001b[39m\n            \u001b[36m</span>\u001b[39m\n          \u001b[36m</button>\u001b[39m\n          \u001b[36m<input\u001b[39m\n            \u001b[33maria-hidden\u001b[39m=\u001b[32m\"true\"\u001b[39m\n            \u001b[33mstyle\u001b[39m=\u001b[32m\"position: absolute; pointer-events: none; opacity: 0; margin: 0px; transform: translateX(-100%); width: 0px; height: 0px;\"\u001b[39m\n            \u001b[33mtabindex\u001b[39m=\u001b[32m\"-1\"\u001b[39m\n            \u001b[33mtype\u001b[39m=\u001b[32m\"checkbox\"\u001b[39m\n            \u001b[33mvalue\u001b[39m=\u001b[32m\"on\"\u001b[39m\n          \u001b[36m/>\u001b[39m\n          \u001b[36m<label\u001b[39m\n            \u001b[33mclass\u001b[39m=\u001b[32m\"flex items-center gap-2 text-sm leading-none font-medium select-none group-data-[disabled=true]:pointer-events-none group-data-[disabled=true]:opacity-50 peer-disabled:cursor-not-allowed peer-disabled:opacity-50\"\u001b[39m\n            \u001b[33mdata-slot\u001b[39m=\u001b[32m\"label\"\u001b[39m\n            \u001b[33mfor\u001b[39m=\u001b[32m\"agree\"\u001b[39m\n          \u001b[36m>\u001b[39m\n            \u001b[0mI agree to the terms and conditions\u001b[0m\n          \u001b[36m</label>\u001b[39m\n        \u001b[36m</div>\u001b[39m\n        \u001b[36m<button\u001b[39m\n          \u001b[33mclass\u001b[39m=\u001b[32m\"inline-flex items-center justify-center gap-2 whitespace-nowrap rounded-md text-sm font-medium transition-all disabled:pointer-events-none disabled:opacity-50 [&_svg]:pointer-events-none [&_svg:not([class*='size-'])]:size-4 shrink-0 [&_svg]:shrink-0 outline-none focus-visible:border-ring focus-visible:ring-ring/50 focus-visible:ring-[3px] aria-invalid:ring-destructive/20 dark:aria-invalid:ring-destructive/40 aria-invalid:border-destructive bg-primary text-primary-foreground hover:bg-primary/90 h-9 px-4 py-2 has-[>svg]:px-3\"\u001b[39m\n          \u001b[33mdata-slot\u001b[39m=\u001b[32m\"button\"\u001b[39m\n          \u001b[33mtype\u001b[39m=\u001b[32m\"submit\"\u001b[39m\n        \u001b[36m>\u001b[39m\n          \u001b[0mSubmit\u001b[0m\n        \u001b[36m</button>\u001b[39m\n      \u001b[36m</div>\u001b[39m\n    \u001b[36m</form>\u001b[39m\n  \u001b[36m</div>\u001b[39m\n\u001b[36m</body>\u001b[39m\n    at Object.getElementError (C:\\Users\\bsval\\terrafusion_os_1.0\\node_modules\\.pnpm\\@testing-library+dom@8.20.1\\node_modules\\@testing-library\\dom\\dist\\config.js:37:19)\n    at C:\\Users\\bsval\\terrafusion_os_1.0\\node_modules\\.pnpm\\@testing-library+dom@8.20.1\\node_modules\\@testing-library\\dom\\dist\\query-helpers.js:76:38\n    at C:\\Users\\bsval\\terrafusion_os_1.0\\node_modules\\.pnpm\\@testing-library+dom@8.20.1\\node_modules\\@testing-library\\dom\\dist\\query-helpers.js:52:17\n    at C:\\Users\\bsval\\terrafusion_os_1.0\\node_modules\\.pnpm\\@testing-library+dom@8.20.1\\node_modules\\@testing-library\\dom\\dist\\query-helpers.js:95:19\n    at Object.<anonymous> (C:\\Users\\bsval\\terrafusion_os_1.0\\frontend\\apps\\os-shell\\src\\__tests__\\integration\\form-workflows.integration.test.tsx:553:16)"],"fullName":"Integration: Contact Form Workflow User Workflow: Textarea Validation should validate textarea minimum length","invocations":1,"location":null,"numPassingAsserts":0,"retryReasons":[],"status":"failed","title":"should validate textarea minimum length"},{"ancestorTitles":["Integration: Contact Form Workflow","User Workflow: Textarea Validation"],"duration":950,"failureDetails":[],"failureMessages":[],"fullName":"Integration: Contact Form Workflow User Workflow: Textarea Validation should handle multiline textarea input","invocations":1,"location":null,"numPassingAsserts":1,"retryReasons":[],"status":"passed","title":"should handle multiline textarea input"},{"ancestorTitles":["Integration: Contact Form Workflow","Accessibility: Contact Form"],"duration":36,"failureDetails":[],"failureMessages":[],"fullName":"Integration: Contact Form Workflow Accessibility: Contact Form should have no accessibility violations","invocations":1,"location":null,"numPassingAsserts":1,"retryReasons":[],"status":"passed","title":"should have no accessibility violations"},{"ancestorTitles":["Integration: Contact Form Workflow","Accessibility: Contact Form"],"duration":72,"failureDetails":[],"failureMessages":[],"fullName":"Integration: Contact Form Workflow Accessibility: Contact Form should have no accessibility violations with errors","invocations":1,"location":null,"numPassingAsserts":1,"retryReasons":[],"status":"passed","title":"should have no accessibility violations with errors"},{"ancestorTitles":["Integration: Profile Form Workflow","Component Integration: Select + RadioGroup"],"duration":36,"failureDetails":[],"failureMessages":[],"fullName":"Integration: Profile Form Workflow Component Integration: Select + RadioGroup should render all form components together","invocations":1,"location":null,"numPassingAsserts":4,"retryReasons":[],"status":"passed","title":"should render all form components together"},{"ancestorTitles":["Integration: Profile Form Workflow","Component Integration: Select + RadioGroup"],"duration":1320,"failureDetails":[],"failureMessages":[],"fullName":"Integration: Profile Form Workflow Component Integration: Select + RadioGroup should integrate Select component in form","invocations":1,"location":null,"numPassingAsserts":1,"retryReasons":[],"status":"passed","title":"should integrate Select component in form"},{"ancestorTitles":["Integration: Profile Form Workflow","Component Integration: Select + RadioGroup"],"duration":214,"failureDetails":[],"failureMessages":[],"fullName":"Integration: Profile Form Workflow Component Integration: Select + RadioGroup should integrate RadioGroup component in form","invocations":1,"location":null,"numPassingAsserts":2,"retryReasons":[],"status":"passed","title":"should integrate RadioGroup component in form"},{"ancestorTitles":["Integration: Profile Form Workflow","User Workflow: Complete Profile Submission"],"duration":2332,"failureDetails":[],"failureMessages":[],"fullName":"Integration: Profile Form Workflow User Workflow: Complete Profile Submission should handle complete form with Select and RadioGroup","invocations":1,"location":null,"numPassingAsserts":1,"retryReasons":[],"status":"passed","title":"should handle complete form with Select and RadioGroup"},{"ancestorTitles":["Integration: Profile Form Workflow","User Workflow: Complete Profile Submission"],"duration":159,"failureDetails":[{"name":"TestingLibraryElementError"}],"failureMessages":["TestingLibraryElementError: Unable to find an accessible element with the role \"alert\" and name `/username is required/i`\n\nHere are the accessible roles:\n\n  form:\n\n  Name \"Profile form\":\n  \u001b[36m<form\u001b[39m\n    \u001b[33maria-label\u001b[39m=\u001b[32m\"Profile form\"\u001b[39m\n  \u001b[36m/>\u001b[39m\n\n  --------------------------------------------------\n  textbox:\n\n  Name \"Username\":\n  \u001b[36m<input\u001b[39m\n    \u001b[33maria-describedby\u001b[39m=\u001b[32m\"username-error\"\u001b[39m\n    \u001b[33maria-invalid\u001b[39m=\u001b[32m\"true\"\u001b[39m\n    \u001b[33mclass\u001b[39m=\u001b[32m\"flex h-9 w-full rounded-md border border-input bg-transparent px-3 py-1 text-base shadow-sm transition-colors file:border-0 file:bg-transparent file:text-sm file:font-medium file:text-foreground placeholder:text-muted-foreground focus-visible:outline-none focus-visible:ring-1 focus-visible:ring-ring disabled:cursor-not-allowed disabled:opacity-50 md:text-sm\"\u001b[39m\n    \u001b[33mid\u001b[39m=\u001b[32m\"username\"\u001b[39m\n    \u001b[33mvalue\u001b[39m=\u001b[32m\"\"\u001b[39m\n  \u001b[36m/>\u001b[39m\n\n  --------------------------------------------------\n  alert:\n\n  Name \"\":\n  \u001b[36m<p\u001b[39m\n    \u001b[33mclass\u001b[39m=\u001b[32m\"text-red-500 text-sm\"\u001b[39m\n    \u001b[33mid\u001b[39m=\u001b[32m\"username-error\"\u001b[39m\n    \u001b[33mrole\u001b[39m=\u001b[32m\"alert\"\u001b[39m\n  \u001b[36m/>\u001b[39m\n\n  Name \"\":\n  \u001b[36m<p\u001b[39m\n    \u001b[33mclass\u001b[39m=\u001b[32m\"text-red-500 text-sm\"\u001b[39m\n    \u001b[33mid\u001b[39m=\u001b[32m\"country-error\"\u001b[39m\n    \u001b[33mrole\u001b[39m=\u001b[32m\"alert\"\u001b[39m\n  \u001b[36m/>\u001b[39m\n\n  --------------------------------------------------\n  combobox:\n\n  Name \"Country\":\n  \u001b[36m<button\u001b[39m\n    \u001b[33maria-autocomplete\u001b[39m=\u001b[32m\"none\"\u001b[39m\n    \u001b[33maria-controls\u001b[39m=\u001b[32m\"radix-:r1g:\"\u001b[39m\n    \u001b[33maria-expanded\u001b[39m=\u001b[32m\"false\"\u001b[39m\n    \u001b[33maria-invalid\u001b[39m=\u001b[32m\"true\"\u001b[39m\n    \u001b[33mclass\u001b[39m=\u001b[32m\"flex h-9 w-full items-center justify-between whitespace-nowrap rounded-md border border-input bg-transparent px-3 py-2 text-sm shadow-sm ring-offset-background data-[placeholder]:text-muted-foreground focus:outline-none focus:ring-1 focus:ring-ring disabled:cursor-not-allowed disabled:opacity-50 [&>span]:line-clamp-1\"\u001b[39m\n    \u001b[33mdata-placeholder\u001b[39m=\u001b[32m\"\"\u001b[39m\n    \u001b[33mdata-state\u001b[39m=\u001b[32m\"closed\"\u001b[39m\n    \u001b[33mdir\u001b[39m=\u001b[32m\"ltr\"\u001b[39m\n    \u001b[33mid\u001b[39m=\u001b[32m\"country\"\u001b[39m\n    \u001b[33mrole\u001b[39m=\u001b[32m\"combobox\"\u001b[39m\n    \u001b[33mtype\u001b[39m=\u001b[32m\"button\"\u001b[39m\n  \u001b[36m/>\u001b[39m\n\n  --------------------------------------------------\n  radiogroup:\n\n  Name \"\":\n  \u001b[36m<div\u001b[39m\n    \u001b[33maria-required\u001b[39m=\u001b[32m\"false\"\u001b[39m\n    \u001b[33mclass\u001b[39m=\u001b[32m\"grid gap-2\"\u001b[39m\n    \u001b[33mdir\u001b[39m=\u001b[32m\"ltr\"\u001b[39m\n    \u001b[33mrole\u001b[39m=\u001b[32m\"radiogroup\"\u001b[39m\n    \u001b[33mstyle\u001b[39m=\u001b[32m\"outline: none;\"\u001b[39m\n    \u001b[33mtabindex\u001b[39m=\u001b[32m\"0\"\u001b[39m\n  \u001b[36m/>\u001b[39m\n\n  --------------------------------------------------\n  radio:\n\n  Name \"Email\":\n  \u001b[36m<button\u001b[39m\n    \u001b[33maria-checked\u001b[39m=\u001b[32m\"true\"\u001b[39m\n    \u001b[33mclass\u001b[39m=\u001b[32m\"aspect-square h-4 w-4 rounded-full border border-primary text-primary shadow focus:outline-none focus-visible:ring-1 focus-visible:ring-ring disabled:cursor-not-allowed disabled:opacity-50\"\u001b[39m\n    \u001b[33mdata-radix-collection-item\u001b[39m=\u001b[32m\"\"\u001b[39m\n    \u001b[33mdata-state\u001b[39m=\u001b[32m\"checked\"\u001b[39m\n    \u001b[33mid\u001b[39m=\u001b[32m\"email-radio\"\u001b[39m\n    \u001b[33mrole\u001b[39m=\u001b[32m\"radio\"\u001b[39m\n    \u001b[33mtabindex\u001b[39m=\u001b[32m\"-1\"\u001b[39m\n    \u001b[33mtype\u001b[39m=\u001b[32m\"button\"\u001b[39m\n    \u001b[33mvalue\u001b[39m=\u001b[32m\"email\"\u001b[39m\n  \u001b[36m/>\u001b[39m\n\n  Name \"SMS\":\n  \u001b[36m<button\u001b[39m\n    \u001b[33maria-checked\u001b[39m=\u001b[32m\"false\"\u001b[39m\n    \u001b[33mclass\u001b[39m=\u001b[32m\"aspect-square h-4 w-4 rounded-full border border-primary text-primary shadow focus:outline-none focus-visible:ring-1 focus-visible:ring-ring disabled:cursor-not-allowed disabled:opacity-50\"\u001b[39m\n    \u001b[33mdata-radix-collection-item\u001b[39m=\u001b[32m\"\"\u001b[39m\n    \u001b[33mdata-state\u001b[39m=\u001b[32m\"unchecked\"\u001b[39m\n    \u001b[33mid\u001b[39m=\u001b[32m\"sms-radio\"\u001b[39m\n    \u001b[33mrole\u001b[39m=\u001b[32m\"radio\"\u001b[39m\n    \u001b[33mtabindex\u001b[39m=\u001b[32m\"-1\"\u001b[39m\n    \u001b[33mtype\u001b[39m=\u001b[32m\"button\"\u001b[39m\n    \u001b[33mvalue\u001b[39m=\u001b[32m\"sms\"\u001b[39m\n  \u001b[36m/>\u001b[39m\n\n  Name \"None\":\n  \u001b[36m<button\u001b[39m\n    \u001b[33maria-checked\u001b[39m=\u001b[32m\"false\"\u001b[39m\n    \u001b[33mclass\u001b[39m=\u001b[32m\"aspect-square h-4 w-4 rounded-full border border-primary text-primary shadow focus:outline-none focus-visible:ring-1 focus-visible:ring-ring disabled:cursor-not-allowed disabled:opacity-50\"\u001b[39m\n    \u001b[33mdata-radix-collection-item\u001b[39m=\u001b[32m\"\"\u001b[39m\n    \u001b[33mdata-state\u001b[39m=\u001b[32m\"unchecked\"\u001b[39m\n    \u001b[33mid\u001b[39m=\u001b[32m\"none-radio\"\u001b[39m\n    \u001b[33mrole\u001b[39m=\u001b[32m\"radio\"\u001b[39m\n    \u001b[33mtabindex\u001b[39m=\u001b[32m\"-1\"\u001b[39m\n    \u001b[33mtype\u001b[39m=\u001b[32m\"button\"\u001b[39m\n    \u001b[33mvalue\u001b[39m=\u001b[32m\"none\"\u001b[39m\n  \u001b[36m/>\u001b[39m\n\n  --------------------------------------------------\n  button:\n\n  Name \"Save Profile\":\n  \u001b[36m<button\u001b[39m\n    \u001b[33mclass\u001b[39m=\u001b[32m\"inline-flex items-center justify-center gap-2 whitespace-nowrap rounded-md text-sm font-medium transition-all disabled:pointer-events-none disabled:opacity-50 [&_svg]:pointer-events-none [&_svg:not([class*='size-'])]:size-4 shrink-0 [&_svg]:shrink-0 outline-none focus-visible:border-ring focus-visible:ring-ring/50 focus-visible:ring-[3px] aria-invalid:ring-destructive/20 dark:aria-invalid:ring-destructive/40 aria-invalid:border-destructive bg-primary text-primary-foreground hover:bg-primary/90 h-9 px-4 py-2 has-[>svg]:px-3\"\u001b[39m\n    \u001b[33mdata-slot\u001b[39m=\u001b[32m\"button\"\u001b[39m\n    \u001b[33mtype\u001b[39m=\u001b[32m\"submit\"\u001b[39m\n  \u001b[36m/>\u001b[39m\n\n  --------------------------------------------------\n\nIgnored nodes: comments, script, style\n\u001b[36m<body\u001b[39m\n  \u001b[33mstyle\u001b[39m=\u001b[32m\"\"\u001b[39m\n\u001b[36m>\u001b[39m\n  \u001b[36m<div>\u001b[39m\n    \u001b[36m<form\u001b[39m\n      \u001b[33maria-label\u001b[39m=\u001b[32m\"Profile form\"\u001b[39m\n    \u001b[36m>\u001b[39m\n      \u001b[36m<div\u001b[39m\n        \u001b[33mclass\u001b[39m=\u001b[32m\"space-y-4\"\u001b[39m\n      \u001b[36m>\u001b[39m\n        \u001b[36m<div>\u001b[39m\n          \u001b[36m<label\u001b[39m\n            \u001b[33mclass\u001b[39m=\u001b[32m\"flex items-center gap-2 text-sm leading-none font-medium select-none group-data-[disabled=true]:pointer-events-none group-data-[disabled=true]:opacity-50 peer-disabled:cursor-not-allowed peer-disabled:opacity-50\"\u001b[39m\n            \u001b[33mdata-slot\u001b[39m=\u001b[32m\"label\"\u001b[39m\n            \u001b[33mfor\u001b[39m=\u001b[32m\"username\"\u001b[39m\n          \u001b[36m>\u001b[39m\n            \u001b[0mUsername\u001b[0m\n          \u001b[36m</label>\u001b[39m\n          \u001b[36m<div\u001b[39m\n            \u001b[33mclass\u001b[39m=\u001b[32m\"w-full\"\u001b[39m\n          \u001b[36m>\u001b[39m\n            \u001b[36m<input\u001b[39m\n              \u001b[33maria-describedby\u001b[39m=\u001b[32m\"username-error\"\u001b[39m\n              \u001b[33maria-invalid\u001b[39m=\u001b[32m\"true\"\u001b[39m\n              \u001b[33mclass\u001b[39m=\u001b[32m\"flex h-9 w-full rounded-md border border-input bg-transparent px-3 py-1 text-base shadow-sm transition-colors file:border-0 file:bg-transparent file:text-sm file:font-medium file:text-foreground placeholder:text-muted-foreground focus-visible:outline-none focus-visible:ring-1 focus-visible:ring-ring disabled:cursor-not-allowed disabled:opacity-50 md:text-sm\"\u001b[39m\n              \u001b[33mid\u001b[39m=\u001b[32m\"username\"\u001b[39m\n              \u001b[33mvalue\u001b[39m=\u001b[32m\"\"\u001b[39m\n            \u001b[36m/>\u001b[39m\n          \u001b[36m</div>\u001b[39m\n          \u001b[36m<p\u001b[39m\n            \u001b[33mclass\u001b[39m=\u001b[32m\"text-red-500 text-sm\"\u001b[39m\n            \u001b[33mid\u001b[39m=\u001b[32m\"username-error\"\u001b[39m\n            \u001b[33mrole\u001b[39m=\u001b[32m\"alert\"\u001b[39m\n          \u001b[36m>\u001b[39m\n            \u001b[0mUsername is required\u001b[0m\n          \u001b[36m</p>\u001b[39m\n        \u001b[36m</div>\u001b[39m\n        \u001b[36m<div>\u001b[39m\n          \u001b[36m<label\u001b[39m\n            \u001b[33mclass\u001b[39m=\u001b[32m\"flex items-center gap-2 text-sm leading-none font-medium select-none group-data-[disabled=true]:pointer-events-none group-data-[disabled=true]:opacity-50 peer-disabled:cursor-not-allowed peer-disabled:opacity-50\"\u001b[39m\n            \u001b[33mdata-slot\u001b[39m=\u001b[32m\"label\"\u001b[39m\n            \u001b[33mfor\u001b[39m=\u001b[32m\"country\"\u001b[39m\n          \u001b[36m>\u001b[39m\n            \u001b[0mCountry\u001b[0m\n          \u001b[36m</label>\u001b[39m\n          \u001b[36m<button\u001b[39m\n            \u001b[33maria-autocomplete\u001b[39m=\u001b[32m\"none\"\u001b[39m\n            \u001b[33maria-controls\u001b[39m=\u001b[32m\"radix-:r1g:\"\u001b[39m\n            \u001b[33maria-expanded\u001b[39m=\u001b[32m\"false\"\u001b[39m\n            \u001b[33maria-invalid\u001b[39m=\u001b[32m\"true\"\u001b[39m\n            \u001b[33mclass\u001b[39m=\u001b[32m\"flex h-9
[...]
st\u001b[39m results \u001b[33m=\u001b[39m \u001b[36mawait\u001b[39m axe(container)\u001b[33m;\u001b[39m\u001b[22m\n\u001b[2m    \u001b[31m\u001b[1m>\u001b[22m\u001b[2m\u001b[39m\u001b[90m 629 |\u001b[39m       expect(results)\u001b[33m.\u001b[39mtoHaveNoViolations()\u001b[33m;\u001b[39m\u001b[22m\n\u001b[2m     \u001b[90m     |\u001b[39m                       \u001b[31m\u001b[1m^\u001b[22m\u001b[2m\u001b[39m\u001b[22m\n\u001b[2m     \u001b[90m 630 |\u001b[39m     })\u001b[33m;\u001b[39m\u001b[22m\n\u001b[2m     \u001b[90m 631 |\u001b[39m   })\u001b[33m;\u001b[39m\u001b[22m\n\u001b[2m     \u001b[90m 632 |\u001b[39m })\u001b[33m;\u001b[39m\u001b[0m\u001b[22m\n\u001b[2m\u001b[22m\n\u001b[2m      \u001b[2mat Object.<anonymous> (\u001b[22m\u001b[2m\u001b[0m\u001b[36mapps/os-shell/src/__tests__/integration/command-palette-workflows.integration.test.tsx\u001b[39m\u001b[0m\u001b[2m:629:23)\u001b[22m\u001b[2m\u001b[22m\n","name":"C:\\Users\\bsval\\terrafusion_os_1.0\\frontend\\apps\\os-shell\\src\\__tests__\\integration\\command-palette-workflows.integration.test.tsx","startTime":1767394851675,"status":"failed","summary":""},{"assertionResults":[{"ancestorTitles":["Calendar","Rendering"],"duration":null,"failureDetails":[],"failureMessages":[],"fullName":"Calendar Rendering renders calendar component","invocations":1,"location":null,"numPassingAsserts":0,"retryReasons":[],"status":"pending","title":"renders calendar component"},{"ancestorTitles":["Calendar","Rendering"],"duration":null,"failureDetails":[],"failureMessages":[],"fullName":"Calendar Rendering renders current month by default","invocations":1,"location":null,"numPassingAsserts":0,"retryReasons":[],"status":"pending","title":"renders current month by default"},{"ancestorTitles":["Calendar","Rendering"],"duration":null,"failureDetails":[],"failureMessages":[],"fullName":"Calendar Rendering renders day cells","invocations":1,"location":null,"numPassingAsserts":0,"retryReasons":[],"status":"pending","title":"renders day cells"},{"ancestorTitles":["Calendar","Rendering"],"duration":null,"failureDetails":[],"failureMessages":[],"fullName":"Calendar Rendering renders navigation buttons","invocations":1,"location":null,"numPassingAsserts":0,"retryReasons":[],"status":"pending","title":"renders navigation buttons"},{"ancestorTitles":["Calendar","Rendering"],"duration":null,"failureDetails":[],"failureMessages":[],"fullName":"Calendar Rendering applies custom className","invocations":1,"location":null,"numPassingAsserts":0,"retryReasons":[],"status":"pending","title":"applies custom className"},{"ancestorTitles":["Calendar","Month Navigation"],"duration":null,"failureDetails":[],"failureMessages":[],"fullName":"Calendar Month Navigation navigates to next month","invocations":1,"location":null,"numPassingAsserts":0,"retryReasons":[],"status":"pending","title":"navigates to next month"},{"ancestorTitles":["Calendar","Month Navigation"],"duration":null,"failureDetails":[],"failureMessages":[],"fullName":"Calendar Month Navigation navigates to previous month","invocations":1,"location":null,"numPassingAsserts":0,"retryReasons":[],"status":"pending","title":"navigates to previous month"},{"ancestorTitles":["Calendar","Month Navigation"],"duration":null,"failureDetails":[],"failureMessages":[],"fullName":"Calendar Month Navigation displays correct month and year","invocations":1,"location":null,"numPassingAsserts":0,"retryReasons":[],"status":"pending","title":"displays correct month and year"},{"ancestorTitles":["Calendar","Month Navigation"],"duration":null,"failureDetails":[],"failureMessages":[],"fullName":"Calendar Month Navigation handles month prop for controlled navigation","invocations":1,"location":null,"numPassingAsserts":0,"retryReasons":[],"status":"pending","title":"handles month prop for controlled navigation"},{"ancestorTitles":["Calendar","Date Selection"],"duration":null,"failureDetails":[],"failureMessages":[],"fullName":"Calendar Date Selection selects a date on click","invocations":1,"location":null,"numPassingAsserts":0,"retryReasons":[],"status":"pending","title":"selects a date on click"},{"ancestorTitles":["Calendar","Date Selection"],"duration":null,"failureDetails":[],"failureMessages":[],"fullName":"Calendar Date Selection renders with selected date","invocations":1,"location":null,"numPassingAsserts":0,"retryReasons":[],"status":"pending","title":"renders with selected date"},{"ancestorTitles":["Calendar","Date Selection"],"duration":null,"failureDetails":[],"failureMessages":[],"fullName":"Calendar Date Selection supports single date selection mode","invocations":1,"location":null,"numPassingAsserts":0,"retryReasons":[],"status":"pending","title":"supports single date selection mode"},{"ancestorTitles":["Calendar","Date Selection"],"duration":null,"failureDetails":[],"failureMessages":[],"fullName":"Calendar Date Selection supports multiple date selection mode","invocations":1,"location":null,"numPassingAsserts":0,"retryReasons":[],"status":"pending","title":"supports multiple date selection mode"},{"ancestorTitles":["Calendar","Date Selection"],"duration":null,"failureDetails":[],"failureMessages":[],"fullName":"Calendar Date Selection supports range selection mode","invocations":1,"location":null,"numPassingAsserts":0,"retryReasons":[],"status":"pending","title":"supports range selection mode"},{"ancestorTitles":["Calendar","Disabled Dates"],"duration":null,"failureDetails":[],"failureMessages":[],"fullName":"Calendar Disabled Dates disables past dates with fromDate","invocations":1,"location":null,"numPassingAsserts":0,"retryReasons":[],"status":"pending","title":"disables past dates with fromDate"},{"ancestorTitles":["Calendar","Disabled Dates"],"duration":null,"failureDetails":[],"failureMessages":[],"fullName":"Calendar Disabled Dates disables future dates with toDate","invocations":1,"location":null,"numPassingAsserts":0,"retryReasons":[],"status":"pending","title":"disables future dates with toDate"},{"ancestorTitles":["Calendar","Disabled Dates"],"duration":null,"failureDetails":[],"failureMessages":[],"fullName":"Calendar Disabled Dates disables specific dates with disabled prop","invocations":1,"location":null,"numPassingAsserts":0,"retryReasons":[],"status":"pending","title":"disables specific dates with disabled prop"},{"ancestorTitles":["Calendar","Disabled Dates"],"duration":null,"failureDetails":[],"failureMessages":[],"fullName":"Calendar Disabled Dates disables weekends","invocations":1,"location":null,"numPassingAsserts":0,"retryReasons":[],"status":"pending","title":"disables weekends"},{"ancestorTitles":["Calendar","Disabled Dates"],"duration":null,"failureDetails":[],"failureMessages":[],"fullName":"Calendar Disabled Dates disables date ranges","invocations":1,"location":null,"numPassingAsserts":0,"retryReasons":[],"status":"pending","title":"disables date ranges"},{"ancestorTitles":["Calendar","Keyboard Navigation"],"duration":null,"failureDetails":[],"failureMessages":[],"fullName":"Calendar Keyboard Navigation supports arrow key navigation","invocations":1,"location":null,"numPassingAsserts":0,"retryReasons":[],"status":"pending","title":"supports arrow key navigation"},{"ancestorTitles":["Calendar","Keyboard Navigation"],"duration":null,"failureDetails":[],"failureMessages":[],"fullName":"Calendar Keyboard Navigation navigates with arrow keys between weeks","invocations":1,"location":null,"numPassingAsserts":0,"retryReasons":[],"status":"pending","title":"navigates with arrow keys between weeks"},{"ancestorTitles":["Calendar","Keyboard Navigation"],"duration":null,"failureDetails":[],"failureMessages":[],"fullName":"Calendar Keyboard Navigation supports Home key to jump to week start","invocations":1,"location":null,"numPassingAsserts":0,"retryReasons":[],"status":"pending","title":"supports Home key to jump to week start"},{"ancestorTitles":["Calendar","Keyboard Navigation"],"duration":null,"failureDetails":[],"failureMessages":[],"fullName":"Calendar Keyboard Navigation supports End key to jump to week end","invocations":1,"location":null,"numPassingAsserts":0,"retryReasons":[],"status":"pending","title":"supports End key to jump to week end"},{"ancestorTitles":["Calendar","Keyboard Navigation"],"duration":null,"failureDetails":[],"failureMessages":[],"fullName":"Calendar Keyboard Navigation supports PageUp to go to previous month","invocations":1,"location":null,"numPassingAsserts":0,"retryReasons":[],"status":"pending","title":"supports PageUp to go to previous month"},{"ancestorTitles":["Calendar","Keyboard Navigation"],"duration":null,"failureDetails":[],"failureMessages":[],"fullName":"Calendar Keyboard Navigation supports PageDown to go to next month","invocations":1,"location":null,"numPassingAsserts":0,"retryReasons":[],"status":"pending","title":"supports PageDown to go to next month"},{"ancestorTitles":["Calendar","Week Numbers"],"duration":null,"failureDetails":[],"failureMessages":[],"fullName":"Calendar Week Numbers displays week numbers when enabled","invocations":1,"location":null,"numPassingAsserts":0,"retryReasons":[],"status":"pending","title":"displays week numbers when enabled"},{"ancestorTitles":["Calendar","Week Numbers"],"duration":null,"failureDetails":[],"failureMessages":[],"fullName":"Calendar Week Numbers hides week numbers by default","invocations":1,"location":null,"numPassingAsserts":0,"retryReasons":[],"status":"pending","title":"hides week numbers by default"},{"ancestorTitles":["Calendar","Multiple Months"],"duration":null,"failureDetails":[],"failureMessages":[],"fullName":"Calendar Multiple Months displays single month by default","invocations":1,"location":null,"numPassingAsserts":0,"retryReasons":[],"status":"pending","title":"displays single month by default"},{"ancestorTitles":["Calendar","Multiple Months"],"duration":null,"failureDetails":[],"failureMessages":[],"fullName":"Calendar Multiple Months displays multiple months","invocations":1,"location":null,"numPassingAsserts":0,"retryReasons":[],"status":"pending","title":"displays multiple months"},{"ancestorTitles":["Calendar","Multiple Months"],"duration":null,"failureDetails":[],"failureMessages":[],"fullName":"Calendar Multiple Months displays three months","invocations":1,"location":null,"numPassingAsserts":0,"retryReasons":[],"status":"pending","title":"displays three months"},{"ancestorTitles":["Calendar","Footer Content"],"duration":null,"failureDetails":[],"failureMessages":[],"fullName":"Calendar Footer Content renders footer content","invocations":1,"location":null,"numPassingAsserts":0,"retryReasons":[],"status":"pending","title":"renders footer content"},{"ancestorTitles":["Calendar","Footer Content"],"duration":null,"failureDetails":[],"failureMessages":[],"fullName":"Calendar Footer Content renders today button in footer","invocations":1,"location":null,"numPassingAsserts":0,"retryReasons":[],"status":"pending","title":"renders today button in footer"},{"ancestorTitles":["Calendar","Accessibility"],"duration":null,"failureDetails":[],"failureMessages":[],"fullName":"Calendar Accessibility has no accessibility violations - basic calendar","invocations":1,"location":null,"numPassingAsserts":0,"retryReasons":[],"status":"pending","title":"has no accessibility violations - basic calendar"},{"ancestorTitles":["Calendar","Accessibility"],"duration":null,"failureDetails":[],"failureMessages":[],"fullName":"Calendar Accessibility has no accessibility violations - with selected date","invocations":1,"location":null,"numPassingAsserts":0,"retryReasons":[],"status":"pending","title":"has no accessibility violations - with selected date"},{"ancestorTitles":["Calendar","Accessibility"],"duration":null,"failureDetails":[],"failureMessages":[],"fullName":"Calendar Accessibility has no accessibility violations - with disabled dates","invocations":1,"location":null,"numPassingAsserts":0,"retryReasons":[],"status":"pending","title":"has no accessibility violations - with disabled dates"},{"ancestorTitles":["Calendar","Accessibility"],"duration":null,"failureDetails":[],"failureMessages":[],"fullName":"Calendar Accessibility calendar has proper ARIA role","invocations":1,"location":null,"numPassingAsserts":0,"retryReasons":[],"status":"pending","title":"calendar has proper ARIA role"},{"ancestorTitles":["Calendar","Accessibility"],"duration":null,"failureDetails":[],"failureMessages":[],"fullName":"Calendar Accessibility day buttons have proper ARIA labels","invocations":1,"location":null,"numPassingAsserts":0,"retryReasons":[],"status":"pending","title":"day buttons have proper ARIA labels"},{"ancestorTitles":["Calendar","Accessibility"],"duration":null,"failureDetails":[],"failureMessages":[],"fullName":"Calendar Accessibility selected dates have aria-selected","invocations":1,"location":null,"numPassingAsserts":0,"retryReasons":[],"status":"pending","title":"selected dates have aria-selected"},{"ancestorTitles":["Calendar","Accessibility"],"duration":null,"failureDetails":[],"failureMessages":[],"fullName":"Calendar Accessibility disabled dates have aria-disabled","invocations":1,"location":null,"numPassingAsserts":0,"retryReasons":[],"status":"pending","title":"disabled dates have aria-disabled"},{"ancestorTitles":["Calendar","Real-world Use Cases"],"duration":null,"failureDetails":[],"failureMessages":[],"fullName":"Calendar Real-world Use Cases renders date picker for booking","invocations":1,"location":null,"numPassingAsserts":0,"retryReasons":[],"status":"pending","title":"renders date picker for booking"},{"ancestorTitles":["Calendar","Real-world Use Cases"],"duration":null,"failureDetails":[],"failureMessages":[],"fullName":"Calendar Real-world Use Cases renders date range picker for vacation","invocations":1,"location":null,"numPassingAsserts":0,"retryReasons":[],"status":"pending","title":"renders date range picker for vacation"},{"ancestorTitles":["Calendar","Real-world Use Cases"],"duration":null,"failureDetails":[],"failureMessages":[],"fullName":"Calendar Real-world Use Cases renders calendar with disabled weekends for business days","invocations":1,"location":null,"numPassingAsserts":0,"retryReasons":[],"status":"pending","title":"renders calendar with disabled weekends for business days"},{"ancestorTitles":["Calendar","Real-world Use Cases"],"duration":null,"failureDetails":[],"failureMessages":[],"fullName":"Calendar Real-world Use Cases renders birthday picker with past dates only","invocations":1,"location":null,"numPassingAsserts":0,"retryReasons":[],"status":"pending","title":"renders birthday picker with past dates only"},{"ancestorTitles":["Calendar","Edge Cases"],"duration":null,"failureDetails":[],"failureMessages":[],"fullName":"Calendar Edge Cases handles month boundary transitions","invocations":1,"location":null,"numPassingAsserts":0,"retryReasons":[],"status":"pending","title":"handles month boundary transitions"},{"ancestorTitles":["Calendar","Edge Cases"],"duration":null,"failureDetails":[],"failureMessages":[],"fullName":"Calendar Edge Cases handles year boundary transitions","invocations":1,"location":null,"numPassingAsserts":0,"retryReasons":[],"status":"pending","title":"handles year boundary transitions"},{"ancestorTitles":["Calendar","Edge Cases"],"duration":null,"failureDetails":[],"failureMessages":[],"fullName":"Calendar Edge Cases handles leap year dates","invocations":1,"location":null,"numPassingAsserts":0,"retryReasons":[],"status":"pending","title":"handles leap year dates"},{"ancestorTitles":["Calendar","Edge Cases"],"duration":null,"failureDetails":[],"failureMessages":[],"fullName":"Calendar Edge Cases handles very old dates","invocations":1,"location":null,"numPassingAsserts":0,"retryReasons":[],"status":"pending","title":"handles very old dates"},{"ancestorTitles":["Calendar","Edge Cases"],"duration":null,"failureDetails":[],"failureMessages":[],"fullName":"Calendar Edge Cases handles far future dates","invocations":1,"location":null,"numPassingAsserts":0,"retryReasons":[],"status":"pending","title":"handles far future dates"},{"ancestorTitles":["Calendar","Edge Cases"],"duration":null,"failureDetails":[],"failureMessages":[],"fullName":"Calendar Edge Cases handles empty selection gracefully","invocations":1,"location":null,"numPassingAsserts":0,"retryReasons":[],"status":"pending","title":"handles empty selection gracefully"},{"ancestorTitles":["Calendar","Edge Cases"],"duration":null,"failureDetails":[],"failureMessages":[],"fullName":"Calendar Edge Cases handles rapid month navigation","invocations":1,"location":null,"numPassingAsserts":0,"retryReasons":[],"status":"pending","title":"handles rapid month navigation"},{"ancestorTitles":["Calendar","Edge Cases"],"duration":null,"failureDetails":[],"failureMessages":[],"fullName":"Calendar Edge Cases handles range with same from and to date","invocations":1,"location":null,"numPassingAsserts":0,"retryReasons":[],"status":"pending","title":"handles range with same from and to date"},{"ancestorTitles":["Calendar","Edge Cases"],"duration":null,"failureDetails":[],"failureMessages":[],"fullName":"Calendar Edge Cases handles incomplete range (from without to)","invocations":1,"location":null,"numPassingAsserts":0,"retryReasons":[],"status":"pending","title":"handles incomplete range (from without to)"},{"ancestorTitles":["Calendar","Edge Cases"],"duration":null,"failureDetails":[],"failureMessages":[],"fullName":"Calendar Edge Cases handles multiple selected dates (empty array)","invocations":1,"location":null,"numPassingAsserts":0,"retryReasons":[],"status":"pending","title":"handles multiple selected dates (empty array)"},{"ancestorTitles":["Calendar","Localization"],"duration":null,"failureDetails":[],"failureMessages":[],"fullName":"Calendar Localization renders with default locale","invocations":1,"location":null,"numPassingAsserts":0,"retryReasons":[],"status":"pending","title":"renders with default locale"},{"ancestorTitles":["Calendar","Localization"],"duration":null,"failureDetails":[],"failureMessages":[],"fullName":"Calendar Localization supports custom locale via props","invocations":1,"location":null,"numPassingAsserts":0,"retryReasons":[],"status":"pending","title":"supports custom locale via props"},{"ancestorTitles":["Calendar","Localization"],"duration":null,"failureDetails":[],"failureMessages":[],"fullName":"Calendar Localization renders month names","invocations":1,"location":null,"numPassingAsserts":0,"retryReasons":[],"status":"pending","title":"renders month names"},{"ancestorTitles":["Calendar","Localization"],"duration":null,"failureDetails":[],"failureMessages":[],"fullName":"Calendar Localization renders day names (headers)","invocations":1,"location":null,"numPassingAsserts":0,"retryReasons":[],"status":"pending","title":"renders day names (headers)"},{"ancestorTitles":["Calendar","Custom Styling"],"duration":null,"failureDetails":[],"failureMessages":[],"fullName":"Calendar Custom Styling accepts custom className","invocations":1,"location":null,"numPassingAsserts":0,"retryReasons":[],"status":"pending","title":"accepts custom className"},{"ancestorTitles":["Calendar","Custom Styling"],"duration":null,"failureDetails":[],"failureMessages":[],"fullName":"Calendar Custom Styling supports custom button variant","invocations":1,"location":null,"numPassingAsserts":0,"retryReasons":[],"status":"pending","title":"supports custom button variant"},{"ancestorTitles":["Calendar","Custom Styling"],"duration":null,"failureDetails":[],"failureMessages":[],"fullName":"Calendar Custom Styling applies custom classNames to subcomponents","invocations":1,"location":null,"numPassingAsserts":0,"retryReasons":[],"status":"pending","title":"applies custom classNames to subcomponents"}],"coverage":{},"endTime":1767394856868,"message":"","name":"C:\\Users\\bsval\\terrafusion_os_1.0\\frontend\\apps\\os-shell\\src\\components\\ui\\calendar.test.tsx","startTime":1767394856868,"status":"skipped","summary":""}],"wasInterrupted":false}
