{"numFailedTestSuites":0,"numFailedTests":0,"numPassedTestSuites":5,"numPassedTests":56,"numPendingTestSuites":0,"numPendingTests":15,"numRuntimeErrorTestSuites":0,"numTodoTests":0,"numTotalTestSuites":5,"numTotalTests":71,"openHandles":[],"snapshot":{"added":0,"didUpdate":false,"failure":false,"filesAdded":0,"filesRemoved":0,"filesRemovedList":[],"filesUnmatched":0,"filesUpdated":0,"matched":0,"total":0,"unchecked":0,"uncheckedKeysByFile":[],"unmatched":0,"updated":0},"startTime":1767377548345,"success":true,"testResults":[{"assertionResults":[{"ancestorTitles":["SystemGptGuardrailPanel","when no decision is available"],"duration":73,"failureDetails":[],"failureMessages":[],"fullName":"SystemGptGuardrailPanel when no decision is available displays no-decision message when decision is null","invocations":1,"location":null,"numPassingAsserts":2,"retryReasons":[],"status":"passed","title":"displays no-decision message when decision is null"},{"ancestorTitles":["SystemGptGuardrailPanel","when no decision is available"],"duration":4,"failureDetails":[],"failureMessages":[],"fullName":"SystemGptGuardrailPanel when no decision is available displays no-decision message when decision is undefined","invocations":1,"location":null,"numPassingAsserts":1,"retryReasons":[],"status":"passed","title":"displays no-decision message when decision is undefined"},{"ancestorTitles":["SystemGptGuardrailPanel","when no decision is available"],"duration":2,"failureDetails":[],"failureMessages":[],"fullName":"SystemGptGuardrailPanel when no decision is available explains what guardrails do","invocations":1,"location":null,"numPassingAsserts":1,"retryReasons":[],"status":"passed","title":"explains what guardrails do"},{"ancestorTitles":["SystemGptGuardrailPanel","when decision is allowed"],"duration":4,"failureDetails":[],"failureMessages":[],"fullName":"SystemGptGuardrailPanel when decision is allowed shows allowed status","invocations":1,"location":null,"numPassingAsserts":1,"retryReasons":[],"status":"passed","title":"shows allowed status"},{"ancestorTitles":["SystemGptGuardrailPanel","when decision is allowed"],"duration":4,"failureDetails":[],"failureMessages":[],"fullName":"SystemGptGuardrailPanel when decision is allowed shows advisory message","invocations":1,"location":null,"numPassingAsserts":1,"retryReasons":[],"status":"passed","title":"shows advisory message"},{"ancestorTitles":["SystemGptGuardrailPanel","when decision is allowed"],"duration":3,"failureDetails":[],"failureMessages":[],"fullName":"SystemGptGuardrailPanel when decision is allowed shows context ID","invocations":1,"location":null,"numPassingAsserts":1,"retryReasons":[],"status":"passed","title":"shows context ID"},{"ancestorTitles":["SystemGptGuardrailPanel","when decision is denied"],"duration":3,"failureDetails":[],"failureMessages":[],"fullName":"SystemGptGuardrailPanel when decision is denied shows denied status","invocations":1,"location":null,"numPassingAsserts":1,"retryReasons":[],"status":"passed","title":"shows denied status"},{"ancestorTitles":["SystemGptGuardrailPanel","when decision is denied"],"duration":3,"failureDetails":[],"failureMessages":[],"fullName":"SystemGptGuardrailPanel when decision is denied shows deny reason","invocations":1,"location":null,"numPassingAsserts":1,"retryReasons":[],"status":"passed","title":"shows deny reason"},{"ancestorTitles":["SystemGptGuardrailPanel","behavior flags display"],"duration":5,"failureDetails":[],"failureMessages":[],"fullName":"SystemGptGuardrailPanel behavior flags display shows all flags as off when disabled","invocations":1,"location":null,"numPassingAsserts":4,"retryReasons":[],"status":"passed","title":"shows all flags as off when disabled"},{"ancestorTitles":["SystemGptGuardrailPanel","behavior flags display"],"duration":4,"failureDetails":[],"failureMessages":[],"fullName":"SystemGptGuardrailPanel behavior flags display shows throttle flag when enabled","invocations":1,"location":null,"numPassingAsserts":1,"retryReasons":[],"status":"passed","title":"shows throttle flag when enabled"},{"ancestorTitles":["SystemGptGuardrailPanel","behavior flags display"],"duration":2,"failureDetails":[],"failureMessages":[],"fullName":"SystemGptGuardrailPanel behavior flags display shows sanitize flag when enabled","invocations":1,"location":null,"numPassingAsserts":1,"retryReasons":[],"status":"passed","title":"shows sanitize flag when enabled"},{"ancestorTitles":["SystemGptGuardrailPanel","behavior flags display"],"duration":2,"failureDetails":[],"failureMessages":[],"fullName":"SystemGptGuardrailPanel behavior flags display shows force explain flag when enabled","invocations":1,"location":null,"numPassingAsserts":1,"retryReasons":[],"status":"passed","title":"shows force explain flag when enabled"},{"ancestorTitles":["SystemGptGuardrailPanel","behavior flags display"],"duration":3,"failureDetails":[],"failureMessages":[],"fullName":"SystemGptGuardrailPanel behavior flags display shows safe mode recommended flag when enabled","invocations":1,"location":null,"numPassingAsserts":1,"retryReasons":[],"status":"passed","title":"shows safe mode recommended flag when enabled"},{"ancestorTitles":["SystemGptGuardrailPanel","timestamp display"],"duration":2,"failureDetails":[],"failureMessages":[],"fullName":"SystemGptGuardrailPanel timestamp display shows relative time for recent decisions","invocations":1,"location":null,"numPassingAsserts":1,"retryReasons":[],"status":"passed","title":"shows relative time for recent decisions"}],"endTime":1767377550856,"message":"","name":"C:\\Users\\bsval\\terrafusion_os_1.0\\frontend\\apps\\os-shell\\src\\features\\gpt\\components\\__tests__\\SystemGptGuardrailPanel.test.tsx","startTime":1767377549537,"status":"passed","summary":""},{"assertionResults":[{"ancestorTitles":["SystemGptRagFleetPanel","when data is provided externally"],"duration":100,"failureDetails":[],"failureMessages":[],"fullName":"SystemGptRagFleetPanel when data is provided externally displays fleet readiness header","invocations":1,"location":null,"numPassingAsserts":1,"retryReasons":[],"status":"passed","title":"displays fleet readiness header"},{"ancestorTitles":["SystemGptRagFleetPanel","when data is provided externally"],"duration":6,"failureDetails":[],"failureMessages":[],"fullName":"SystemGptRagFleetPanel when data is provided externally displays phase information","invocations":1,"location":null,"numPassingAsserts":1,"retryReasons":[],"status":"passed","title":"displays phase information"},{"ancestorTitles":["SystemGptRagFleetPanel","when data is provided externally"],"duration":5,"failureDetails":[],"failureMessages":[],"fullName":"SystemGptRagFleetPanel when data is provided externally displays advisory message","invocations":1,"location":null,"numPassingAsserts":1,"retryReasons":[],"status":"passed","title":"displays advisory message"},{"ancestorTitles":["SystemGptRagFleetPanel","when data is provided externally"],"duration":7,"failureDetails":[],"failureMessages":[],"fullName":"SystemGptRagFleetPanel when data is provided externally displays fleet stats","invocations":1,"location":null,"numPassingAsserts":3,"retryReasons":[],"status":"passed","title":"displays fleet stats"},{"ancestorTitles":["SystemGptRagFleetPanel","when data is provided externally"],"duration":5,"failureDetails":[],"failureMessages":[],"fullName":"SystemGptRagFleetPanel when data is provided externally displays county name in table","invocations":1,"location":null,"numPassingAsserts":1,"retryReasons":[],"status":"passed","title":"displays county name in table"},{"ancestorTitles":["SystemGptRagFleetPanel","drift risk badge display"],"duration":3,"failureDetails":[],"failureMessages":[],"fullName":"SystemGptRagFleetPanel drift risk badge display shows FLEET ALIGNED for Low risk","invocations":1,"location":null,"numPassingAsserts":1,"retryReasons":[],"status":"passed","title":"shows FLEET ALIGNED for Low risk"},{"ancestorTitles":["SystemGptRagFleetPanel","drift risk badge display"],"duration":4,"failureDetails":[],"failureMessages":[],"fullName":"SystemGptRagFleetPanel drift risk badge display shows DRIFT DETECTED for Medium risk","invocations":1,"location":null,"numPassingAsserts":1,"retryReasons":[],"status":"passed","title":"shows DRIFT DETECTED for Medium risk"},{"ancestorTitles":["SystemGptRagFleetPanel","drift risk badge display"],"duration":4,"failureDetails":[],"failureMessages":[],"fullName":"SystemGptRagFleetPanel drift risk badge display shows HIGH DRIFT for High risk","invocations":1,"location":null,"numPassingAsserts":1,"retryReasons":[],"status":"passed","title":"shows HIGH DRIFT for High risk"},{"ancestorTitles":["SystemGptRagFleetPanel","county status display"],"duration":4,"failureDetails":[],"failureMessages":[],"fullName":"SystemGptRagFleetPanel county status display displays Ready status badge","invocations":1,"location":null,"numPassingAsserts":1,"retryReasons":[],"status":"passed","title":"displays Ready status badge"},{"ancestorTitles":["SystemGptRagFleetPanel","county status display"],"duration":4,"failureDetails":[],"failureMessages":[],"fullName":"SystemGptRagFleetPanel county status display displays Stale status badge","invocations":1,"location":null,"numPassingAsserts":1,"retryReasons":[],"status":"passed","title":"displays Stale status badge"},{"ancestorTitles":["SystemGptRagFleetPanel","county status display"],"duration":4,"failureDetails":[],"failureMessages":[],"fullName":"SystemGptRagFleetPanel county status display displays Unindexed status badge","invocations":1,"location":null,"numPassingAsserts":1,"retryReasons":[],"status":"passed","title":"displays Unindexed status badge"},{"ancestorTitles":["SystemGptRagFleetPanel","drift conditions display"],"duration":4,"failureDetails":[],"failureMessages":[],"fullName":"SystemGptRagFleetPanel drift conditions display shows drift condition labels","invocations":1,"location":null,"numPassingAsserts":1,"retryReasons":[],"status":"passed","title":"shows drift condition labels"},{"ancestorTitles":["SystemGptRagFleetPanel","drift conditions display"],"duration":3,"failureDetails":[],"failureMessages":[],"fullName":"SystemGptRagFleetPanel drift conditions display does not show conditions section when empty","invocations":1,"location":null,"numPassingAsserts":1,"retryReasons":[],"status":"passed","title":"does not show conditions section when empty"},{"ancestorTitles":["SystemGptRagFleetPanel","unconfigured counties handling"],"duration":6,"failureDetails":[],"failureMessages":[],"fullName":"SystemGptRagFleetPanel unconfigured counties handling shows unconfigured counties in collapsed section","invocations":1,"location":null,"numPassingAsserts":1,"retryReasons":[],"status":"passed","title":"shows unconfigured counties in collapsed section"},{"ancestorTitles":["SystemGptRagFleetPanel","loading state"],"duration":20,"failureDetails":[],"failureMessages":[],"fullName":"SystemGptRagFleetPanel loading state shows loading indicator when no data and loading","invocations":1,"location":null,"numPassingAsserts":1,"retryReasons":[],"status":"passed","title":"shows loading indicator when no data and loading"}],"endTime":1767377550953,"message":"","name":"C:\\Users\\bsval\\terrafusion_os_1.0\\frontend\\apps\\os-shell\\src\\features\\gpt\\components\\__tests__\\SystemGptRagFleetPanel.test.tsx","startTime":1767377549549,"status":"passed","summary":""},{"assertionResults":[{"ancestorTitles":["GptStudioView Feature Tests"],"duration":78,"failureDetails":[],"failureMessages":[],"fullName":"GptStudioView Feature Tests renders GPT Suite header","invocations":1,"location":null,"numPassingAsserts":1,"retryReasons":[],"status":"passed","title":"renders GPT Suite header"},{"ancestorTitles":["GptStudioView Feature Tests"],"duration":6,"failureDetails":[],"failureMessages":[],"fullName":"GptStudioView Feature Tests shows loading state initially","invocations":1,"location":null,"numPassingAsserts":1,"retryReasons":[],"status":"passed","title":"shows loading state initially"},{"ancestorTitles":["GptStudioView Feature Tests"],"duration":37,"failureDetails":[],"failureMessages":[],"fullName":"GptStudioView Feature Tests auto-selects PropertyAssessmentGPT and creates conversation","invocations":1,"location":null,"numPassingAsserts":1,"retryReasons":[],"status":"passed","title":"auto-selects PropertyAssessmentGPT and creates conversation"},{"ancestorTitles":["GptStudioView Feature Tests"],"duration":44,"failureDetails":[],"failureMessages":[],"fullName":"GptStudioView Feature Tests renders send button when conversation is active","invocations":1,"location":null,"numPassingAsserts":1,"retryReasons":[],"status":"passed","title":"renders send button when conversation is active"},{"ancestorTitles":["GptStudioView Feature Tests"],"duration":18,"failureDetails":[],"failureMessages":[],"fullName":"GptStudioView Feature Tests renders textarea for message input","invocations":1,"location":null,"numPassingAsserts":1,"retryReasons":[],"status":"passed","title":"renders textarea for message input"},{"ancestorTitles":["GptStudioView Feature Tests"],"duration":42,"failureDetails":[],"failureMessages":[],"fullName":"GptStudioView Feature Tests calls sendMessage when user sends a message","invocations":1,"location":null,"numPassingAsserts":2,"retryReasons":[],"status":"passed","title":"calls sendMessage when user sends a message"},{"ancestorTitles":["GptStudioView Feature Tests"],"duration":8,"failureDetails":[],"failureMessages":[],"fullName":"GptStudioView Feature Tests shows error state when API fails","invocations":1,"location":null,"numPassingAsserts":1,"retryReasons":[],"status":"passed","title":"shows error state when API fails"},{"ancestorTitles":["GptStudioView Feature Tests"],"duration":13,"failureDetails":[],"failureMessages":[],"fullName":"GptStudioView Feature Tests shows empty state when no GPTs available","invocations":1,"location":null,"numPassingAsserts":1,"retryReasons":[],"status":"passed","title":"shows empty state when no GPTs available"}],"endTime":1767377551016,"message":"","name":"C:\\Users\\bsval\\terrafusion_os_1.0\\frontend\\apps\\os-shell\\src\\features\\gpt\\__tests__\\GptStudioView.test.tsx","startTime":1767377549535,"status":"passed","summary":""},{"assertionResults":[{"ancestorTitles":["GptStudioView Explain Button","Explain button visibility"],"duration":121,"failureDetails":[],"failureMessages":[],"fullName":"GptStudioView Explain Button Explain button visibility renders explain button when GPT is selected and conversation exists","invocations":1,"location":null,"numPassingAsserts":3,"retryReasons":[],"status":"passed","title":"renders explain button when GPT is selected and conversation exists"},{"ancestorTitles":["GptStudioView Explain Button","Explain flow - happy path"],"duration":39,"failureDetails":[],"failureMessages":[],"fullName":"GptStudioView Explain Button Explain flow - happy path shows explanation when explain button is clicked","invocations":1,"location":null,"numPassingAsserts":4,"retryReasons":[],"status":"passed","title":"shows explanation when explain button is clicked"},{"ancestorTitles":["GptStudioView Explain Button","Explain flow - happy path"],"duration":37,"failureDetails":[],"failureMessages":[],"fullName":"GptStudioView Explain Button Explain flow - happy path shows key points in explanation","invocations":1,"location":null,"numPassingAsserts":4,"retryReasons":[],"status":"passed","title":"shows key points in explanation"},{"ancestorTitles":["GptStudioView Explain Button","Explain flow - error path"],"duration":26,"failureDetails":[],"failureMessages":[],"fullName":"GptStudioView Explain Button Explain flow - error path shows error message when explain fails","invocations":1,"location":null,"numPassingAsserts":4,"retryReasons":[],"status":"passed","title":"shows error message when explain fails"},{"ancestorTitles":["GptStudioView Explain Button","close interaction"],"duration":38,"failureDetails":[],"failureMessages":[],"fullName":"GptStudioView Explain Button close interaction closes explanation panel when close is clicked","invocations":1,"location":null,"numPassingAsserts":4,"retryReasons":[],"status":"passed","title":"closes explanation panel when close is clicked"}],"endTime":1767377551044,"message":"","name":"C:\\Users\\bsval\\terrafusion_os_1.0\\frontend\\apps\\os-shell\\src\\features\\gpt\\__tests__\\GptStudioExplain.test.tsx","startTime":1767377549544,"status":"passed","summary":""},{"assertionResults":[{"ancestorTitles":["SystemGptAtlasPanel","loading state"],"duration":74,"failureDetails":[],"failureMessages":[],"fullName":"SystemGptAtlasPanel loading state shows loading indicator initially","invocations":1,"location":null,"numPassingAsserts":1,"retryReasons":[],"status":"passed","title":"shows loading indicator initially"},{"ancestorTitles":["SystemGptAtlasPanel","when data loads successfully"],"duration":63,"failureDetails":[],"failureMessages":[],"fullName":"SystemGptAtlasPanel when data loads successfully displays Atlas header","invocations":1,"location":null,"numPassingAsserts":1,"retryReasons":[],"status":"passed","title":"displays Atlas header"},{"ancestorTitles":["SystemGptAtlasPanel","when data loads successfully"],"duration":10,"failureDetails":[],"failureMessages":[],"fullName":"SystemGptAtlasPanel when data loads successfully displays phase information","invocations":1,"location":null,"numPassingAsserts":1,"retryReasons":[],"status":"passed","title":"displays phase information"},{"ancestorTitles":["SystemGptAtlasPanel","when data loads successfully"],"duration":9,"failureDetails":[],"failureMessages":[],"fullName":"SystemGptAtlasPanel when data loads successfully displays all county nodes","invocations":1,"location":null,"numPassingAsserts":3,"retryReasons":[],"status":"passed","title":"displays all county nodes"},{"ancestorTitles":["SystemGptAtlasPanel","when data loads successfully"],"duration":9,"failureDetails":[],"failureMessages":[],"fullName":"SystemGptAtlasPanel when data loads successfully displays legend","invocations":1,"location":null,"numPassingAsserts":4,"retryReasons":[],"status":"passed","title":"displays legend"},{"ancestorTitles":["SystemGptAtlasPanel","when data loads successfully"],"duration":9,"failureDetails":[],"failureMessages":[],"fullName":"SystemGptAtlasPanel when data loads successfully displays fleet stats","invocations":1,"location":null,"numPassingAsserts":2,"retryReasons":[],"status":"passed","title":"displays fleet stats"},{"ancestorTitles":["SystemGptAtlasPanel","county node interactions"],"duration":12,"failureDetails":[],"failureMessages":[],"fullName":"SystemGptAtlasPanel county node interactions calls onCountySelect when clicking a county node","invocations":1,"location":null,"numPassingAsserts":2,"retryReasons":[],"status":"passed","title":"calls onCountySelect when clicking a county node"},{"ancestorTitles":["SystemGptAtlasPanel","county node interactions"],"duration":50,"failureDetails":[],"failureMessages":[],"fullName":"SystemGptAtlasPanel county node interactions shows refresh button","invocations":1,"location":null,"numPassingAsserts":1,"retryReasons":[],"status":"passed","title":"shows refresh button"},{"ancestorTitles":["SystemGptAtlasPanel","RAG status display"],"duration":11,"failureDetails":[],"failureMessages":[],"fullName":"SystemGptAtlasPanel RAG status display displays RAG status badges for each county","invocations":1,"location":null,"numPassingAsserts":3,"retryReasons":[],"status":"passed","title":"displays RAG status badges for each county"},{"ancestorTitles":["SystemGptAtlasPanel","warning indicators"],"duration":8,"failureDetails":[],"failureMessages":[],"fullName":"SystemGptAtlasPanel warning indicators displays guardrail denial indicator for affected county","invocations":1,"location":null,"numPassingAsserts":1,"retryReasons":[],"status":"passed","title":"displays guardrail denial indicator for affected county"},{"ancestorTitles":["SystemGptAtlasPanel","warning indicators"],"duration":7,"failureDetails":[],"failureMessages":[],"fullName":"SystemGptAtlasPanel warning indicators displays not configured indicator for unconfigured county","invocations":1,"location":null,"numPassingAsserts":1,"retryReasons":[],"status":"passed","title":"displays not configured indicator for unconfigured county"},{"ancestorTitles":["SystemGptAtlasPanel","error state"],"duration":23,"failureDetails":[],"failureMessages":[],"fullName":"SystemGptAtlasPanel error state displays error message when fetch fails","invocations":1,"location":null,"numPassingAsserts":2,"retryReasons":[],"status":"passed","title":"displays error message when fetch fails"},{"ancestorTitles":["SystemGptAtlasPanel","error state"],"duration":8,"failureDetails":[],"failureMessages":[],"fullName":"SystemGptAtlasPanel error state shows retry button on error","invocations":1,"location":null,"numPassingAsserts":1,"retryReasons":[],"status":"passed","title":"shows retry button on error"},{"ancestorTitles":["SystemGptAtlasPanel","empty state"],"duration":2,"failureDetails":[],"failureMessages":[],"fullName":"SystemGptAtlasPanel empty state displays empty message when no nodes","invocations":1,"location":null,"numPassingAsserts":1,"retryReasons":[],"status":"passed","title":"displays empty message when no nodes"},{"ancestorTitles":["SystemGptAtlasPanel","Phase 29: Live Streaming Integration","C2.1 - Connection state display"],"duration":null,"failureDetails":[],"failureMessages":[],"fullName":"SystemGptAtlasPanel Phase 29: Live Streaming Integration C2.1 - Connection state display should show connecting indicator when connectionState is connecting","invocations":1,"location":null,"numPassingAsserts":0,"retryReasons":[],"status":"pending","title":"should show connecting indicator when connectionState is connecting"},{"ancestorTitles":["SystemGptAtlasPanel","Phase 29: Live Streaming Integration","C2.1 - Connection state display"],"duration":null,"failureDetails":[],"failureMessages":[],"fullName":"SystemGptAtlasPanel Phase 29: Live Streaming Integration C2.1 - Connection state display should show connected/live indicator when connectionState is connected","invocations":1,"location":null,"numPassingAsserts":0,"retryReasons":[],"status":"pending","title":"should show connected/live indicator when connectionState is connected"},{"ancestorTitles":["SystemGptAtlasPanel","Phase 29: Live Streaming Integration","C2.1 - Connection state display"],"duration":null,"failureDetails":[],"failureMessages":[],"fullName":"SystemGptAtlasPanel Phase 29: Live Streaming Integration C2.1 - Connection state display should show reconnecting indicator with retry info","invocations":1,"location":null,"numPassingAsserts":0,"retryReasons":[],"status":"pending","title":"should show reconnecting indicator with retry info"},{"ancestorTitles":["SystemGptAtlasPanel","Phase 29: Live Streaming Integration","C2.1 - Connection state display"],"duration":null,"failureDetails":[],"failureMessages":[],"fullName":"SystemGptAtlasPanel Phase 29: Live Streaming Integration C2.1 - Connection state display should show offline indicator with fallback message","invocations":1,"location":null,"numPassingAsserts":0,"retryReasons":[],"status":"pending","title":"should show offline indicator with fallback message"},{"ancestorTitles":["SystemGptAtlasPanel","Phase 29: Live Streaming Integration","C2.2 - County node health visualization"],"duration":null,"failureDetails":[],"failureMessages":[],"fullName":"SystemGptAtlasPanel Phase 29: Live Streaming Integration C2.2 - County node health visualization should render healthy county with green indicator","invocations":1,"location":null,"numPassingAsserts":0,"retryReasons":[],"status":"pending","title":"should render healthy county with green indicator"},{"ancestorTitles":["SystemGptAtlasPanel","Phase 29: Live Streaming Integration","C2.2 - County node health visualization"],"duration":null,"failureDetails":[],"failureMessages":[],"fullName":"SystemGptAtlasPanel Phase 29: Live Streaming Integration C2.2 - County node health visualization should render warning county with yellow/amber indicator","invocations":1,"location":null,"numPassingAsserts":0,"retryReasons":[],"status":"pending","title":"should render warning county with yellow/amber indicator"},{"ancestorTitles":["SystemGptAtlasPanel","Phase 29: Live Streaming Integration","C2.2 - County node health visualization"],"duration":null,"failureDetails":[],"failureMessages":[],"fullName":"SystemGptAtlasPanel Phase 29: Live Streaming Integration C2.2 - County node health visualization should render critical county with red indicator","invocations":1,"location":null,"numPassingAsserts":0,"retryReasons":[],"status":"pending","title":"should render critical county with red indicator"},{"ancestorTitles":["SystemGptAtlasPanel","Phase 29: Live Streaming Integration","C2.2 - County node health visualization"],"duration":null,"failureDetails":[],"failureMessages":[],"fullName":"SystemGptAtlasPanel Phase 29: Live Streaming Integration C2.2 - County node health visualization should render offline county with gray indicator","invocations":1,"location":null,"numPassingAsserts":0,"retryReasons":[],"status":"pending","title":"should render offline county with gray indicator"},{"ancestorTitles":["SystemGptAtlasPanel","Phase 29: Live Streaming Integration","C2.3 - Live metrics display"],"duration":null,"failureDetails":[],"failureMessages":[],"fullName":"SystemGptAtlasPanel Phase 29: Live Streaming Integration C2.3 - Live metrics display should display health score percentage","invocations":1,"location":null,"numPassingAsserts":0,"retryReasons":[],"status":"pending","title":"should display health score percentage"},{"ancestorTitles":["SystemGptAtlasPanel","Phase 29: Live Streaming Integration","C2.3 - Live metrics display"],"duration":null,"failureDetails":[],"failureMessages":[],"fullName":"SystemGptAtlasPanel Phase 29: Live Streaming Integration C2.3 - Live metrics display should display active requests count","invocations":1,"location":null,"numPassingAsserts":0,"retryReasons":[],"status":"pending","title":"should display active requests count"},{"ancestorTitles":["SystemGptAtlasPanel","Phase 29: Live Streaming Integration","C2.3 - Live metrics display"],"duration":null,"failureDetails":[],"failureMessages":[],"fullName":"SystemGptAtlasPanel Phase 29: Live Streaming Integration C2.3 - Live metrics display should display P95 latency","invocations":1,"location":null,"numPassingAsserts":0,"retryReasons":[],"status":"pending","title":"should display P95 latency"},{"ancestorTitles":["SystemGptAtlasPanel","Phase 29: Live Streaming Integration","C2.4 - Alert display"],"duration":null,"failureDetails":[],"failureMessages":[],"fullName":"SystemGptAtlasPanel Phase 29: Live Streaming Integration C2.4 - Alert display should display active alerts for county","invocations":1,"location":null,"numPassingAsserts":0,"retryReasons":[],"status":"pending","title":"should display active alerts for county"},{"ancestorTitles":["SystemGptAtlasPanel","Phase 29: Live Streaming Integration","C2.4 - Alert display"],"duration":null,"failureDetails":[],"failureMessages":[],"fullName":"SystemGptAtlasPanel Phase 29: Live Streaming Integration C2.4 - Alert display should not show alert section when no alerts","invocations":1,"location":null,"numPassingAsserts":0,"retryReasons":[],"status":"pending","title":"should not show alert section when no alerts"},{"ancestorTitles":["SystemGptAtlasPanel","Phase 29: Live Streaming Integration","C2.5 - Static + Live merge"],"duration":null,"failureDetails":[],"failureMessages":[],"fullName":"SystemGptAtlasPanel Phase 29: Live Streaming Integration C2.5 - Static + Live merge should show static data when live data not yet received","invocations":1,"location":null,"numPassingAsserts":0,"retryReasons":[],"status":"pending","title":"should show static data when live data not yet received"},{"ancestorTitles":["SystemGptAtlasPanel","Phase 29: Live Streaming Integration","C2.5 - Static + Live merge"],"duration":null,"failureDetails":[],"failureMessages":[],"fullName":"SystemGptAtlasPanel Phase 29: Live Streaming Integration C2.5 - Static + Live merge should overlay live data on static nodes when available","invocations":1,"location":null,"numPassingAsserts":0,"retryReasons":[],"status":"pending","title":"should overlay live data on static nodes when available"}],"endTime":1767377551053,"message":"","name":"C:\\Users\\bsval\\terrafusion_os_1.0\\frontend\\apps\\os-shell\\src\\features\\gpt\\components\\__tests__\\SystemGptAtlasPanel.test.tsx","startTime":1767377549536,"status":"focused","summary":""}],"wasInterrupted":false}
