<?xml version="1.0" encoding="utf-8"?>
<TestRun id="9917228f-f192-4450-ae89-53c743495e74" name="bsval@OMEN 2025-11-04 12:17:28" runUser="OMEN\bsval" xmlns="http://microsoft.com/schemas/VisualStudio/TeamTest/2010">
  <Times creation="2025-11-04T12:17:28.6761968-08:00" queuing="2025-11-04T12:17:28.6761979-08:00" start="2025-11-04T12:17:25.9421341-08:00" finish="2025-11-04T12:17:35.8659730-08:00" />
  <TestSettings name="default" id="eabc542d-4c7c-4746-975d-a71234849197">
    <Deployment runDeploymentRoot="bsval_OMEN_2025-11-04_12_17_28" />
  </TestSettings>
  <Results>
    <UnitTestResult executionId="1efab4a7-0857-4965-a518-54edec9272cb" testId="ef928657-8126-3049-2606-23fe8bc190de" testName="TerraFusion.API.Tests.SystemIntegrationTests.Performance_ConcurrentRequests_MaintainStability" computerName="OMEN" duration="00:00:00.0340992" startTime="2025-11-04T12:17:35.2782431-08:00" endTime="2025-11-04T12:17:35.2782436-08:00" testType="13cdc9d9-ddb5-4fa4-a97d-d965ccfc6d4b" outcome="Failed" testListId="8c84fa94-04c1-424b-9868-57a2d4851a1d" relativeResultsDirectory="1efab4a7-0857-4965-a518-54edec9272cb">
      <Output>
        <StdOut>Testing concurrent request handling...</StdOut>
        <ErrorInfo>
          <Message>Expected successRate to be greater than 95.0 because Should handle 95%+ of concurrent requests successfully, but found 0.0 (difference of -95).</Message>
          <StackTrace>   at FluentAssertions.Execution.XUnit2TestFramework.Throw(String message)&#xD;
   at FluentAssertions.Execution.TestFrameworkProvider.Throw(String message)&#xD;
   at FluentAssertions.Execution.DefaultAssertionStrategy.HandleFailure(String message)&#xD;
   at FluentAssertions.Execution.AssertionScope.FailWith(Func`1 failReasonFunc)&#xD;
   at FluentAssertions.Execution.AssertionScope.FailWith(Func`1 failReasonFunc)&#xD;
   at FluentAssertions.Execution.AssertionScope.FailWith(String message, Object[] args)&#xD;
   at FluentAssertions.Numeric.NumericAssertions`2.BeGreaterThan(T expected, String because, Object[] becauseArgs)&#xD;
   at TerraFusion.API.Tests.SystemIntegrationTests.Performance_ConcurrentRequests_MaintainStability() in C:\Users\bsval\terrafusion_os_1.0\backend\TerraFusion.API.Tests\SystemIntegrationTests.cs:line 677&#xD;
--- End of stack trace from previous location ---</StackTrace>
        </ErrorInfo>
      </Output>
    </UnitTestResult>
    <UnitTestResult executionId="1cebe1c6-1bb6-4895-bff2-5204ec2f4630" testId="940372da-669d-3560-a87c-48066fbf8fe0" testName="TerraFusion.API.Tests.OSCoreHubTests.AuthenticateOS_HappyPath_SendsSuccessAndAudit" computerName="OMEN" duration="00:00:00.4283669" startTime="2025-11-04T12:17:28.6200275-08:00" endTime="2025-11-04T12:17:28.6200425-08:00" testType="13cdc9d9-ddb5-4fa4-a97d-d965ccfc6d4b" outcome="Passed" testListId="8c84fa94-04c1-424b-9868-57a2d4851a1d" relativeResultsDirectory="1cebe1c6-1bb6-4895-bff2-5204ec2f4630" />
    <UnitTestResult executionId="46c9d6e1-c883-4f0d-8707-a55fce1650c1" testId="aff15646-1640-a7bf-8ef3-33b6a7852f60" testName="TerraFusion.API.Tests.OSCoreHubTests.Heartbeat_ValidPayload_EmitsAuditEntry" computerName="OMEN" duration="00:00:00.0033284" startTime="2025-11-04T12:17:28.6481797-08:00" endTime="2025-11-04T12:17:28.6481800-08:00" testType="13cdc9d9-ddb5-4fa4-a97d-d965ccfc6d4b" outcome="Passed" testListId="8c84fa94-04c1-424b-9868-57a2d4851a1d" relativeResultsDirectory="46c9d6e1-c883-4f0d-8707-a55fce1650c1" />
    <UnitTestResult executionId="564d2ced-2c1b-4e87-a530-507dc8eab9a4" testId="eec61138-013f-ef2e-7c6c-8440366c1df5" testName="TerraFusion.API.Tests.SystemIntegrationTests.Security_MaintainsAuditTrail_WithComplianceReporting" computerName="OMEN" duration="00:00:00.0138198" startTime="2025-11-04T12:17:35.0385795-08:00" endTime="2025-11-04T12:17:35.0385798-08:00" testType="13cdc9d9-ddb5-4fa4-a97d-d965ccfc6d4b" outcome="Failed" testListId="8c84fa94-04c1-424b-9868-57a2d4851a1d" relativeResultsDirectory="564d2ced-2c1b-4e87-a530-507dc8eab9a4">
      <Output>
        <StdOut>Testing security audit trail endpoint...</StdOut>
        <ErrorInfo>
          <Message>Expected response.StatusCode to be HttpStatusCode.OK {value: 200}, but found HttpStatusCode.InternalServerError {value: 500}.</Message>
          <StackTrace>   at FluentAssertions.Execution.XUnit2TestFramework.Throw(String message)&#xD;
   at FluentAssertions.Execution.TestFrameworkProvider.Throw(String message)&#xD;
   at FluentAssertions.Execution.DefaultAssertionStrategy.HandleFailure(String message)&#xD;
   at FluentAssertions.Execution.AssertionScope.FailWith(Func`1 failReasonFunc)&#xD;
   at FluentAssertions.Execution.AssertionScope.FailWith(Func`1 failReasonFunc)&#xD;
   at FluentAssertions.Execution.AssertionScope.FailWith(String message, Object[] args)&#xD;
   at FluentAssertions.Primitives.EnumAssertions`2.Be(TEnum expected, String because, Object[] becauseArgs)&#xD;
   at TerraFusion.API.Tests.SystemIntegrationTests.Security_MaintainsAuditTrail_WithComplianceReporting() in C:\Users\bsval\terrafusion_os_1.0\backend\TerraFusion.API.Tests\SystemIntegrationTests.cs:line 496&#xD;
--- End of stack trace from previous location ---</StackTrace>
        </ErrorInfo>
      </Output>
    </UnitTestResult>
    <UnitTestResult executionId="8c33215d-5c73-4486-9780-f71330c8fefa" testId="1f8ea381-8abe-107f-a0e0-b4b82e211f7d" testName="TerraFusion.API.Tests.SystemIntegrationTests.Security_DetectsVulnerabilities_WithCVSSScoring" computerName="OMEN" duration="00:00:00.0073528" startTime="2025-11-04T12:17:35.3053750-08:00" endTime="2025-11-04T12:17:35.3053753-08:00" testType="13cdc9d9-ddb5-4fa4-a97d-d965ccfc6d4b" outcome="Failed" testListId="8c84fa94-04c1-424b-9868-57a2d4851a1d" relativeResultsDirectory="8c33215d-5c73-4486-9780-f71330c8fefa">
      <Output>
        <StdOut>Testing security vulnerabilities endpoint...</StdOut>
        <ErrorInfo>
          <Message>Expected response.StatusCode to be HttpStatusCode.OK {value: 200}, but found HttpStatusCode.InternalServerError {value: 500}.</Message>
          <StackTrace>   at FluentAssertions.Execution.XUnit2TestFramework.Throw(String message)&#xD;
   at FluentAssertions.Execution.TestFrameworkProvider.Throw(String message)&#xD;
   at FluentAssertions.Execution.DefaultAssertionStrategy.HandleFailure(String message)&#xD;
   at FluentAssertions.Execution.AssertionScope.FailWith(Func`1 failReasonFunc)&#xD;
   at FluentAssertions.Execution.AssertionScope.FailWith(Func`1 failReasonFunc)&#xD;
   at FluentAssertions.Execution.AssertionScope.FailWith(String message, Object[] args)&#xD;
   at FluentAssertions.Primitives.EnumAssertions`2.Be(TEnum expected, String because, Object[] becauseArgs)&#xD;
   at TerraFusion.API.Tests.SystemIntegrationTests.Security_DetectsVulnerabilities_WithCVSSScoring() in C:\Users\bsval\terrafusion_os_1.0\backend\TerraFusion.API.Tests\SystemIntegrationTests.cs:line 466&#xD;
--- End of stack trace from previous location ---</StackTrace>
        </ErrorInfo>
      </Output>
    </UnitTestResult>
    <UnitTestResult executionId="dcd37f7b-9fbb-4426-b948-734c40b997f5" testId="c4587d10-f52d-401d-1ddf-7cb3bf39ea29" testName="TerraFusion.API.Tests.SystemIntegrationTests.Integration_ConnectsToAllSystems_WithHealthyStatus" computerName="OMEN" duration="00:00:00.0092304" startTime="2025-11-04T12:17:35.2435724-08:00" endTime="2025-11-04T12:17:35.2435726-08:00" testType="13cdc9d9-ddb5-4fa4-a97d-d965ccfc6d4b" outcome="Failed" testListId="8c84fa94-04c1-424b-9868-57a2d4851a1d" relativeResultsDirectory="dcd37f7b-9fbb-4426-b948-734c40b997f5">
      <Output>
        <StdOut>Testing integration status endpoint...</StdOut>
        <ErrorInfo>
          <Message>Expected response.StatusCode to be HttpStatusCode.OK {value: 200}, but found HttpStatusCode.InternalServerError {value: 500}.</Message>
          <StackTrace>   at FluentAssertions.Execution.XUnit2TestFramework.Throw(String message)&#xD;
   at FluentAssertions.Execution.TestFrameworkProvider.Throw(String message)&#xD;
   at FluentAssertions.Execution.DefaultAssertionStrategy.HandleFailure(String message)&#xD;
   at FluentAssertions.Execution.AssertionScope.FailWith(Func`1 failReasonFunc)&#xD;
   at FluentAssertions.Execution.AssertionScope.FailWith(Func`1 failReasonFunc)&#xD;
   at FluentAssertions.Execution.AssertionScope.FailWith(String message, Object[] args)&#xD;
   at FluentAssertions.Primitives.EnumAssertions`2.Be(TEnum expected, String because, Object[] becauseArgs)&#xD;
   at TerraFusion.API.Tests.SystemIntegrationTests.Integration_ConnectsToAllSystems_WithHealthyStatus() in C:\Users\bsval\terrafusion_os_1.0\backend\TerraFusion.API.Tests\SystemIntegrationTests.cs:line 335&#xD;
--- End of stack trace from previous location ---</StackTrace>
        </ErrorInfo>
      </Output>
    </UnitTestResult>
    <UnitTestResult executionId="04d99a1b-e730-4ce6-b5de-bed916111182" testId="20d957df-4f74-34c9-e165-d8e23dc2ed6a" testName="TerraFusion.API.Tests.SystemIntegrationTests.Monitoring_TracksAlerts_WithSeverityLevels" computerName="OMEN" duration="00:00:00.1040258" startTime="2025-11-04T12:17:35.2214691-08:00" endTime="2025-11-04T12:17:35.2214694-08:00" testType="13cdc9d9-ddb5-4fa4-a97d-d965ccfc6d4b" outcome="Failed" testListId="8c84fa94-04c1-424b-9868-57a2d4851a1d" relativeResultsDirectory="04d99a1b-e730-4ce6-b5de-bed916111182">
      <Output>
        <StdOut>Testing monitoring alerts endpoint...</StdOut>
        <ErrorInfo>
          <Message>Expected response.StatusCode to be HttpStatusCode.OK {value: 200}, but found HttpStatusCode.InternalServerError {value: 500}.</Message>
          <StackTrace>   at FluentAssertions.Execution.XUnit2TestFramework.Throw(String message)&#xD;
   at FluentAssertions.Execution.TestFrameworkProvider.Throw(String message)&#xD;
   at FluentAssertions.Execution.DefaultAssertionStrategy.HandleFailure(String message)&#xD;
   at FluentAssertions.Execution.AssertionScope.FailWith(Func`1 failReasonFunc)&#xD;
   at FluentAssertions.Execution.AssertionScope.FailWith(Func`1 failReasonFunc)&#xD;
   at FluentAssertions.Execution.AssertionScope.FailWith(String message, Object[] args)&#xD;
   at FluentAssertions.Primitives.EnumAssertions`2.Be(TEnum expected, String because, Object[] becauseArgs)&#xD;
   at TerraFusion.API.Tests.SystemIntegrationTests.Monitoring_TracksAlerts_WithSeverityLevels() in C:\Users\bsval\terrafusion_os_1.0\backend\TerraFusion.API.Tests\SystemIntegrationTests.cs:line 282&#xD;
--- End of stack trace from previous location ---</StackTrace>
        </ErrorInfo>
      </Output>
    </UnitTestResult>
    <UnitTestResult executionId="ed6fc694-0bfd-4bbc-b074-90a9410f318a" testId="03be95a8-c3a7-bca0-2809-f4923aa60cc5" testName="TerraFusion.API.Tests.SystemIntegrationTests.Integration_SynchronizesData_BetweenSystems" computerName="OMEN" duration="00:00:00.0089828" startTime="2025-11-04T12:17:35.1037426-08:00" endTime="2025-11-04T12:17:35.1037430-08:00" testType="13cdc9d9-ddb5-4fa4-a97d-d965ccfc6d4b" outcome="Failed" testListId="8c84fa94-04c1-424b-9868-57a2d4851a1d" relativeResultsDirectory="ed6fc694-0bfd-4bbc-b074-90a9410f318a">
      <Output>
        <StdOut>Testing integration sync history endpoint...</StdOut>
        <ErrorInfo>
          <Message>Expected response.StatusCode to be HttpStatusCode.OK {value: 200}, but found HttpStatusCode.InternalServerError {value: 500}.</Message>
          <StackTrace>   at FluentAssertions.Execution.XUnit2TestFramework.Throw(String message)&#xD;
   at FluentAssertions.Execution.TestFrameworkProvider.Throw(String message)&#xD;
   at FluentAssertions.Execution.DefaultAssertionStrategy.HandleFailure(String message)&#xD;
   at FluentAssertions.Execution.AssertionScope.FailWith(Func`1 failReasonFunc)&#xD;
   at FluentAssertions.Execution.AssertionScope.FailWith(Func`1 failReasonFunc)&#xD;
   at FluentAssertions.Execution.AssertionScope.FailWith(String message, Object[] args)&#xD;
   at FluentAssertions.Primitives.EnumAssertions`2.Be(TEnum expected, String because, Object[] becauseArgs)&#xD;
   at TerraFusion.API.Tests.SystemIntegrationTests.Integration_SynchronizesData_BetweenSystems() in C:\Users\bsval\terrafusion_os_1.0\backend\TerraFusion.API.Tests\SystemIntegrationTests.cs:line 368&#xD;
--- End of stack trace from previous location ---</StackTrace>
        </ErrorInfo>
      </Output>
    </UnitTestResult>
    <UnitTestResult executionId="7212c590-3a4a-4586-9ea2-12ece011c877" testId="2aaebfc3-508b-0ece-fec9-7b05d7c0c890" testName="TerraFusion.API.Tests.OSCoreHubTests.AuthenticateOS_StaleTimestamp_Fails" computerName="OMEN" duration="00:00:00.0031715" startTime="2025-11-04T12:17:28.6448063-08:00" endTime="2025-11-04T12:17:28.6448067-08:00" testType="13cdc9d9-ddb5-4fa4-a97d-d965ccfc6d4b" outcome="Passed" testListId="8c84fa94-04c1-424b-9868-57a2d4851a1d" relativeResultsDirectory="7212c590-3a4a-4586-9ea2-12ece011c877" />
    <UnitTestResult executionId="0462aad1-903a-448d-922c-a6a3aea87214" testId="8ba02e70-18c5-efe8-bb7e-9cbac9ab2bd4" testName="TerraFusion.API.Tests.SystemIntegrationTests.Integration_ManagesConnectors_ForAllExternalSystems" computerName="OMEN" duration="00:00:00.0062344" startTime="2025-11-04T12:17:35.3364983-08:00" endTime="2025-11-04T12:17:35.3364986-08:00" testType="13cdc9d9-ddb5-4fa4-a97d-d965ccfc6d4b" outcome="Failed" testListId="8c84fa94-04c1-424b-9868-57a2d4851a1d" relativeResultsDirectory="0462aad1-903a-448d-922c-a6a3aea87214">
      <Output>
        <StdOut>Testing integration connectors endpoint...</StdOut>
        <ErrorInfo>
          <Message>Expected response.StatusCode to be HttpStatusCode.OK {value: 200}, but found HttpStatusCode.InternalServerError {value: 500}.</Message>
          <StackTrace>   at FluentAssertions.Execution.XUnit2TestFramework.Throw(String message)&#xD;
   at FluentAssertions.Execution.TestFrameworkProvider.Throw(String message)&#xD;
   at FluentAssertions.Execution.DefaultAssertionStrategy.HandleFailure(String message)&#xD;
   at FluentAssertions.Execution.AssertionScope.FailWith(Func`1 failReasonFunc)&#xD;
   at FluentAssertions.Execution.AssertionScope.FailWith(Func`1 failReasonFunc)&#xD;
   at FluentAssertions.Execution.AssertionScope.FailWith(String message, Object[] args)&#xD;
   at FluentAssertions.Primitives.EnumAssertions`2.Be(TEnum expected, String because, Object[] becauseArgs)&#xD;
   at TerraFusion.API.Tests.SystemIntegrationTests.Integration_ManagesConnectors_ForAllExternalSystems() in C:\Users\bsval\terrafusion_os_1.0\backend\TerraFusion.API.Tests\SystemIntegrationTests.cs:line 353&#xD;
--- End of stack trace from previous location ---</StackTrace>
        </ErrorInfo>
      </Output>
    </UnitTestResult>
    <UnitTestResult executionId="1e8c82d0-e912-4136-b461-888d3dde0584" testId="fdb8c640-97a7-20e0-7f9d-ec8f9b1e2f56" testName="TerraFusion.API.Tests.SystemIntegrationTests.EndToEnd_SystemOrchestration_CoordinatesAllSubsystems" computerName="OMEN" duration="00:00:00.0422056" startTime="2025-11-04T12:17:35.0810329-08:00" endTime="2025-11-04T12:17:35.0810332-08:00" testType="13cdc9d9-ddb5-4fa4-a97d-d965ccfc6d4b" outcome="Failed" testListId="8c84fa94-04c1-424b-9868-57a2d4851a1d" relativeResultsDirectory="1e8c82d0-e912-4136-b461-888d3dde0584">
      <Output>
        <StdOut>Testing end-to-end system orchestration workflow</StdOut>
        <ErrorInfo>
          <Message>Expected statusResponse.StatusCode to be HttpStatusCode.OK {value: 200}, but found HttpStatusCode.InternalServerError {value: 500}.</Message>
          <StackTrace>   at FluentAssertions.Execution.XUnit2TestFramework.Throw(String message)&#xD;
   at FluentAssertions.Execution.TestFrameworkProvider.Throw(String message)&#xD;
   at FluentAssertions.Execution.DefaultAssertionStrategy.HandleFailure(String message)&#xD;
   at FluentAssertions.Execution.AssertionScope.FailWith(Func`1 failReasonFunc)&#xD;
   at FluentAssertions.Execution.AssertionScope.FailWith(Func`1 failReasonFunc)&#xD;
   at FluentAssertions.Execution.AssertionScope.FailWith(String message, Object[] args)&#xD;
   at FluentAssertions.Primitives.EnumAssertions`2.Be(TEnum expected, String because, Object[] becauseArgs)&#xD;
   at TerraFusion.API.Tests.SystemIntegrationTests.EndToEnd_SystemOrchestration_CoordinatesAllSubsystems() in C:\Users\bsval\terrafusion_os_1.0\backend\TerraFusion.API.Tests\SystemIntegrationTests.cs:line 593&#xD;
--- End of stack trace from previous location ---</StackTrace>
        </ErrorInfo>
      </Output>
    </UnitTestResult>
    <UnitTestResult executionId="8b7a6f2e-8731-49d2-8f81-3e04106cb887" testId="0bf5c342-314e-fb40-276d-94b7eaad4eb2" testName="TerraFusion.API.Tests.OSCoreHubTests.LoadModule_Authorized_Succeeds" computerName="OMEN" duration="00:00:00.0070370" startTime="2025-11-04T12:17:28.6267331-08:00" endTime="2025-11-04T12:17:28.6267336-08:00" testType="13cdc9d9-ddb5-4fa4-a97d-d965ccfc6d4b" outcome="Passed" testListId="8c84fa94-04c1-424b-9868-57a2d4851a1d" relativeResultsDirectory="8b7a6f2e-8731-49d2-8f81-3e04106cb887" />
    <UnitTestResult executionId="b1b801c0-ffac-470b-84df-1c5aa511682d" testId="49e54502-fbad-7f8c-e494-df1d827acfdd" testName="TerraFusion.API.Tests.OSCoreHubTests.LoadModule_EmptyName_Fails" computerName="OMEN" duration="00:00:00.0022225" startTime="2025-11-04T12:17:28.6396990-08:00" endTime="2025-11-04T12:17:28.6396993-08:00" testType="13cdc9d9-ddb5-4fa4-a97d-d965ccfc6d4b" outcome="Passed" testListId="8c84fa94-04c1-424b-9868-57a2d4851a1d" relativeResultsDirectory="b1b801c0-ffac-470b-84df-1c5aa511682d" />
    <UnitTestResult executionId="8973a6ea-91e2-44da-8baf-35370f8533cf" testId="7a36470c-c68e-a332-6bc5-1ac1d755429f" testName="TerraFusion.API.Tests.OSCoreHubTests.LoadModule_NotAuthorized_Fails" computerName="OMEN" duration="00:00:00.0023376" startTime="2025-11-04T12:17:28.6597647-08:00" endTime="2025-11-04T12:17:28.6597648-08:00" testType="13cdc9d9-ddb5-4fa4-a97d-d965ccfc6d4b" outcome="Passed" testListId="8c84fa94-04c1-424b-9868-57a2d4851a1d" relativeResultsDirectory="8973a6ea-91e2-44da-8baf-35370f8533cf" />
    <UnitTestResult executionId="25692ea3-1b73-4465-822d-846befecc182" testId="be38709c-7848-f0d5-1ab9-8408996b8b0a" testName="TerraFusion.API.Tests.SystemIntegrationTests.Performance_ProvidesCacheStatistics_WithTierDistribution" computerName="OMEN" duration="00:00:00.0078341" startTime="2025-11-04T12:17:35.3298645-08:00" endTime="2025-11-04T12:17:35.3298647-08:00" testType="13cdc9d9-ddb5-4fa4-a97d-d965ccfc6d4b" outcome="Failed" testListId="8c84fa94-04c1-424b-9868-57a2d4851a1d" relativeResultsDirectory="25692ea3-1b73-4465-822d-846befecc182">
      <Output>
        <StdOut>Testing performance cache statistics endpoint...</StdOut>
        <ErrorInfo>
          <Message>Expected response.StatusCode to be HttpStatusCode.OK {value: 200}, but found HttpStatusCode.InternalServerError {value: 500}.</Message>
          <StackTrace>   at FluentAssertions.Execution.XUnit2TestFramework.Throw(String message)&#xD;
   at FluentAssertions.Execution.TestFrameworkProvider.Throw(String message)&#xD;
   at FluentAssertions.Execution.DefaultAssertionStrategy.HandleFailure(String message)&#xD;
   at FluentAssertions.Execution.AssertionScope.FailWith(Func`1 failReasonFunc)&#xD;
   at FluentAssertions.Execution.AssertionScope.FailWith(Func`1 failReasonFunc)&#xD;
   at FluentAssertions.Execution.AssertionScope.FailWith(String message, Object[] args)&#xD;
   at FluentAssertions.Primitives.EnumAssertions`2.Be(TEnum expected, String because, Object[] becauseArgs)&#xD;
   at TerraFusion.API.Tests.SystemIntegrationTests.Performance_ProvidesCacheStatistics_WithTierDistribution() in C:\Users\bsval\terrafusion_os_1.0\backend\TerraFusion.API.Tests\SystemIntegrationTests.cs:line 402&#xD;
--- End of stack trace from previous location ---</StackTrace>
        </ErrorInfo>
      </Output>
    </UnitTestResult>
    <UnitTestResult executionId="d45747f7-2da1-4f59-b11c-2a127f85b66b" testId="bdd677f2-f47e-e16a-badc-62e1313bccc5" testName="TerraFusion.API.Tests.SystemIntegrationTests.SystemMetrics_ReturnsComprehensiveMetrics_AcrossAllSubsystems" computerName="OMEN" duration="00:00:00.0099288" startTime="2025-11-04T12:17:35.0153734-08:00" endTime="2025-11-04T12:17:35.0153737-08:00" testType="13cdc9d9-ddb5-4fa4-a97d-d965ccfc6d4b" outcome="Failed" testListId="8c84fa94-04c1-424b-9868-57a2d4851a1d" relativeResultsDirectory="d45747f7-2da1-4f59-b11c-2a127f85b66b">
      <Output>
        <StdOut>Testing system metrics endpoint...</StdOut>
        <ErrorInfo>
          <Message>Expected response.StatusCode to be HttpStatusCode.OK {value: 200}, but found HttpStatusCode.InternalServerError {value: 500}.</Message>
          <StackTrace>   at FluentAssertions.Execution.XUnit2TestFramework.Throw(String message)&#xD;
   at FluentAssertions.Execution.TestFrameworkProvider.Throw(String message)&#xD;
   at FluentAssertions.Execution.DefaultAssertionStrategy.HandleFailure(String message)&#xD;
   at FluentAssertions.Execution.AssertionScope.FailWith(Func`1 failReasonFunc)&#xD;
   at FluentAssertions.Execution.AssertionScope.FailWith(Func`1 failReasonFunc)&#xD;
   at FluentAssertions.Execution.AssertionScope.FailWith(String message, Object[] args)&#xD;
   at FluentAssertions.Primitives.EnumAssertions`2.Be(TEnum expected, String because, Object[] becauseArgs)&#xD;
   at TerraFusion.API.Tests.SystemIntegrationTests.SystemMetrics_ReturnsComprehensiveMetrics_AcrossAllSubsystems() in C:\Users\bsval\terrafusion_os_1.0\backend\TerraFusion.API.Tests\SystemIntegrationTests.cs:line 137&#xD;
--- End of stack trace from previous location ---</StackTrace>
        </ErrorInfo>
      </Output>
    </UnitTestResult>
    <UnitTestResult executionId="e9edf727-ba3e-490b-bfe2-233e8bda34f9" testId="51f13255-56ca-f282-102a-1312ea971c57" testName="TerraFusion.API.Tests.OSCoreHubTests.AuthenticateOS_BadSignature_Fails" computerName="OMEN" duration="00:00:00.0059541" startTime="2025-11-04T12:17:28.6373900-08:00" endTime="2025-11-04T12:17:28.6373903-08:00" testType="13cdc9d9-ddb5-4fa4-a97d-d965ccfc6d4b" outcome="Passed" testListId="8c84fa94-04c1-424b-9868-57a2d4851a1d" relativeResultsDirectory="e9edf727-ba3e-490b-bfe2-233e8bda34f9" />
    <UnitTestResult executionId="daca9607-cd68-4916-8c26-a6ab5823176a" testId="0e15a4ad-f5b5-7972-3ea6-41fb0582d996" testName="TerraFusion.API.Tests.SystemIntegrationTests.Analytics_GeneratesReports_WithPredictiveInsights" computerName="OMEN" duration="00:00:00.0036208" startTime="2025-11-04T12:17:35.2338982-08:00" endTime="2025-11-04T12:17:35.2338985-08:00" testType="13cdc9d9-ddb5-4fa4-a97d-d965ccfc6d4b" outcome="Failed" testListId="8c84fa94-04c1-424b-9868-57a2d4851a1d" relativeResultsDirectory="daca9607-cd68-4916-8c26-a6ab5823176a">
      <Output>
        <StdOut>Testing analytics reports endpoint...</StdOut>
        <ErrorInfo>
          <Message>Expected response.StatusCode to be HttpStatusCode.OK {value: 200}, but found HttpStatusCode.MethodNotAllowed {value: 405}.</Message>
          <StackTrace>   at FluentAssertions.Execution.XUnit2TestFramework.Throw(String message)&#xD;
   at FluentAssertions.Execution.TestFrameworkProvider.Throw(String message)&#xD;
   at FluentAssertions.Execution.DefaultAssertionStrategy.HandleFailure(String message)&#xD;
   at FluentAssertions.Execution.AssertionScope.FailWith(Func`1 failReasonFunc)&#xD;
   at FluentAssertions.Execution.AssertionScope.FailWith(Func`1 failReasonFunc)&#xD;
   at FluentAssertions.Execution.AssertionScope.FailWith(String message, Object[] args)&#xD;
   at FluentAssertions.Primitives.EnumAssertions`2.Be(TEnum expected, String because, Object[] becauseArgs)&#xD;
   at TerraFusion.API.Tests.SystemIntegrationTests.Analytics_GeneratesReports_WithPredictiveInsights() in C:\Users\bsval\terrafusion_os_1.0\backend\TerraFusion.API.Tests\SystemIntegrationTests.cs:line 316&#xD;
--- End of stack trace from previous location ---</StackTrace>
        </ErrorInfo>
      </Output>
    </UnitTestResult>
    <UnitTestResult executionId="516ae327-5538-4f93-b56c-45cdb684761a" testId="b4c7cb94-248f-4cf4-bc50-e0a1542d2c1f" testName="TerraFusion.API.Tests.SystemIntegrationTests.Analytics_ReturnsRealTimeAnalytics_WithInsights" computerName="OMEN" duration="00:00:00.0127579" startTime="2025-11-04T12:17:35.0943326-08:00" endTime="2025-11-04T12:17:35.0943329-08:00" testType="13cdc9d9-ddb5-4fa4-a97d-d965ccfc6d4b" outcome="Failed" testListId="8c84fa94-04c1-424b-9868-57a2d4851a1d" relativeResultsDirectory="516ae327-5538-4f93-b56c-45cdb684761a">
      <Output>
        <StdOut>Testing analytics status endpoint...</StdOut>
        <ErrorInfo>
          <Message>Expected response.StatusCode to be HttpStatusCode.OK {value: 200}, but found HttpStatusCode.NotFound {value: 404}.</Message>
          <StackTrace>   at FluentAssertions.Execution.XUnit2TestFramework.Throw(String message)&#xD;
   at FluentAssertions.Execution.TestFrameworkProvider.Throw(String message)&#xD;
   at FluentAssertions.Execution.DefaultAssertionStrategy.HandleFailure(String message)&#xD;
   at FluentAssertions.Execution.AssertionScope.FailWith(Func`1 failReasonFunc)&#xD;
   at FluentAssertions.Execution.AssertionScope.FailWith(Func`1 failReasonFunc)&#xD;
   at FluentAssertions.Execution.AssertionScope.FailWith(String message, Object[] args)&#xD;
   at FluentAssertions.Primitives.EnumAssertions`2.Be(TEnum expected, String because, Object[] becauseArgs)&#xD;
   at TerraFusion.API.Tests.SystemIntegrationTests.Analytics_ReturnsRealTimeAnalytics_WithInsights() in C:\Users\bsval\terrafusion_os_1.0\backend\TerraFusion.API.Tests\SystemIntegrationTests.cs:line 301&#xD;
--- End of stack trace from previous location ---</StackTrace>
        </ErrorInfo>
      </Output>
    </UnitTestResult>
    <UnitTestResult executionId="872582aa-06ba-4442-8916-af7c744819b4" testId="94aead4e-dbd1-f035-c277-95817412a9bb" testName="TerraFusion.API.Tests.SystemIntegrationTests.CrossSystemAnalysis_IdentifiesCorrelations_AndOptimizationPaths" computerName="OMEN" duration="00:00:00.0081990" startTime="2025-11-04T12:17:35.0239595-08:00" endTime="2025-11-04T12:17:35.0239598-08:00" testType="13cdc9d9-ddb5-4fa4-a97d-d965ccfc6d4b" outcome="Failed" testListId="8c84fa94-04c1-424b-9868-57a2d4851a1d" relativeResultsDirectory="872582aa-06ba-4442-8916-af7c744819b4">
      <Output>
        <StdOut>Testing cross-system analysis endpoint...</StdOut>
        <ErrorInfo>
          <Message>Expected response.StatusCode to be HttpStatusCode.OK {value: 200}, but found HttpStatusCode.InternalServerError {value: 500}.</Message>
          <StackTrace>   at FluentAssertions.Execution.XUnit2TestFramework.Throw(String message)&#xD;
   at FluentAssertions.Execution.TestFrameworkProvider.Throw(String message)&#xD;
   at FluentAssertions.Execution.DefaultAssertionStrategy.HandleFailure(String message)&#xD;
   at FluentAssertions.Execution.AssertionScope.FailWith(Func`1 failReasonFunc)&#xD;
   at FluentAssertions.Execution.AssertionScope.FailWith(Func`1 failReasonFunc)&#xD;
   at FluentAssertions.Execution.AssertionScope.FailWith(String message, Object[] args)&#xD;
   at FluentAssertions.Primitives.EnumAssertions`2.Be(TEnum expected, String because, Object[] becauseArgs)&#xD;
   at TerraFusion.API.Tests.SystemIntegrationTests.CrossSystemAnalysis_IdentifiesCorrelations_AndOptimizationPaths() in C:\Users\bsval\terrafusion_os_1.0\backend\TerraFusion.API.Tests\SystemIntegrationTests.cs:line 188&#xD;
--- End of stack trace from previous location ---</StackTrace>
        </ErrorInfo>
      </Output>
    </UnitTestResult>
    <UnitTestResult executionId="eff09a7c-4291-4979-9ba6-ec0a6d8587fa" testId="a72914d6-949d-7424-a2cc-4dcf8c20024f" testName="TerraFusion.API.Tests.SystemIntegrationTests.Security_ManagesAccessControl_WithMFAEnforcement" computerName="OMEN" duration="00:00:06.7746333" startTime="2025-11-04T12:17:34.9704089-08:00" endTime="2025-11-04T12:17:34.9704094-08:00" testType="13cdc9d9-ddb5-4fa4-a97d-d965ccfc6d4b" outcome="Failed" testListId="8c84fa94-04c1-424b-9868-57a2d4851a1d" relativeResultsDirectory="eff09a7c-4291-4979-9ba6-ec0a6d8587fa">
      <Output>
        <StdOut>Testing security access control endpoint...</StdOut>
        <ErrorInfo>
          <Message>Expected response.StatusCode to be HttpStatusCode.OK {value: 200}, but found HttpStatusCode.InternalServerError {value: 500}.</Message>
          <StackTrace>   at FluentAssertions.Execution.XUnit2TestFramework.Throw(String message)&#xD;
   at FluentAssertions.Execution.TestFrameworkProvider.Throw(String message)&#xD;
   at FluentAssertions.Execution.DefaultAssertionStrategy.HandleFailure(String message)&#xD;
   at FluentAssertions.Execution.AssertionScope.FailWith(Func`1 failReasonFunc)&#xD;
   at FluentAssertions.Execution.AssertionScope.FailWith(Func`1 failReasonFunc)&#xD;
   at FluentAssertions.Execution.AssertionScope.FailWith(String message, Object[] args)&#xD;
   at FluentAssertions.Primitives.EnumAssertions`2.Be(TEnum expected, String because, Object[] becauseArgs)&#xD;
   at TerraFusion.API.Tests.SystemIntegrationTests.Security_ManagesAccessControl_WithMFAEnforcement() in C:\Users\bsval\terrafusion_os_1.0\backend\TerraFusion.API.Tests\SystemIntegrationTests.cs:line 481&#xD;
--- End of stack trace from previous location ---</StackTrace>
        </ErrorInfo>
      </Output>
    </UnitTestResult>
    <UnitTestResult executionId="97e5104d-65ed-4add-a610-a5e800d35f37" testId="aba66c5f-1697-aa1a-d435-8c543c90743d" testName="TerraFusion.API.Tests.SystemIntegrationTests.SystemStatus_ReturnsComprehensiveStatus_WithAllSubsystems" computerName="OMEN" duration="00:00:00.0048126" startTime="2025-11-04T12:17:35.2925094-08:00" endTime="2025-11-04T12:17:35.2925096-08:00" testType="13cdc9d9-ddb5-4fa4-a97d-d965ccfc6d4b" outcome="Failed" testListId="8c84fa94-04c1-424b-9868-57a2d4851a1d" relativeResultsDirectory="97e5104d-65ed-4add-a610-a5e800d35f37">
      <Output>
        <StdOut>Testing system status endpoint...</StdOut>
        <ErrorInfo>
          <Message>Expected response.StatusCode to be HttpStatusCode.OK {value: 200}, but found HttpStatusCode.InternalServerError {value: 500}.</Message>
          <StackTrace>   at FluentAssertions.Execution.XUnit2TestFramework.Throw(String message)&#xD;
   at FluentAssertions.Execution.TestFrameworkProvider.Throw(String message)&#xD;
   at FluentAssertions.Execution.DefaultAssertionStrategy.HandleFailure(String message)&#xD;
   at FluentAssertions.Execution.AssertionScope.FailWith(Func`1 failReasonFunc)&#xD;
   at FluentAssertions.Execution.AssertionScope.FailWith(Func`1 failReasonFunc)&#xD;
   at FluentAssertions.Execution.AssertionScope.FailWith(String message, Object[] args)&#xD;
   at FluentAssertions.Primitives.EnumAssertions`2.Be(TEnum expected, String because, Object[] becauseArgs)&#xD;
   at TerraFusion.API.Tests.SystemIntegrationTests.SystemStatus_ReturnsComprehensiveStatus_WithAllSubsystems() in C:\Users\bsval\terrafusion_os_1.0\backend\TerraFusion.API.Tests\SystemIntegrationTests.cs:line 72&#xD;
--- End of stack trace from previous location ---</StackTrace>
        </ErrorInfo>
      </Output>
    </UnitTestResult>
    <UnitTestResult executionId="739c80e1-4f6a-4293-9631-7a7ba4463eae" testId="8acc3815-aa5c-260a-4e89-569434f0d3b3" testName="TerraFusion.API.Tests.OSCoreHubTests.AuthenticateOS_InvalidLegacy_SendsFailed" computerName="OMEN" duration="00:00:00.0017692" startTime="2025-11-04T12:17:28.6415438-08:00" endTime="2025-11-04T12:17:28.6415443-08:00" testType="13cdc9d9-ddb5-4fa4-a97d-d965ccfc6d4b" outcome="Passed" testListId="8c84fa94-04c1-424b-9868-57a2d4851a1d" relativeResultsDirectory="739c80e1-4f6a-4293-9631-7a7ba4463eae" />
    <UnitTestResult executionId="0edd6989-07d3-4413-9e89-21e7e7596b54" testId="72046690-7eb2-b66d-3184-72916faaa510" testName="TerraFusion.API.Tests.SystemIntegrationTests.Performance_AnalyzesQueryPerformance_WithOptimizationRecommendations" computerName="OMEN" duration="00:00:00.0218582" startTime="2025-11-04T12:17:34.9891155-08:00" endTime="2025-11-04T12:17:34.9891159-08:00" testType="13cdc9d9-ddb5-4fa4-a97d-d965ccfc6d4b" outcome="Failed" testListId="8c84fa94-04c1-424b-9868-57a2d4851a1d" relativeResultsDirectory="0edd6989-07d3-4413-9e89-21e7e7596b54">
      <Output>
        <StdOut>Testing performance recommendations endpoint...</StdOut>
        <ErrorInfo>
          <Message>Expected response.StatusCode to be HttpStatusCode.OK {value: 200}, but found HttpStatusCode.InternalServerError {value: 500}.</Message>
          <StackTrace>   at FluentAssertions.Execution.XUnit2TestFramework.Throw(String message)&#xD;
   at FluentAssertions.Execution.TestFrameworkProvider.Throw(String message)&#xD;
   at FluentAssertions.Execution.DefaultAssertionStrategy.HandleFailure(String message)&#xD;
   at FluentAssertions.Execution.AssertionScope.FailWith(Func`1 failReasonFunc)&#xD;
   at FluentAssertions.Execution.AssertionScope.FailWith(Func`1 failReasonFunc)&#xD;
   at FluentAssertions.Execution.AssertionScope.FailWith(String message, Object[] args)&#xD;
   at FluentAssertions.Primitives.EnumAssertions`2.Be(TEnum expected, String because, Object[] becauseArgs)&#xD;
   at TerraFusion.API.Tests.SystemIntegrationTests.Performance_AnalyzesQueryPerformance_WithOptimizationRecommendations() in C:\Users\bsval\terrafusion_os_1.0\backend\TerraFusion.API.Tests\SystemIntegrationTests.cs:line 417&#xD;
--- End of stack trace from previous location ---</StackTrace>
        </ErrorInfo>
      </Output>
    </UnitTestResult>
    <UnitTestResult executionId="4b7716ad-3dd2-4faf-a8e9-9d21fb3ccfbc" testId="81665d45-f3b1-df04-1841-e150b1190482" testName="TerraFusion.API.Tests.OSCoreHubTests.AuthenticateOS_ValidRequest_EmitsAuditEntry" computerName="OMEN" duration="00:00:00.0023926" startTime="2025-11-04T12:17:28.6598184-08:00" endTime="2025-11-04T12:17:28.6598185-08:00" testType="13cdc9d9-ddb5-4fa4-a97d-d965ccfc6d4b" outcome="Passed" testListId="8c84fa94-04c1-424b-9868-57a2d4851a1d" relativeResultsDirectory="4b7716ad-3dd2-4faf-a8e9-9d21fb3ccfbc" />
    <UnitTestResult executionId="c4b55bae-a14c-47ee-9222-1f3b34f3ddcc" testId="36abfaf3-8fa1-e7b9-1a44-2111f78304a3" testName="TerraFusion.API.Tests.SystemIntegrationTests.SystemDiagnostics_RunsAllTests_AndReturnsComprehensiveResults" computerName="OMEN" duration="00:00:00.0083333" startTime="2025-11-04T12:17:35.2299054-08:00" endTime="2025-11-04T12:17:35.2299058-08:00" testType="13cdc9d9-ddb5-4fa4-a97d-d965ccfc6d4b" outcome="Failed" testListId="8c84fa94-04c1-424b-9868-57a2d4851a1d" relativeResultsDirectory="c4b55bae-a14c-47ee-9222-1f3b34f3ddcc">
      <Output>
        <StdOut>Testing system diagnostics endpoint...</StdOut>
        <ErrorInfo>
          <Message>Expected response.StatusCode to be HttpStatusCode.OK {value: 200}, but found HttpStatusCode.InternalServerError {value: 500}.</Message>
          <StackTrace>   at FluentAssertions.Execution.XUnit2TestFramework.Throw(String message)&#xD;
   at FluentAssertions.Execution.TestFrameworkProvider.Throw(String message)&#xD;
   at FluentAssertions.Execution.DefaultAssertionStrategy.HandleFailure(String message)&#xD;
   at FluentAssertions.Execution.AssertionScope.FailWith(Func`1 failReasonFunc)&#xD;
   at FluentAssertions.Execution.AssertionScope.FailWith(Func`1 failReasonFunc)&#xD;
   at FluentAssertions.Execution.AssertionScope.FailWith(String message, Object[] args)&#xD;
   at FluentAssertions.Primitives.EnumAssertions`2.Be(TEnum expected, String because, Object[] becauseArgs)&#xD;
   at TerraFusion.API.Tests.SystemIntegrationTests.SystemDiagnostics_RunsAllTests_AndReturnsComprehensiveResults() in C:\Users\bsval\terrafusion_os_1.0\backend\TerraFusion.API.Tests\SystemIntegrationTests.cs:line 223&#xD;
--- End of stack trace from previous location ---</StackTrace>
        </ErrorInfo>
      </Output>
    </UnitTestResult>
    <UnitTestResult executionId="a3b9534b-0c61-4404-b5a0-8bb54bac8fa4" testId="50e6a561-2662-ffa6-098b-9b0bb8166131" testName="TerraFusion.API.Tests.SystemIntegrationTests.SubsystemHealth_ReturnsDetailedHealthMetrics_ForAllSubsystems" computerName="OMEN" duration="00:00:00.0087004" startTime="2025-11-04T12:17:35.2873736-08:00" endTime="2025-11-04T12:17:35.2873739-08:00" testType="13cdc9d9-ddb5-4fa4-a97d-d965ccfc6d4b" outcome="Failed" testListId="8c84fa94-04c1-424b-9868-57a2d4851a1d" relativeResultsDirectory="a3b9534b-0c61-4404-b5a0-8bb54bac8fa4">
      <Output>
        <StdOut>Testing subsystem health endpoint...</StdOut>
        <ErrorInfo>
          <Message>Expected response.StatusCode to be HttpStatusCode.OK {value: 200}, but found HttpStatusCode.InternalServerError {value: 500}.</Message>
          <StackTrace>   at FluentAssertions.Execution.XUnit2TestFramework.Throw(String message)&#xD;
   at FluentAssertions.Execution.TestFrameworkProvider.Throw(String message)&#xD;
   at FluentAssertions.Execution.DefaultAssertionStrategy.HandleFailure(String message)&#xD;
   at FluentAssertions.Execution.AssertionScope.FailWith(Func`1 failReasonFunc)&#xD;
   at FluentAssertions.Execution.AssertionScope.FailWith(Func`1 failReasonFunc)&#xD;
   at FluentAssertions.Execution.AssertionScope.FailWith(String message, Object[] args)&#xD;
   at FluentAssertions.Primitives.EnumAssertions`2.Be(TEnum expected, String because, Object[] becauseArgs)&#xD;
   at TerraFusion.API.Tests.SystemIntegrationTests.SubsystemHealth_ReturnsDetailedHealthMetrics_ForAllSubsystems() in C:\Users\bsval\terrafusion_os_1.0\backend\TerraFusion.API.Tests\SystemIntegrationTests.cs:line 108&#xD;
--- End of stack trace from previous location ---</StackTrace>
        </ErrorInfo>
      </Output>
    </UnitTestResult>
    <UnitTestResult executionId="7843ca41-3ddc-4e00-af32-e01343308403" testId="c585c40e-7706-1538-7706-0e21068cc5f6" testName="TerraFusion.API.Tests.SystemIntegrationTests.Monitoring_ReturnsRealTimeStatus_WithMetrics" computerName="OMEN" duration="00:00:00.0092052" startTime="2025-11-04T12:17:35.3146964-08:00" endTime="2025-11-04T12:17:35.3146969-08:00" testType="13cdc9d9-ddb5-4fa4-a97d-d965ccfc6d4b" outcome="Failed" testListId="8c84fa94-04c1-424b-9868-57a2d4851a1d" relativeResultsDirectory="7843ca41-3ddc-4e00-af32-e01343308403">
      <Output>
        <StdOut>Testing monitoring status endpoint...</StdOut>
        <ErrorInfo>
          <Message>Expected response.StatusCode to be HttpStatusCode.OK {value: 200}, but found HttpStatusCode.InternalServerError {value: 500}.</Message>
          <StackTrace>   at FluentAssertions.Execution.XUnit2TestFramework.Throw(String message)&#xD;
   at FluentAssertions.Execution.TestFrameworkProvider.Throw(String message)&#xD;
   at FluentAssertions.Execution.DefaultAssertionStrategy.HandleFailure(String message)&#xD;
   at FluentAssertions.Execution.AssertionScope.FailWith(Func`1 failReasonFunc)&#xD;
   at FluentAssertions.Execution.AssertionScope.FailWith(Func`1 failReasonFunc)&#xD;
   at FluentAssertions.Execution.AssertionScope.FailWith(String message, Object[] args)&#xD;
   at FluentAssertions.Primitives.EnumAssertions`2.Be(TEnum expected, String because, Object[] becauseArgs)&#xD;
   at TerraFusion.API.Tests.SystemIntegrationTests.Monitoring_ReturnsRealTimeStatus_WithMetrics() in C:\Users\bsval\terrafusion_os_1.0\backend\TerraFusion.API.Tests\SystemIntegrationTests.cs:line 264&#xD;
--- End of stack trace from previous location ---</StackTrace>
        </ErrorInfo>
      </Output>
    </UnitTestResult>
    <UnitTestResult executionId="6f90ce74-0e71-4181-9d5c-c0ffba36e9ca" testId="5f3b74ea-0fa5-76bc-2210-f957515f19a5" testName="TerraFusion.API.Tests.OSCoreHubTests.AuthenticateOS_InvalidCounty_SendsFailed" computerName="OMEN" duration="00:00:00.0017616" startTime="2025-11-04T12:17:28.6596983-08:00" endTime="2025-11-04T12:17:28.6596985-08:00" testType="13cdc9d9-ddb5-4fa4-a97d-d965ccfc6d4b" outcome="Passed" testListId="8c84fa94-04c1-424b-9868-57a2d4851a1d" relativeResultsDirectory="6f90ce74-0e71-4181-9d5c-c0ffba36e9ca" />
    <UnitTestResult executionId="3529c036-b65d-40b0-bbe7-63a172e4745a" testId="2b642c7c-f28f-c329-be51-d47a56d075a4" testName="TerraFusion.API.Tests.SystemIntegrationTests.EndToEnd_PerformanceOptimization_ImprovesCacheHitRate" computerName="OMEN" duration="00:00:00.0044246" startTime="2025-11-04T12:17:35.3416605-08:00" endTime="2025-11-04T12:17:35.3416609-08:00" testType="13cdc9d9-ddb5-4fa4-a97d-d965ccfc6d4b" outcome="Failed" testListId="8c84fa94-04c1-424b-9868-57a2d4851a1d" relativeResultsDirectory="3529c036-b65d-40b0-bbe7-63a172e4745a">
      <Output>
        <StdOut>Testing end-to-end performance optimization workflow</StdOut>
        <ErrorInfo>
          <Message>Expected statusResponse.StatusCode to be HttpStatusCode.OK {value: 200}, but found HttpStatusCode.InternalServerError {value: 500}.</Message>
          <StackTrace>   at FluentAssertions.Execution.XUnit2TestFramework.Throw(String message)&#xD;
   at FluentAssertions.Execution.TestFrameworkProvider.Throw(String message)&#xD;
   at FluentAssertions.Execution.DefaultAssertionStrategy.HandleFailure(String message)&#xD;
   at FluentAssertions.Execution.AssertionScope.FailWith(Func`1 failReasonFunc)&#xD;
   at FluentAssertions.Execution.AssertionScope.FailWith(Func`1 failReasonFunc)&#xD;
   at FluentAssertions.Execution.AssertionScope.FailWith(String message, Object[] args)&#xD;
   at FluentAssertions.Primitives.EnumAssertions`2.Be(TEnum expected, String because, Object[] becauseArgs)&#xD;
   at TerraFusion.API.Tests.SystemIntegrationTests.EndToEnd_PerformanceOptimization_ImprovesCacheHitRate() in C:\Users\bsval\terrafusion_os_1.0\backend\TerraFusion.API.Tests\SystemIntegrationTests.cs:line 538&#xD;
--- End of stack trace from previous location ---</StackTrace>
        </ErrorInfo>
      </Output>
    </UnitTestResult>
    <UnitTestResult executionId="13e375ab-6186-492c-a6eb-88ae013c2012" testId="a971086a-ea4e-3b5e-70fc-24b3da176c4d" testName="TerraFusion.API.Tests.OSCoreHubTests.AuthenticateOS_NullCredentials_Fails" computerName="OMEN" duration="00:00:00.0020781" startTime="2025-11-04T12:17:28.6503258-08:00" endTime="2025-11-04T12:17:28.6503260-08:00" testType="13cdc9d9-ddb5-4fa4-a97d-d965ccfc6d4b" outcome="Passed" testListId="8c84fa94-04c1-424b-9868-57a2d4851a1d" relativeResultsDirectory="13e375ab-6186-492c-a6eb-88ae013c2012" />
    <UnitTestResult executionId="5762d31f-835c-4555-94e7-ce4ff8ce5013" testId="85131640-b1b3-5dad-5413-6aef0899c9d3" testName="TerraFusion.API.Tests.SystemIntegrationTests.Security_TracksCompliance_WithNIST80053" computerName="OMEN" duration="00:00:00.0064809" startTime="2025-11-04T12:17:35.3219968-08:00" endTime="2025-11-04T12:17:35.3219974-08:00" testType="13cdc9d9-ddb5-4fa4-a97d-d965ccfc6d4b" outcome="Failed" testListId="8c84fa94-04c1-424b-9868-57a2d4851a1d" relativeResultsDirectory="5762d31f-835c-4555-94e7-ce4ff8ce5013">
      <Output>
        <StdOut>Testing security compliance endpoint...</StdOut>
        <ErrorInfo>
          <Message>Expected response.StatusCode to be HttpStatusCode.OK {value: 200}, but found HttpStatusCode.InternalServerError {value: 500}.</Message>
          <StackTrace>   at FluentAssertions.Execution.XUnit2TestFramework.Throw(String message)&#xD;
   at FluentAssertions.Execution.TestFrameworkProvider.Throw(String message)&#xD;
   at FluentAssertions.Execution.DefaultAssertionStrategy.HandleFailure(String message)&#xD;
   at FluentAssertions.Execution.AssertionScope.FailWith(Func`1 failReasonFunc)&#xD;
   at FluentAssertions.Execution.AssertionScope.FailWith(Func`1 failReasonFunc)&#xD;
   at FluentAssertions.Execution.AssertionScope.FailWith(String message, Object[] args)&#xD;
   at FluentAssertions.Primitives.EnumAssertions`2.Be(TEnum expected, String because, Object[] becauseArgs)&#xD;
   at TerraFusion.API.Tests.SystemIntegrationTests.Security_TracksCompliance_WithNIST80053() in C:\Users\bsval\terrafusion_os_1.0\backend\TerraFusion.API.Tests\SystemIntegrationTests.cs:line 451&#xD;
--- End of stack trace from previous location ---</StackTrace>
        </ErrorInfo>
      </Output>
    </UnitTestResult>
    <UnitTestResult executionId="a4d0613b-c8a6-4072-b551-ddd707305f9b" testId="0cdaf7ba-d287-4d32-8db9-d6f283524e53" testName="TerraFusion.API.Tests.SystemIntegrationTests.Performance_MonitorsOptimization_WithHighCacheHitRate" computerName="OMEN" duration="00:00:00.0089027" startTime="2025-11-04T12:17:34.9980328-08:00" endTime="2025-11-04T12:17:34.9980330-08:00" testType="13cdc9d9-ddb5-4fa4-a97d-d965ccfc6d4b" outcome="Failed" testListId="8c84fa94-04c1-424b-9868-57a2d4851a1d" relativeResultsDirectory="a4d0613b-c8a6-4072-b551-ddd707305f9b">
      <Output>
        <StdOut>Testing performance status endpoint...</StdOut>
        <ErrorInfo>
          <Message>Expected response.StatusCode to be HttpStatusCode.OK {value: 200}, but found HttpStatusCode.InternalServerError {value: 500}.</Message>
          <StackTrace>   at FluentAssertions.Execution.XUnit2TestFramework.Throw(String message)&#xD;
   at FluentAssertions.Execution.TestFrameworkProvider.Throw(String message)&#xD;
   at FluentAssertions.Execution.DefaultAssertionStrategy.HandleFailure(String message)&#xD;
   at FluentAssertions.Execution.AssertionScope.FailWith(Func`1 failReasonFunc)&#xD;
   at FluentAssertions.Execution.AssertionScope.FailWith(Func`1 failReasonFunc)&#xD;
   at FluentAssertions.Execution.AssertionScope.FailWith(String message, Object[] args)&#xD;
   at FluentAssertions.Primitives.EnumAssertions`2.Be(TEnum expected, String because, Object[] becauseArgs)&#xD;
   at TerraFusion.API.Tests.SystemIntegrationTests.Performance_MonitorsOptimization_WithHighCacheHitRate() in C:\Users\bsval\terrafusion_os_1.0\backend\TerraFusion.API.Tests\SystemIntegrationTests.cs:line 387&#xD;
--- End of stack trace from previous location ---</StackTrace>
        </ErrorInfo>
      </Output>
    </UnitTestResult>
    <UnitTestResult executionId="25e3640c-598b-470c-97ab-6be36a2689bb" testId="bbcad772-995c-1072-200b-cf62d6155571" testName="TerraFusion.API.Tests.SystemIntegrationTests.Security_MonitorsCompliance_WithFISMAHIGH" computerName="OMEN" duration="00:00:00.0073607" startTime="2025-11-04T12:17:35.1115784-08:00" endTime="2025-11-04T12:17:35.1115787-08:00" testType="13cdc9d9-ddb5-4fa4-a97d-d965ccfc6d4b" outcome="Failed" testListId="8c84fa94-04c1-424b-9868-57a2d4851a1d" relativeResultsDirectory="25e3640c-598b-470c-97ab-6be36a2689bb">
      <Output>
        <StdOut>Testing security status endpoint...</StdOut>
        <ErrorInfo>
          <Message>Expected response.StatusCode to be HttpStatusCode.OK {value: 200}, but found HttpStatusCode.InternalServerError {value: 500}.</Message>
          <StackTrace>   at FluentAssertions.Execution.XUnit2TestFramework.Throw(String message)&#xD;
   at FluentAssertions.Execution.TestFrameworkProvider.Throw(String message)&#xD;
   at FluentAssertions.Execution.DefaultAssertionStrategy.HandleFailure(String message)&#xD;
   at FluentAssertions.Execution.AssertionScope.FailWith(Func`1 failReasonFunc)&#xD;
   at FluentAssertions.Execution.AssertionScope.FailWith(Func`1 failReasonFunc)&#xD;
   at FluentAssertions.Execution.AssertionScope.FailWith(String message, Object[] args)&#xD;
   at FluentAssertions.Primitives.EnumAssertions`2.Be(TEnum expected, String because, Object[] becauseArgs)&#xD;
   at TerraFusion.API.Tests.SystemIntegrationTests.Security_MonitorsCompliance_WithFISMAHIGH() in C:\Users\bsval\terrafusion_os_1.0\backend\TerraFusion.API.Tests\SystemIntegrationTests.cs:line 436&#xD;
--- End of stack trace from previous location ---</StackTrace>
        </ErrorInfo>
      </Output>
    </UnitTestResult>
    <UnitTestResult executionId="9ec7c38b-c298-489a-a9c8-b64bf785ade8" testId="6cefed31-dd03-9730-a19d-3d34fb7ffd31" testName="TerraFusion.API.Tests.OSCoreHubTests.Heartbeat_EmitsAudit" computerName="OMEN" duration="00:00:00.0041859" startTime="2025-11-04T12:17:28.6313170-08:00" endTime="2025-11-04T12:17:28.6313172-08:00" testType="13cdc9d9-ddb5-4fa4-a97d-d965ccfc6d4b" outcome="Passed" testListId="8c84fa94-04c1-424b-9868-57a2d4851a1d" relativeResultsDirectory="9ec7c38b-c298-489a-a9c8-b64bf785ade8" />
    <UnitTestResult executionId="e05150bb-c63f-4196-a324-d9ca1bda5b58" testId="9d84c364-dce7-7df6-6877-0cf9a04e0afb" testName="TerraFusion.API.Tests.SystemIntegrationTests.Performance_ResponseTime_IsUnder200ms" computerName="OMEN" duration="00:00:00.0047698" startTime="2025-11-04T12:17:35.1168447-08:00" endTime="2025-11-04T12:17:35.1168449-08:00" testType="13cdc9d9-ddb5-4fa4-a97d-d965ccfc6d4b" outcome="Failed" testListId="8c84fa94-04c1-424b-9868-57a2d4851a1d" relativeResultsDirectory="e05150bb-c63f-4196-a324-d9ca1bda5b58">
      <Output>
        <StdOut>Testing response time performance...</StdOut>
        <ErrorInfo>
          <Message>Expected response.StatusCode to be HttpStatusCode.OK {value: 200}, but found HttpStatusCode.InternalServerError {value: 500}.</Message>
          <StackTrace>   at FluentAssertions.Execution.XUnit2TestFramework.Throw(String message)&#xD;
   at FluentAssertions.Execution.TestFrameworkProvider.Throw(String message)&#xD;
   at FluentAssertions.Execution.DefaultAssertionStrategy.HandleFailure(String message)&#xD;
   at FluentAssertions.Execution.AssertionScope.FailWith(Func`1 failReasonFunc)&#xD;
   at FluentAssertions.Execution.AssertionScope.FailWith(Func`1 failReasonFunc)&#xD;
   at FluentAssertions.Execution.AssertionScope.FailWith(String message, Object[] args)&#xD;
   at FluentAssertions.Primitives.EnumAssertions`2.Be(TEnum expected, String because, Object[] becauseArgs)&#xD;
   at TerraFusion.API.Tests.SystemIntegrationTests.Performance_ResponseTime_IsUnder200ms() in C:\Users\bsval\terrafusion_os_1.0\backend\TerraFusion.API.Tests\SystemIntegrationTests.cs:line 651&#xD;
--- End of stack trace from previous location ---</StackTrace>
        </ErrorInfo>
      </Output>
    </UnitTestResult>
    <UnitTestResult executionId="b3a3e894-401b-4694-9e58-521a85d84688" testId="99039a8b-27f5-c684-ac70-8999039370fc" testName="TerraFusion.API.Tests.SystemIntegrationTests.EndToEnd_DataFlowValidation_FromIntegrationToAnalytics" computerName="OMEN" duration="00:00:00.0068447" startTime="2025-11-04T12:17:35.0053470-08:00" endTime="2025-11-04T12:17:35.0053472-08:00" testType="13cdc9d9-ddb5-4fa4-a97d-d965ccfc6d4b" outcome="Failed" testListId="8c84fa94-04c1-424b-9868-57a2d4851a1d" relativeResultsDirectory="b3a3e894-401b-4694-9e58-521a85d84688">
      <Output>
        <StdOut>Testing end-to-end data flow: Integration → Analytics</StdOut>
        <ErrorInfo>
          <Message>Expected integrationResponse.StatusCode to be HttpStatusCode.OK {value: 200}, but found HttpStatusCode.InternalServerError {value: 500}.</Message>
          <StackTrace>   at FluentAssertions.Execution.XUnit2TestFramework.Throw(String message)&#xD;
   at FluentAssertions.Execution.TestFrameworkProvider.Throw(String message)&#xD;
   at FluentAssertions.Execution.DefaultAssertionStrategy.HandleFailure(String message)&#xD;
   at FluentAssertions.Execution.AssertionScope.FailWith(Func`1 failReasonFunc)&#xD;
   at FluentAssertions.Execution.AssertionScope.FailWith(Func`1 failReasonFunc)&#xD;
   at FluentAssertions.Execution.AssertionScope.FailWith(String message, Object[] args)&#xD;
   at FluentAssertions.Primitives.EnumAssertions`2.Be(TEnum expected, String because, Object[] becauseArgs)&#xD;
   at TerraFusion.API.Tests.SystemIntegrationTests.EndToEnd_DataFlowValidation_FromIntegrationToAnalytics() in C:\Users\bsval\terrafusion_os_1.0\backend\TerraFusion.API.Tests\SystemIntegrationTests.cs:line 513&#xD;
--- End of stack trace from previous location ---</StackTrace>
        </ErrorInfo>
      </Output>
    </UnitTestResult>
    <UnitTestResult executionId="2c81fa96-a1c5-44fa-ab47-7f0b0a6f029f" testId="03989b02-8e3c-3d9a-9dc0-d87fad37831e" testName="TerraFusion.API.Tests.SystemIntegrationTests.EndToEnd_SecurityCompliance_MaintainsFISMAHIGH" computerName="OMEN" duration="00:00:00.0043178" startTime="2025-11-04T12:17:35.2973680-08:00" endTime="2025-11-04T12:17:35.2973683-08:00" testType="13cdc9d9-ddb5-4fa4-a97d-d965ccfc6d4b" outcome="Failed" testListId="8c84fa94-04c1-424b-9868-57a2d4851a1d" relativeResultsDirectory="2c81fa96-a1c5-44fa-ab47-7f0b0a6f029f">
      <Output>
        <StdOut>Testing end-to-end security compliance workflow</StdOut>
        <ErrorInfo>
          <Message>Expected statusResponse.StatusCode to be HttpStatusCode.OK {value: 200}, but found HttpStatusCode.InternalServerError {value: 500}.</Message>
          <StackTrace>   at FluentAssertions.Execution.XUnit2TestFramework.Throw(String message)&#xD;
   at FluentAssertions.Execution.TestFrameworkProvider.Throw(String message)&#xD;
   at FluentAssertions.Execution.DefaultAssertionStrategy.HandleFailure(String message)&#xD;
   at FluentAssertions.Execution.AssertionScope.FailWith(Func`1 failReasonFunc)&#xD;
   at FluentAssertions.Execution.AssertionScope.FailWith(Func`1 failReasonFunc)&#xD;
   at FluentAssertions.Execution.AssertionScope.FailWith(String message, Object[] args)&#xD;
   at FluentAssertions.Primitives.EnumAssertions`2.Be(TEnum expected, String because, Object[] becauseArgs)&#xD;
   at TerraFusion.API.Tests.SystemIntegrationTests.EndToEnd_SecurityCompliance_MaintainsFISMAHIGH() in C:\Users\bsval\terrafusion_os_1.0\backend\TerraFusion.API.Tests\SystemIntegrationTests.cs:line 563&#xD;
--- End of stack trace from previous location ---</StackTrace>
        </ErrorInfo>
      </Output>
    </UnitTestResult>
  </Results>
  <TestDefinitions>
    <UnitTest name="TerraFusion.API.Tests.OSCoreHubTests.LoadModule_NotAuthorized_Fails" storage="c:\users\bsval\terrafusion_os_1.0\backend\terrafusion.api.tests\bin\release\net8.0\terrafusion.api.tests.dll" id="7a36470c-c68e-a332-6bc5-1ac1d755429f">
      <Execution id="8973a6ea-91e2-44da-8baf-35370f8533cf" />
      <TestMethod codeBase="C:\Users\bsval\terrafusion_os_1.0\backend\TerraFusion.API.Tests\bin\Release\net8.0\TerraFusion.API.Tests.dll" adapterTypeName="executor://xunit/VsTestRunner2/netcoreapp" className="TerraFusion.API.Tests.OSCoreHubTests" name="LoadModule_NotAuthorized_Fails" />
    </UnitTest>
    <UnitTest name="TerraFusion.API.Tests.SystemIntegrationTests.SystemMetrics_ReturnsComprehensiveMetrics_AcrossAllSubsystems" storage="c:\users\bsval\terrafusion_os_1.0\backend\terrafusion.api.tests\bin\release\net8.0\terrafusion.api.tests.dll" id="bdd677f2-f47e-e16a-badc-62e1313bccc5">
      <Execution id="d45747f7-2da1-4f59-b11c-2a127f85b66b" />
      <TestMethod codeBase="C:\Users\bsval\terrafusion_os_1.0\backend\TerraFusion.API.Tests\bin\Release\net8.0\TerraFusion.API.Tests.dll" adapterTypeName="executor://xunit/VsTestRunner2/netcoreapp" className="TerraFusion.API.Tests.SystemIntegrationTests" name="SystemMetrics_ReturnsComprehensiveMetrics_AcrossAllSubsystems" />
    </UnitTest>
    <UnitTest name="TerraFusion.API.Tests.SystemIntegrationTests.EndToEnd_SecurityCompliance_MaintainsFISMAHIGH" storage="c:\users\bsval\terrafusion_os_1.0\backend\terrafusion.api.tests\bin\release\net8.0\terrafusion.api.tests.dll" id="03989b02-8e3c-3d9a-9dc0-d87fad37831e">
      <Execution id="2c81fa96-a1c5-44fa-ab47-7f0b0a6f029f" />
      <TestMethod codeBase="C:\Users\bsval\terrafusion_os_1.0\backend\TerraFusion.API.Tests\bin\Release\net8.0\TerraFusion.API.Tests.dll" adapterTypeName="executor://xunit/VsTestRunner2/netcoreapp" className="TerraFusion.API.Tests.SystemIntegrationTests" name="EndToEnd_SecurityCompliance_MaintainsFISMAHIGH" />
    </UnitTest>
    <UnitTest name="TerraFusion.API.Tests.OSCoreHubTests.AuthenticateOS_StaleTimestamp_Fails" storage="c:\users\bsval\terrafusion_os_1.0\backend\terrafusion.api.tests\bin\release\net8.0\terrafusion.api.tests.dll" id="2aaebfc3-508b-0ece-fec9-7b05d7c0c890">
      <Execution id="7212c590-3a4a-4586-9ea2-12ece011c877" />
      <TestMethod codeBase="C:\Users\bsval\terrafusion_os_1.0\backend\TerraFusion.API.Tests\bin\Release\net8.0\TerraFusion.API.Tests.dll" adapterTypeName="executor://xunit/VsTestRunner2/netcoreapp" className="TerraFusion.API.Tests.OSCoreHubTests" name="AuthenticateOS_StaleTimestamp_Fails" />
    </UnitTest>
    <UnitTest name="TerraFusion.API.Tests.SystemIntegrationTests.Integration_ConnectsToAllSystems_WithHealthyStatus" storage="c:\users\bsval\terrafusion_os_1.0\backend\terrafusion.api.tests\bin\release\net8.0\terrafusion.api.tests.dll" id="c4587d10-f52d-401d-1ddf-7cb3bf39ea29">
      <Execution id="dcd37f7b-9fbb-4426-b948-734c40b997f5" />
      <TestMethod codeBase="C:\Users\bsval\terrafusion_os_1.0\backend\TerraFusion.API.Tests\bin\Release\net8.0\TerraFusion.API.Tests.dll" adapterTypeName="executor://xunit/VsTestRunner2/netcoreapp" className="TerraFusion.API.Tests.SystemIntegrationTests" name="Integration_ConnectsToAllSystems_WithHealthyStatus" />
    </UnitTest>
    <UnitTest name="TerraFusion.API.Tests.SystemIntegrationTests.Analytics_ReturnsRealTimeAnalytics_WithInsights" storage="c:\users\bsval\terrafusion_os_1.0\backend\terrafusion.api.tests\bin\release\net8.0\terrafusion.api.tests.dll" id="b4c7cb94-248f-4cf4-bc50-e0a1542d2c1f">
      <Execution id="516ae327-5538-4f93-b56c-45cdb684761a" />
      <TestMethod codeBase="C:\Users\bsval\terrafusion_os_1.0\backend\TerraFusion.API.Tests\bin\Release\net8.0\TerraFusion.API.Tests.dll" adapterTypeName="executor://xunit/VsTestRunner2/netcoreapp" className="TerraFusion.API.Tests.SystemIntegrationTests" name="Analytics_ReturnsRealTimeAnalytics_WithInsights" />
    </UnitTest>
    <UnitTest name="TerraFusion.API.Tests.OSCoreHubTests.LoadModule_EmptyName_Fails" storage="c:\users\bsval\terrafusion_os_1.0\backend\terrafusion.api.tests\bin\release\net8.0\terrafusion.api.tests.dll" id="49e54502-fbad-7f8c-e494-df1d827acfdd">
      <Execution id="b1b801c0-ffac-470b-84df-1c5aa511682d" />
      <TestMethod codeBase="C:\Users\bsval\terrafusion_os_1.0\backend\TerraFusion.API.Tests\bin\Release\net8.0\TerraFusion.API.Tests.dll" adapterTypeName="executor://xunit/VsTestRunner2/netcoreapp" className="TerraFusion.API.Tests.OSCoreHubTests" name="LoadModule_EmptyName_Fails" />
    </UnitTest>
    <UnitTest name="TerraFusion.API.Tests.OSCoreHubTests.AuthenticateOS_BadSignature_Fails" storage="c:\users\bsval\terrafusion_os_1.0\backend\terrafusion.api.tests\bin\release\net8.0\terrafusion.api.tests.dll" id="51f13255-56ca-f282-102a-1312ea971c57">
      <Execution id="e9edf727-ba3e-490b-bfe2-233e8bda34f9" />
      <TestMethod codeBase="C:\Users\bsval\terrafusion_os_1.0\backend\TerraFusion.API.Tests\bin\Release\net8.0\TerraFusion.API.Tests.dll" adapterTypeName="executor://xunit/VsTestRunner2/netcoreapp" className="TerraFusion.API.Tests.OSCoreHubTests" name="AuthenticateOS_BadSignature_Fails" />
    </UnitTest>
    <UnitTest name="TerraFusion.API.Tests.SystemIntegrationTests.Integration_ManagesConnectors_ForAllExternalSystems" storage="c:\users\bsval\terrafusion_os_1.0\backend\terrafusion.api.tests\bin\release\net8.0\terrafusion.api.tests.dll" id="8ba02e70-18c5-efe8-bb7e-9cbac9ab2bd4">
      <Execution id="0462aad1-903a-448d-922c-a6a3aea87214" />
      <TestMethod codeBase="C:\Users\bsval\terrafusion_os_1.0\backend\TerraFusion.API.Tests\bin\Release\net8.0\TerraFusion.API.Tests.dll" adapterTypeName="executor://xunit/VsTestRunner2/netcoreapp" className="TerraFusion.API.Tests.SystemIntegrationTests" name="Integration_ManagesConnectors_ForAllExternalSystems" />
    </UnitTest>
    <UnitTest name="TerraFusion.API.Tests.SystemIntegrationTests.Performance_ConcurrentRequests_MaintainStability" storage="c:\users\bsval\terrafusion_os_1.0\backend\terrafusion.api.tests\bin\release\net8.0\terrafusion.api.tests.dll" id="ef928657-8126-3049-2606-23fe8bc190de">
      <Execution id="1efab4a7-0857-4965-a518-54edec9272cb" />
      <TestMethod codeBase="C:\Users\bsval\terrafusion_os_1.0\backend\TerraFusion.API.Tests\bin\Release\net8.0\TerraFusion.API.Tests.dll" adapterTypeName="executor://xunit/VsTestRunner2/netcoreapp" className="TerraFusion.API.Tests.SystemIntegrationTests" name="Performance_ConcurrentRequests_MaintainStability" />
    </UnitTest>
    <UnitTest name="TerraFusion.API.Tests.OSCoreHubTests.AuthenticateOS_ValidRequest_EmitsAuditEntry" storage="c:\users\bsval\terrafusion_os_1.0\backend\terrafusion.api.tests\bin\release\net8.0\terrafusion.api.tests.dll" id="81665d45-f3b1-df04-1841-e150b1190482">
      <Execution id="4b7716ad-3dd2-4faf-a8e9-9d21fb3ccfbc" />
      <TestMethod codeBase="C:\Users\bsval\terrafusion_os_1.0\backend\TerraFusion.API.Tests\bin\Release\net8.0\TerraFusion.API.Tests.dll" adapterTypeName="executor://xunit/VsTestRunner2/netcoreapp" className="TerraFusion.API.Tests.OSCoreHubTests" name="AuthenticateOS_ValidRequest_EmitsAuditEntry" />
    </UnitTest>
    <UnitTest name="TerraFusion.API.Tests.SystemIntegrationTests.Security_TracksCompliance_WithNIST80053" storage="c:\users\bsval\terrafusion_os_1.0\backend\terrafusion.api.tests\bin\release\net8.0\terrafusion.api.tests.dll" id="85131640-b1b3-5dad-5413-6aef0899c9d3">
      <Execution id="5762d31f-835c-4555-94e7-ce4ff8ce5013" />
      <TestMethod codeBase="C:\Users\bsval\terrafusion_os_1.0\backend\TerraFusion.API.Tests\bin\Release\net8.0\TerraFusion.API.Tests.dll" adapterTypeName="executor://xunit/VsTestRunner2/netcoreapp" className="TerraFusion.API.Tests.SystemIntegrationTests" name="Security_TracksCompliance_WithNIST80053" />
    </UnitTest>
    <UnitTest name="TerraFusion.API.Tests.SystemIntegrationTests.Security_ManagesAccessControl_WithMFAEnforcement" storage="c:\users\bsval\terrafusion_os_1.0\backend\terrafusion.api.tests\bin\release\net8.0\terrafusion.api.tests.dll" id="a72914d6-949d-7424-a2cc-4dcf8c20024f">
      <Execution id="eff09a7c-4291-4979-9ba6-ec0a6d8587fa" />
      <TestMethod codeBase="C:\Users\bsval\terrafusion_os_1.0\backend\TerraFusion.API.Tests\bin\Release\net8.0\TerraFusion.API.Tests.dll" adapterTypeName="executor://xunit/VsTestRunner2/netcoreapp" className="TerraFusion.API.Tests.SystemIntegrationTests" name="Security_ManagesAccessControl_WithMFAEnforcement" />
    </UnitTest>
    <UnitTest name="TerraFusion.API.Tests.SystemIntegrationTests.Security_DetectsVulnerabilities_WithCVSSScoring" storage="c:\users\bsval\terrafusion_os_1.0\backend\terrafusion.api.tests\bin\release\net8.0\terrafusion.api.tests.dll" id="1f8ea381-8abe-107f-a0e0-b4b82e211f7d">
      <Execution id="8c33215d-5c73-4486-9780-f71330c8fefa" />
      <TestMethod codeBase="C:\Users\bsval\terrafusion_os_1.0\backend\TerraFusion.API.Tests\bin\Release\net8.0\TerraFusion.API.Tests.dll" adapterTypeName="executor://xunit/VsTestRunner2/netcoreapp" className="TerraFusion.API.Tests.SystemIntegrationTests" name="Security_DetectsVulnerabilities_WithCVSSScoring" />
    </UnitTest>
    <UnitTest name="TerraFusion.API.Tests.SystemIntegrationTests.Performance_MonitorsOptimization_WithHighCacheHitRate" storage="c:\users\bsval\terrafusion_os_1.0\backend\terrafusion.api.tests\bin\release\net8.0\terrafusion.api.tests.dll" id="0cdaf7ba-d287-4d32-8db9-d6f283524e53">
      <Execution id="a4d0613b-c8a6-4072-b551-ddd707305f9b" />
      <TestMethod codeBase="C:\Users\bsval\terrafusion_os_1.0\backend\TerraFusion.API.Tests\bin\Release\net8.0\TerraFusion.API.Tests.dll" adapterTypeName="executor://xunit/VsTestRunner2/netcoreapp" className="TerraFusion.API.Tests.SystemIntegrationTests" name="Performance_MonitorsOptimization_WithHighCacheHitRate" />
    </UnitTest>
    <UnitTest name="TerraFusion.API.Tests.SystemIntegrationTests.Monitoring_ReturnsRealTimeStatus_WithMetrics" storage="c:\users\bsval\terrafusion_os_1.0\backend\terrafusion.api.tests\bin\release\net8.0\terrafusion.api.tests.dll" id="c585c40e-7706-1538-7706-0e21068cc5f6">
      <Execution id="7843ca41-3ddc-4e00-af32-e01343308403" />
      <TestMethod codeBase="C:\Users\bsval\terrafusion_os_1.0\backend\TerraFusion.API.Tests\bin\Release\net8.0\TerraFusion.API.Tests.dll" adapterTypeName="executor://xunit/VsTestRunner2/netcoreapp" className="TerraFusion.API.Tests.SystemIntegrationTests" name="Monitoring_ReturnsRealTimeStatus_WithMetrics" />
    </UnitTest>
    <UnitTest name="TerraFusion.API.Tests.SystemIntegrationTests.Integration_SynchronizesData_BetweenSystems" storage="c:\users\bsval\terrafusion_os_1.0\backend\terrafusion.api.tests\bin\release\net8.0\terrafusion.api.tests.dll" id="03be95a8-c3a7-bca0-2809-f4923aa60cc5">
      <Execution id="ed6fc694-0bfd-4bbc-b074-90a9410f318a" />
      <TestMethod codeBase="C:\Users\bsval\terrafusion_os_1.0\backend\TerraFusion.API.Tests\bin\Release\net8.0\TerraFusion.API.Tests.dll" adapterTypeName="executor://xunit/VsTestRunner2/netcoreapp" className="TerraFusion.API.Tests.SystemIntegrationTests" name="Integration_SynchronizesData_BetweenSystems" />
    </UnitTest>
    <UnitTest name="TerraFusion.API.Tests.SystemIntegrationTests.EndToEnd_PerformanceOptimization_ImprovesCacheHitRate" storage="c:\users\bsval\terrafusion_os_1.0\backend\terrafusion.api.tests\bin\release\net8.0\terrafusion.api.tests.dll" id="2b642c7c-f28f-c329-be51-d47a56d075a4">
      <Execution id="3529c036-b65d-40b0-bbe7-63a172e4745a" />
      <TestMethod codeBase="C:\Users\bsval\terrafusion_os_1.0\backend\TerraFusion.API.Tests\bin\Release\net8.0\TerraFusion.API.Tests.dll" adapterTypeName="executor://xunit/VsTestRunner2/netcoreapp" className="TerraFusion.API.Tests.SystemIntegrationTests" name="EndToEnd_PerformanceOptimization_ImprovesCacheHitRate" />
    </UnitTest>
    <UnitTest name="TerraFusion.API.Tests.SystemIntegrationTests.EndToEnd_DataFlowValidation_FromIntegrationToAnalytics" storage="c:\users\bsval\terrafusion_os_1.0\backend\terrafusion.api.tests\bin\release\net8.0\terrafusion.api.tests.dll" id="99039a8b-27f5-c684-ac70-8999039370fc">
      <Execution id="b3a3e894-401b-4694-9e58-521a85d84688" />
      <TestMethod codeBase="C:\Users\bsval\terrafusion_os_1.0\backend\TerraFusion.API.Tests\bin\Release\net8.0\TerraFusion.API.Tests.dll" adapterTypeName="executor://xunit/VsTestRunner2/netcoreapp" className="TerraFusion.API.Tests.SystemIntegrationTests" name="EndToEnd_DataFlowValidation_FromIntegrationToAnalytics" />
    </UnitTest>
    <UnitTest name="TerraFusion.API.Tests.OSCoreHubTests.Heartbeat_EmitsAudit" storage="c:\users\bsval\terrafusion_os_1.0\backend\terrafusion.api.tests\bin\release\net8.0\terrafusion.api.tests.dll" id="6cefed31-dd03-9730-a19d-3d34fb7ffd31">
      <Execution id="9ec7c38b-c298-489a-a9c8-b64bf785ade8" />
      <TestMethod codeBase="C:\Users\bsval\terrafusion_os_1.0\backend\TerraFusion.API.Tests\bin\Release\net8.0\TerraFusion.API.Tests.dll" adapterTypeName="executor://xunit/VsTestRunner2/netcoreapp" className="TerraFusion.API.Tests.OSCoreHubTests" name="Heartbeat_EmitsAudit" />
    </UnitTest>
    <UnitTest name="TerraFusion.API.Tests.OSCoreHubTests.AuthenticateOS_InvalidLegacy_SendsFailed" storage="c:\users\bsval\terrafusion_os_1.0\backend\terrafusion.api.tests\bin\release\net8.0\terrafusion.api.tests.dll" id="8acc3815-aa5c-260a-4e89-569434f0d3b3">
      <Execution id="739c80e1-4f6a-4293-9631-7a7ba4463eae" />
      <TestMethod codeBase="C:\Users\bsval\terrafusion_os_1.0\backend\TerraFusion.API.Tests\bin\Release\net8.0\TerraFusion.API.Tests.dll" adapterTypeName="executor://xunit/VsTestRunner2/netcoreapp" className="TerraFusion.API.Tests.OSCoreHubTests" name="AuthenticateOS_InvalidLegacy_SendsFailed" />
    </UnitTest>
    <UnitTest name="TerraFusion.API.Tests.OSCoreHubTests.AuthenticateOS_InvalidCounty_SendsFailed" storage="c:\users\bsval\terrafusion_os_1.0\backend\terrafusion.api.tests\bin\release\net8.0\terrafusion.api.tests.dll" id="5f3b74ea-0fa5-76bc-2210-f957515f19a5">
      <Execution id="6f90ce74-0e71-4181-9d5c-c0ffba36e9ca" />
      <TestMethod codeBase="C:\Users\bsval\terrafusion_os_1.0\backend\TerraFusion.API.Tests\bin\Release\net8.0\TerraFusion.API.Tests.dll" adapterTypeName="executor://xunit/VsTestRunner2/netcoreapp" className="TerraFusion.API.Tests.OSCoreHubTests" name="AuthenticateOS_InvalidCounty_SendsFailed" />
    </UnitTest>
    <UnitTest name="TerraFusion.API.Tests.SystemIntegrationTests.Performance_ProvidesCacheStatistics_WithTierDistribution" storage="c:\users\bsval\terrafusion_os_1.0\backend\terrafusion.api.tests\bin\release\net8.0\terrafusion.api.tests.dll" id="be38709c-7848-f0d5-1ab9-8408996b8b0a">
      <Execution id="25692ea3-1b73-4465-822d-846befecc182" />
      <TestMethod codeBase="C:\Users\bsval\terrafusion_os_1.0\backend\TerraFusion.API.Tests\bin\Release\net8.0\TerraFusion.API.Tests.dll" adapterTypeName="executor://xunit/VsTestRunner2/netcoreapp" className="TerraFusion.API.Tests.SystemIntegrationTests" name="Performance_ProvidesCacheStatistics_WithTierDistribution" />
    </UnitTest>
    <UnitTest name="TerraFusion.API.Tests.OSCoreHubTests.Heartbeat_ValidPayload_EmitsAuditEntry" storage="c:\users\bsval\terrafusion_os_1.0\backend\terrafusion.api.tests\bin\release\net8.0\terrafusion.api.tests.dll" id="aff15646-1640-a7bf-8ef3-33b6a7852f60">
      <Execution id="46c9d6e1-c883-4f0d-8707-a55fce1650c1" />
      <TestMethod codeBase="C:\Users\bsval\terrafusion_os_1.0\backend\TerraFusion.API.Tests\bin\Release\net8.0\TerraFusion.API.Tests.dll" adapterTypeName="executor://xunit/VsTestRunner2/netcoreapp" className="TerraFusion.API.Tests.OSCoreHubTests" name="Heartbeat_ValidPayload_EmitsAuditEntry" />
    </UnitTest>
    <UnitTest name="TerraFusion.API.Tests.SystemIntegrationTests.Monitoring_TracksAlerts_WithSeverityLevels" storage="c:\users\bsval\terrafusion_os_1.0\backend\terrafusion.api.tests\bin\release\net8.0\terrafusion.api.tests.dll" id="20d957df-4f74-34c9-e165-d8e23dc2ed6a">
      <Execution id="04d99a1b-e730-4ce6-b5de-bed916111182" />
      <TestMethod codeBase="C:\Users\bsval\terrafusion_os_1.0\backend\TerraFusion.API.Tests\bin\Release\net8.0\TerraFusion.API.Tests.dll" adapterTypeName="executor://xunit/VsTestRunner2/netcoreapp" className="TerraFusion.API.Tests.SystemIntegrationTests" name="Monitoring_TracksAlerts_WithSeverityLevels" />
    </UnitTest>
    <UnitTest name="TerraFusion.API.Tests.OSCoreHubTests.AuthenticateOS_HappyPath_SendsSuccessAndAudit" storage="c:\users\bsval\terrafusion_os_1.0\backend\terrafusion.api.tests\bin\release\net8.0\terrafusion.api.tests.dll" id="940372da-669d-3560-a87c-48066fbf8fe0">
      <Execution id="1cebe1c6-1bb6-4895-bff2-5204ec2f4630" />
      <TestMethod codeBase="C:\Users\bsval\terrafusion_os_1.0\backend\TerraFusion.API.Tests\bin\Release\net8.0\TerraFusion.API.Tests.dll" adapterTypeName="executor://xunit/VsTestRunner2/netcoreapp" className="TerraFusion.API.Tests.OSCoreHubTests" name="AuthenticateOS_HappyPath_SendsSuccessAndAudit" />
    </UnitTest>
    <UnitTest name="TerraFusion.API.Tests.SystemIntegrationTests.Security_MaintainsAuditTrail_WithComplianceReporting" storage="c:\users\bsval\terrafusion_os_1.0\backend\terrafusion.api.tests\bin\release\net8.0\terrafusion.api.tests.dll" id="eec61138-013f-ef2e-7c6c-8440366c1df5">
      <Execution id="564d2ced-2c1b-4e87-a530-507dc8eab9a4" />
      <TestMethod codeBase="C:\Users\bsval\terrafusion_os_1.0\backend\TerraFusion.API.Tests\bin\Release\net8.0\TerraFusion.API.Tests.dll" adapterTypeName="executor://xunit/VsTestRunner2/netcoreapp" className="TerraFusion.API.Tests.SystemIntegrationTests" name="Security_MaintainsAuditTrail_WithComplianceReporting" />
    </UnitTest>
    <UnitTest name="TerraFusion.API.Tests.SystemIntegrationTests.Performance_AnalyzesQueryPerformance_WithOptimizationRecommendations" storage="c:\users\bsval\terrafusion_os_1.0\backend\terrafusion.api.tests\bin\release\net8.0\terrafusion.api.tests.dll" id="72046690-7eb2-b66d-3184-72916faaa510">
      <Execution id="0edd6989-07d3-4413-9e89-21e7e7596b54" />
      <TestMethod codeBase="C:\Users\bsval\terrafusion_os_1.0\backend\TerraFusion.API.Tests\bin\Release\net8.0\TerraFusion.API.Tests.dll" adapterTypeName="executor://xunit/VsTestRunner2/netcoreapp" className="TerraFusion.API.Tests.SystemIntegrationTests" name="Performance_AnalyzesQueryPerformance_WithOptimizationRecommendations" />
    </UnitTest>
    <UnitTest name="TerraFusion.API.Tests.SystemIntegrationTests.EndToEnd_SystemOrchestration_CoordinatesAllSubsystems" storage="c:\users\bsval\terrafusion_os_1.0\backend\terrafusion.api.tests\bin\release\net8.0\terrafusion.api.tests.dll" id="fdb8c640-97a7-20e0-7f9d-ec8f9b1e2f56">
      <Execution id="1e8c82d0-e912-4136-b461-888d3dde0584" />
      <TestMethod codeBase="C:\Users\bsval\terrafusion_os_1.0\backend\TerraFusion.API.Tests\bin\Release\net8.0\TerraFusion.API.Tests.dll" adapterTypeName="executor://xunit/VsTestRunner2/netcoreapp" className="TerraFusion.API.Tests.SystemIntegrationTests" name="EndToEnd_SystemOrchestration_CoordinatesAllSubsystems" />
    </UnitTest>
    <UnitTest name="TerraFusion.API.Tests.SystemIntegrationTests.CrossSystemAnalysis_IdentifiesCorrelations_AndOptimizationPaths" storage="c:\users\bsval\terrafusion_os_1.0\backend\terrafusion.api.tests\bin\release\net8.0\terrafusion.api.tests.dll" id="94aead4e-dbd1-f035-c277-95817412a9bb">
      <Execution id="872582aa-06ba-4442-8916-af7c744819b4" />
      <TestMethod codeBase="C:\Users\bsval\terrafusion_os_1.0\backend\TerraFusion.API.Tests\bin\Release\net8.0\TerraFusion.API.Tests.dll" adapterTypeName="executor://xunit/VsTestRunner2/netcoreapp" className="TerraFusion.API.Tests.SystemIntegrationTests" name="CrossSystemAnalysis_IdentifiesCorrelations_AndOptimizationPaths" />
    </UnitTest>
    <UnitTest name="TerraFusion.API.Tests.SystemIntegrationTests.SystemDiagnostics_RunsAllTests_AndReturnsComprehensiveResults" storage="c:\users\bsval\terrafusion_os_1.0\backend\terrafusion.api.tests\bin\release\net8.0\terrafusion.api.tests.dll" id="36abfaf3-8fa1-e7b9-1a44-2111f78304a3">
      <Execution id="c4b55bae-a14c-47ee-9222-1f3b34f3ddcc" />
      <TestMethod codeBase="C:\Users\bsval\terrafusion_os_1.0\backend\TerraFusion.API.Tests\bin\Release\net8.0\TerraFusion.API.Tests.dll" adapterTypeName="executor://xunit/VsTestRunner2/netcoreapp" className="TerraFusion.API.Tests.SystemIntegrationTests" name="SystemDiagnostics_RunsAllTests_AndReturnsComprehensiveResults" />
    </UnitTest>
    <UnitTest name="TerraFusion.API.Tests.SystemIntegrationTests.Security_MonitorsCompliance_WithFISMAHIGH" storage="c:\users\bsval\terrafusion_os_1.0\backend\terrafusion.api.tests\bin\release\net8.0\terrafusion.api.tests.dll" id="bbcad772-995c-1072-200b-cf62d6155571">
      <Execution id="25e3640c-598b-470c-97ab-6be36a2689bb" />
      <TestMethod codeBase="C:\Users\bsval\terrafusion_os_1.0\backend\TerraFusion.API.Tests\bin\Release\net8.0\TerraFusion.API.Tests.dll" adapterTypeName="executor://xunit/VsTestRunner2/netcoreapp" className="TerraFusion.API.Tests.SystemIntegrationTests" name="Security_MonitorsCompliance_WithFISMAHIGH" />
    </UnitTest>
    <UnitTest name="TerraFusion.API.Tests.OSCoreHubTests.LoadModule_Authorized_Succeeds" storage="c:\users\bsval\terrafusion_os_1.0\backend\terrafusion.api.tests\bin\release\net8.0\terrafusion.api.tests.dll" id="0bf5c342-314e-fb40-276d-94b7eaad4eb2">
      <Execution id="8b7a6f2e-8731-49d2-8f81-3e04106cb887" />
      <TestMethod codeBase="C:\Users\bsval\terrafusion_os_1.0\backend\TerraFusion.API.Tests\bin\Release\net8.0\TerraFusion.API.Tests.dll" adapterTypeName="executor://xunit/VsTestRunner2/netcoreapp" className="TerraFusion.API.Tests.OSCoreHubTests" name="LoadModule_Authorized_Succeeds" />
    </UnitTest>
    <UnitTest name="TerraFusion.API.Tests.SystemIntegrationTests.SubsystemHealth_ReturnsDetailedHealthMetrics_ForAllSubsystems" storage="c:\users\bsval\terrafusion_os_1.0\backend\terrafusion.api.tests\bin\release\net8.0\terrafusion.api.tests.dll" id="50e6a561-2662-ffa6-098b-9b0bb8166131">
      <Execution id="a3b9534b-0c61-4404-b5a0-8bb54bac8fa4" />
      <TestMethod codeBase="C:\Users\bsval\terrafusion_os_1.0\backend\TerraFusion.API.Tests\bin\Release\net8.0\TerraFusion.API.Tests.dll" adapterTypeName="executor://xunit/VsTestRunner2/netcoreapp" className="TerraFusion.API.Tests.SystemIntegrationTests" name="SubsystemHealth_ReturnsDetailedHealthMetrics_ForAllSubsystems" />
    </UnitTest>
    <UnitTest name="TerraFusion.API.Tests.SystemIntegrationTests.Analytics_GeneratesReports_WithPredictiveInsights" storage="c:\users\bsval\terrafusion_os_1.0\backend\terrafusion.api.tests\bin\release\net8.0\terrafusion.api.tests.dll" id="0e15a4ad-f5b5-7972-3ea6-41fb0582d996">
      <Execution id="daca9607-cd68-4916-8c26-a6ab5823176a" />
      <TestMethod codeBase="C:\Users\bsval\terrafusion_os_1.0\backend\TerraFusion.API.Tests\bin\Release\net8.0\TerraFusion.API.Tests.dll" adapterTypeName="executor://xunit/VsTestRunner2/netcoreapp" className="TerraFusion.API.Tests.SystemIntegrationTests" name="Analytics_GeneratesReports_WithPredictiveInsights" />
    </UnitTest>
    <UnitTest name="TerraFusion.API.Tests.SystemIntegrationTests.SystemStatus_ReturnsComprehensiveStatus_WithAllSubsystems" storage="c:\users\bsval\terrafusion_os_1.0\backend\terrafusion.api.tests\bin\release\net8.0\terrafusion.api.tests.dll" id="aba66c5f-1697-aa1a-d435-8c543c90743d">
      <Execution id="97e5104d-65ed-4add-a610-a5e800d35f37" />
      <TestMethod codeBase="C:\Users\bsval\terrafusion_os_1.0\backend\TerraFusion.API.Tests\bin\Release\net8.0\TerraFusion.API.Tests.dll" adapterTypeName="executor://xunit/VsTestRunner2/netcoreapp" className="TerraFusion.API.Tests.SystemIntegrationTests" name="SystemStatus_ReturnsComprehensiveStatus_WithAllSubsystems" />
    </UnitTest>
    <UnitTest name="TerraFusion.API.Tests.SystemIntegrationTests.Performance_ResponseTime_IsUnder200ms" storage="c:\users\bsval\terrafusion_os_1.0\backend\terrafusion.api.tests\bin\release\net8.0\terrafusion.api.tests.dll" id="9d84c364-dce7-7df6-6877-0cf9a04e0afb">
      <Execution id="e05150bb-c63f-4196-a324-d9ca1bda5b58" />
      <TestMethod codeBase="C:\Users\bsval\terrafusion_os_1.0\backend\TerraFusion.API.Tests\bin\Release\net8.0\TerraFusion.API.Tests.dll" adapterTypeName="executor://xunit/VsTestRunner2/netcoreapp" className="TerraFusion.API.Tests.SystemIntegrationTests" name="Performance_ResponseTime_IsUnder200ms" />
    </UnitTest>
    <UnitTest name="TerraFusion.API.Tests.OSCoreHubTests.AuthenticateOS_NullCredentials_Fails" storage="c:\users\bsval\terrafusion_os_1.0\backend\terrafusion.api.tests\bin\release\net8.0\terrafusion.api.tests.dll" id="a971086a-ea4e-3b5e-70fc-24b3da176c4d">
      <Execution id="13e375ab-6186-492c-a6eb-88ae013c2012" />
      <TestMethod codeBase="C:\Users\bsval\terrafusion_os_1.0\backend\TerraFusion.API.Tests\bin\Release\net8.0\TerraFusion.API.Tests.dll" adapterTypeName="executor://xunit/VsTestRunner2/netcoreapp" className="TerraFusion.API.Tests.OSCoreHubTests" name="AuthenticateOS_NullCredentials_Fails" />
    </UnitTest>
  </TestDefinitions>
  <TestEntries>
    <TestEntry testId="ef928657-8126-3049-2606-23fe8bc190de" executionId="1efab4a7-0857-4965-a518-54edec9272cb" testListId="8c84fa94-04c1-424b-9868-57a2d4851a1d" />
    <TestEntry testId="940372da-669d-3560-a87c-48066fbf8fe0" executionId="1cebe1c6-1bb6-4895-bff2-5204ec2f4630" testListId="8c84fa94-04c1-424b-9868-57a2d4851a1d" />
    <TestEntry testId="aff15646-1640-a7bf-8ef3-33b6a7852f60" executionId="46c9d6e1-c883-4f0d-8707-a55fce1650c1" testListId="8c84fa94-04c1-424b-9868-57a2d4851a1d" />
    <TestEntry testId="eec61138-013f-ef2e-7c6c-8440366c1df5" executionId="564d2ced-2c1b-4e87-a530-507dc8eab9a4" testListId="8c84fa94-04c1-424b-9868-57a2d4851a1d" />
    <TestEntry testId="1f8ea381-8abe-107f-a0e0-b4b82e211f7d" executionId="8c33215d-5c73-4486-9780-f71330c8fefa" testListId="8c84fa94-04c1-424b-9868-57a2d4851a1d" />
    <TestEntry testId="c4587d10-f52d-401d-1ddf-7cb3bf39ea29" executionId="dcd37f7b-9fbb-4426-b948-734c40b997f5" testListId="8c84fa94-04c1-424b-9868-57a2d4851a1d" />
    <TestEntry testId="20d957df-4f74-34c9-e165-d8e23dc2ed6a" executionId="04d99a1b-e730-4ce6-b5de-bed916111182" testListId="8c84fa94-04c1-424b-9868-57a2d4851a1d" />
    <TestEntry testId="03be95a8-c3a7-bca0-2809-f4923aa60cc5" executionId="ed6fc694-0bfd-4bbc-b074-90a9410f318a" testListId="8c84fa94-04c1-424b-9868-57a2d4851a1d" />
    <TestEntry testId="2aaebfc3-508b-0ece-fec9-7b05d7c0c890" executionId="7212c590-3a4a-4586-9ea2-12ece011c877" testListId="8c84fa94-04c1-424b-9868-57a2d4851a1d" />
[...]
   at System.Runtime.CompilerServices.AsyncTaskMethodBuilder`1.AsyncStateMachineBox`1.MoveNext()&#xD;
   at System.Threading.Tasks.AwaitTaskContinuation.RunCallback(ContextCallback callback, Object state, Task&amp; currentTask)&#xD;
   at System.Threading.Tasks.Task.RunContinuations(Object continuationObject)&#xD;
   at System.Threading.Tasks.Task`1.TrySetResult(TResult result)&#xD;
   at System.Runtime.CompilerServices.AsyncTaskMethodBuilder`1.SetExistingTaskResult(Task`1 task, TResult result)&#xD;
   at System.Runtime.CompilerServices.AsyncTaskMethodBuilder`1.SetResult(TResult result)&#xD;
   at Xunit.Sdk.ExceptionAggregator.RunAsync[T](Func`1 code) in /_/src/xunit.core/Sdk/ExceptionAggregator.cs:line 114&#xD;
   at System.Runtime.CompilerServices.AsyncTaskMethodBuilder`1.AsyncStateMachineBox`1.ExecutionContextCallback(Object s)&#xD;
   at System.Threading.ExecutionContext.RunInternal(ExecutionContext executionContext, ContextCallback callback, Object state)&#xD;
   at System.Runtime.CompilerServices.AsyncTaskMethodBuilder`1.AsyncStateMachineBox`1.MoveNext(Thread threadPoolThread)&#xD;
   at System.Runtime.CompilerServices.AsyncTaskMethodBuilder`1.AsyncStateMachineBox`1.MoveNext()&#xD;
   at System.Threading.Tasks.AwaitTaskContinuation.RunCallback(ContextCallback callback, Object state, Task&amp; currentTask)&#xD;
   at System.Threading.Tasks.Task.RunContinuations(Object continuationObject)&#xD;
   at System.Threading.Tasks.Task`1.TrySetResult(TResult result)&#xD;
   at System.Runtime.CompilerServices.AsyncTaskMethodBuilder`1.SetExistingTaskResult(Task`1 task, TResult result)&#xD;
   at System.Runtime.CompilerServices.AsyncTaskMethodBuilder`1.SetResult(TResult result)&#xD;
   at Xunit.Sdk.TestInvoker`1.&lt;RunAsync&gt;b__47_0() in /_/src/xunit.execution/Sdk/Frameworks/Runners/TestInvoker.cs:line 222&#xD;
   at System.Runtime.CompilerServices.AsyncTaskMethodBuilder`1.AsyncStateMachineBox`1.ExecutionContextCallback(Object s)&#xD;
   at System.Threading.ExecutionContext.RunInternal(ExecutionContext executionContext, ContextCallback callback, Object state)&#xD;
   at System.Runtime.CompilerServices.AsyncTaskMethodBuilder`1.AsyncStateMachineBox`1.MoveNext(Thread threadPoolThread)&#xD;
   at System.Runtime.CompilerServices.AsyncTaskMethodBuilder`1.AsyncStateMachineBox`1.MoveNext()&#xD;
   at System.Threading.Tasks.AwaitTaskContinuation.RunCallback(ContextCallback callback, Object state, Task&amp; currentTask)&#xD;
   at System.Threading.Tasks.Task.RunContinuations(Object continuationObject)&#xD;
   at System.Threading.Tasks.Task`1.TrySetResult(TResult result)&#xD;
   at System.Runtime.CompilerServices.AsyncTaskMethodBuilder`1.SetExistingTaskResult(Task`1 task, TResult result)&#xD;
   at System.Runtime.CompilerServices.AsyncTaskMethodBuilder`1.SetResult(TResult result)&#xD;
   at Xunit.Sdk.TestInvoker`1.InvokeTestMethodAsync(Object testClassInstance) in /_/src/xunit.execution/Sdk/Frameworks/Runners/TestInvoker.cs:line 304&#xD;
   at System.Runtime.CompilerServices.AsyncTaskMethodBuilder`1.AsyncStateMachineBox`1.ExecutionContextCallback(Object s)&#xD;
   at System.Threading.ExecutionContext.RunInternal(ExecutionContext executionContext, ContextCallback callback, Object state)&#xD;
   at System.Runtime.CompilerServices.AsyncTaskMethodBuilder`1.AsyncStateMachineBox`1.MoveNext(Thread threadPoolThread)&#xD;
   at System.Runtime.CompilerServices.AsyncTaskMethodBuilder`1.AsyncStateMachineBox`1.MoveNext()&#xD;
   at Xunit.Sdk.AsyncTestSyncContext.&lt;&gt;c__DisplayClass7_0.&lt;Post&gt;b__1(Object _) in /_/src/xunit.execution/Sdk/AsyncTestSyncContext.cs:line 75&#xD;
   at Xunit.Sdk.MaxConcurrencySyncContext.RunOnSyncContext(SendOrPostCallback callback, Object state) in /_/src/xunit.execution/Sdk/MaxConcurrencySyncContext.cs:line 106&#xD;
   at Xunit.Sdk.MaxConcurrencySyncContext.&lt;&gt;c__DisplayClass11_0.&lt;WorkerThreadProc&gt;b__0(Object _) in /_/src/xunit.execution/Sdk/MaxConcurrencySyncContext.cs:line 96&#xD;
   at System.Threading.ExecutionContext.RunInternal(ExecutionContext executionContext, ContextCallback callback, Object state)&#xD;
   at Xunit.Sdk.ExecutionContextHelper.Run(Object context, Action`1 action) in /_/src/xunit.execution/Sdk/Utility/ExecutionContextHelper.cs:line 110&#xD;
   at Xunit.Sdk.MaxConcurrencySyncContext.WorkerThreadProc() in /_/src/xunit.execution/Sdk/MaxConcurrencySyncContext.cs:line 96&#xD;
   at Xunit.Sdk.XunitWorkerThread.&lt;&gt;c.&lt;QueueUserWorkItem&gt;b__5_0(Object _) in /_/src/common/XunitWorkerThread.cs:line 37&#xD;
   at System.Threading.ExecutionContext.RunInternal(ExecutionContext executionContext, ContextCallback callback, Object state)&#xD;
   at System.Threading.Tasks.Task.ExecuteWithThreadLocal(Task&amp; currentTaskSlot, Thread threadPoolThread)&#xD;
info: TerraFusion.API.Services.QuantumMetricsBackgroundService[0]&#xD;
      ?? TerraFusion Quantum Metrics Background Service is stopping...&#xD;
info: TerraFusion.API.Services.QuantumMetricsBackgroundService[0]&#xD;
      ?? TerraFusion Quantum Metrics Background Service is stopping...&#xD;
info: TerraFusion.API.Services.QuantumMetricsBackgroundService[0]&#xD;
      ? Quantum Metrics Background Service is stopping gracefully.&#xD;
info: TerraFusion.API.Services.QuantumMetricsBackgroundService[0]&#xD;
      ? TerraFusion Quantum Metrics Background Service stopped gracefully&#xD;
info: TerraFusion.API.Services.QuantumMetricsBackgroundService[0]&#xD;
      ? TerraFusion Quantum Metrics Background Service stopped gracefully&#xD;
info: TerraFusion.CostForge.Services.MillionAgentHarmonyService[0]&#xD;
      Million Agent Harmony Service stopped&#xD;
info: TerraFusion.CostForge.Services.UltimateAccuracyValidationBackgroundService[0]&#xD;
      Ultimate Accuracy Validation Service stopped&#xD;
info: TerraFusion.CostForge.Services.UltimatePerformanceMonitoringBackgroundService[0]&#xD;
      Ultimate Performance Monitoring Service stopped&#xD;
info: TerraFusion.CostForge.Services.UltimateConsciousnessMaintenanceService[0]&#xD;
      Ultimate Consciousness Maintenance Service stopped&#xD;
fail: TerraFusion.AI.Services.EnterpriseAIAgentCoordinator[0]&#xD;
      ? Error in agent coordination background service&#xD;
      System.Threading.Tasks.TaskCanceledException: A task was canceled.&#xD;
         at TerraFusion.AI.Services.EnterpriseAIAgentCoordinator.ExecuteAsync(CancellationToken stoppingToken) in C:\Users\bsval\terrafusion_os_1.0\backend\TerraFusion.AI\Services\EnterpriseAIAgentCoordinator.cs:line 220&#xD;
info: TerraFusion.API.Services.UnifiedOrchestrationService[0]&#xD;
      ?? Unified Orchestration Service: Health monitoring cancelled&#xD;
info: TerraFusion.API.Services.UnifiedOrchestrationService[0]&#xD;
      ?? Unified Orchestration Service: Stopping all systems...&#xD;
info: TerraFusion.API.Services.UnifiedOrchestrationService[0]&#xD;
      ?? Stopping all TerraFusion systems...&#xD;
info: TerraFusion.API.Services.UnifiedOrchestrationService[0]&#xD;
      ?? Stopping monitoring...&#xD;
info: TerraFusion.API.Services.UnifiedOrchestrationService[0]&#xD;
      ? Monitoring stopped&#xD;
info: TerraFusion.API.Services.UnifiedOrchestrationService[0]&#xD;
      ?? Stopping AI services...&#xD;
info: TerraFusion.API.Services.UnifiedOrchestrationService[0]&#xD;
      ? AI services stopped&#xD;
info: TerraFusion.API.Services.UnifiedOrchestrationService[0]&#xD;
      ?? Stopping legacy integration...&#xD;
info: TerraFusion.API.Services.UnifiedOrchestrationService[0]&#xD;
      ? Legacy integration stopped&#xD;
info: TerraFusion.API.Services.UnifiedOrchestrationService[0]&#xD;
      ?? Stopping modules...&#xD;
info: TerraFusion.API.Services.UnifiedOrchestrationService[0]&#xD;
      ? Modules stopped&#xD;
info: TerraFusion.API.Services.UnifiedOrchestrationService[0]&#xD;
      ? All TerraFusion systems stopped&#xD;
info: TerraFusion.API.Services.UnifiedOrchestrationService[0]&#xD;
      ? Unified Orchestration Service: All systems stopped&#xD;
info: TerraFusion.Core.Services.HarrisPACSSyncBackgroundService[0]&#xD;
      ?? Harris PACS Background Sync Service stopping - Final stats: Cycles: 0, Success Rate: 100.00 %&#xD;
info: TerraFusion.Core.Services.HarrisPACSSyncBackgroundService[0]&#xD;
      ?? Harris PACS Background Sync Service stopping - Final stats: Cycles: 0, Success Rate: 100.00 %&#xD;
info: TerraFusion.API.Services.EliteSignalHandlingService[0]&#xD;
      ?? Elite Signal Handling Service stopping...&#xD;
info: TerraFusion.API.Services.EliteSignalHandlingService[0]&#xD;
      ?? Elite Signal Handling Service stopping...&#xD;
dbug: TerraFusion.API.Services.EliteSignalHandlingService[0]&#xD;
      ?? Signal monitoring active - No shutdown signals detected&#xD;
dbug: TerraFusion.API.Services.EliteSignalHandlingService[0]&#xD;
      ?? Signal handlers unregistered&#xD;
info: TerraFusion.API.Services.EliteSignalHandlingService[0]&#xD;
      ?? Elite Signal Handling Service stopped&#xD;
info: TerraFusion.API.Services.EliteSignalHandlingService[0]&#xD;
      ? Elite Signal Handling Service stopped gracefully&#xD;
info: TerraFusion.API.Services.EliteEndpointValidationService[0]&#xD;
      ?? Elite Endpoint Validation Service stopping...&#xD;
info: TerraFusion.API.Services.EliteEndpointValidationService[0]&#xD;
      ?? Elite Endpoint Validation Service stopping...&#xD;
info: TerraFusion.API.Services.EliteEndpointValidationService[0]&#xD;
      ? Elite Endpoint Validation Service stopped gracefully&#xD;
info: TerraFusion.API.Services.EliteEndpointValidationService[0]&#xD;
      ? Elite Endpoint Validation Service stopped gracefully&#xD;
info: TerraFusion.API.Services.AICoordinationSupervisorService[0]&#xD;
      ?? AI Coordination Supervisor Service stopping...&#xD;
info: TerraFusion.API.Services.AICoordinationSupervisorService[0]&#xD;
      ?? AI Coordination Supervisor Service stopping...&#xD;
info: TerraFusion.API.Services.AICoordinationSupervisorService[0]&#xD;
      ?? AI Coordination Supervisor stopping gracefully&#xD;
info: TerraFusion.API.Services.AICoordinationSupervisorService[0]&#xD;
      ? AI Coordination Supervisor Service stopped&#xD;
info: TerraFusion.API.Services.AICoordinationSupervisorService[0]&#xD;
      ? AI Coordination Supervisor Service stopped gracefully&#xD;
info: TerraFusion.API.Services.AICoordinationSupervisorService[0]&#xD;
      ? AI Coordination Supervisor Service stopped gracefully&#xD;
info: TerraFusion.API.Services.GovernmentComplianceService[0]&#xD;
      GovernmentComplianceService cancellation requested, stopping gracefully.&#xD;
warn: TerraFusion.API.Services.StartupOrchestrationService[0]&#xD;
      ?? Infinite delay was cancelled - shutdown requested&#xD;
?? ApplicationStopped event fired at 12:17:35.745&#xD;
dbug: Microsoft.Extensions.Hosting.Internal.Host[4]&#xD;
      Hosting stopped&#xD;
dbug: Microsoft.Extensions.Hosting.Internal.Host[5]&#xD;
      Hosting shutdown exception&#xD;
      System.ObjectDisposedException: The CancellationTokenSource has been disposed.&#xD;
         at System.Threading.CancellationTokenSource.Cancel()&#xD;
         at TerraFusion.API.Services.EliteSignalHandlingService.StopAsync(CancellationToken stoppingToken) in C:\Users\bsval\terrafusion_os_1.0\backend\TerraFusion.API\Services\EliteSignalHandlingService.cs:line 392&#xD;
         at Microsoft.Extensions.Hosting.Internal.Host.ForeachService[T](IEnumerable`1 services, CancellationToken token, Boolean concurrent, Boolean abortOnFirstException, List`1 exceptions, Func`3 operation)&#xD;
? Failed to start server: The CancellationTokenSource has been disposed.&#xD;
? Stack trace:    at System.Threading.CancellationTokenSource.Cancel()&#xD;
   at TerraFusion.API.Services.EliteSignalHandlingService.StopAsync(CancellationToken stoppingToken) in C:\Users\bsval\terrafusion_os_1.0\backend\TerraFusion.API\Services\EliteSignalHandlingService.cs:line 392&#xD;
   at Microsoft.Extensions.Hosting.Internal.Host.ForeachService[T](IEnumerable`1 services, CancellationToken token, Boolean concurrent, Boolean abortOnFirstException, List`1 exceptions, Func`3 operation)&#xD;
   at Microsoft.Extensions.Hosting.Internal.Host.StopAsync(CancellationToken cancellationToken)&#xD;
   at Microsoft.Extensions.Hosting.HostingAbstractionsHostExtensions.WaitForShutdownAsync(IHost host, CancellationToken token)&#xD;
   at Microsoft.Extensions.Hosting.HostingAbstractionsHostExtensions.RunAsync(IHost host, CancellationToken token)&#xD;
   at Microsoft.Extensions.Hosting.HostingAbstractionsHostExtensions.RunAsync(IHost host, CancellationToken token)&#xD;
   at Microsoft.Extensions.Hosting.HostingAbstractionsHostExtensions.Run(IHost host)&#xD;
   at Program.&lt;Main&gt;$(String[] args) in C:\Users\bsval\terrafusion_os_1.0\backend\TerraFusion.API\Program.cs:line 954&#xD;
[xUnit.net 00:00:08.57]   Finished:    TerraFusion.API.Tests&#xD;
</StdOut>
    </Output>
    <RunInfos>
      <RunInfo computerName="OMEN" outcome="Error" timestamp="2025-11-04T12:17:34.9685594-08:00">
        <Text>[xUnit.net 00:00:07.79]     TerraFusion.API.Tests.SystemIntegrationTests.Security_ManagesAccessControl_WithMFAEnforcement [FAIL]</Text>
      </RunInfo>
      <RunInfo computerName="OMEN" outcome="Error" timestamp="2025-11-04T12:17:34.9886743-08:00">
        <Text>[xUnit.net 00:00:07.81]     TerraFusion.API.Tests.SystemIntegrationTests.Performance_AnalyzesQueryPerformance_WithOptimizationRecommendations [FAIL]</Text>
      </RunInfo>
      <RunInfo computerName="OMEN" outcome="Error" timestamp="2025-11-04T12:17:34.9977446-08:00">
        <Text>[xUnit.net 00:00:07.82]     TerraFusion.API.Tests.SystemIntegrationTests.Performance_MonitorsOptimization_WithHighCacheHitRate [FAIL]</Text>
      </RunInfo>
      <RunInfo computerName="OMEN" outcome="Error" timestamp="2025-11-04T12:17:35.0050389-08:00">
        <Text>[xUnit.net 00:00:07.83]     TerraFusion.API.Tests.SystemIntegrationTests.EndToEnd_DataFlowValidation_FromIntegrationToAnalytics [FAIL]</Text>
      </RunInfo>
      <RunInfo computerName="OMEN" outcome="Error" timestamp="2025-11-04T12:17:35.0151867-08:00">
        <Text>[xUnit.net 00:00:07.84]     TerraFusion.API.Tests.SystemIntegrationTests.SystemMetrics_ReturnsComprehensiveMetrics_AcrossAllSubsystems [FAIL]</Text>
      </RunInfo>
      <RunInfo computerName="OMEN" outcome="Error" timestamp="2025-11-04T12:17:35.0237643-08:00">
        <Text>[xUnit.net 00:00:07.85]     TerraFusion.API.Tests.SystemIntegrationTests.CrossSystemAnalysis_IdentifiesCorrelations_AndOptimizationPaths [FAIL]</Text>
      </RunInfo>
      <RunInfo computerName="OMEN" outcome="Error" timestamp="2025-11-04T12:17:35.0383226-08:00">
        <Text>[xUnit.net 00:00:07.86]     TerraFusion.API.Tests.SystemIntegrationTests.Security_MaintainsAuditTrail_WithComplianceReporting [FAIL]</Text>
      </RunInfo>
      <RunInfo computerName="OMEN" outcome="Error" timestamp="2025-11-04T12:17:35.0809019-08:00">
        <Text>[xUnit.net 00:00:07.90]     TerraFusion.API.Tests.SystemIntegrationTests.EndToEnd_SystemOrchestration_CoordinatesAllSubsystems [FAIL]</Text>
      </RunInfo>
      <RunInfo computerName="OMEN" outcome="Error" timestamp="2025-11-04T12:17:35.0941393-08:00">
        <Text>[xUnit.net 00:00:07.92]     TerraFusion.API.Tests.SystemIntegrationTests.Analytics_ReturnsRealTimeAnalytics_WithInsights [FAIL]</Text>
      </RunInfo>
      <RunInfo computerName="OMEN" outcome="Error" timestamp="2025-11-04T12:17:35.1035202-08:00">
        <Text>[xUnit.net 00:00:07.93]     TerraFusion.API.Tests.SystemIntegrationTests.Integration_SynchronizesData_BetweenSystems [FAIL]</Text>
      </RunInfo>
      <RunInfo computerName="OMEN" outcome="Error" timestamp="2025-11-04T12:17:35.1113568-08:00">
        <Text>[xUnit.net 00:00:07.93]     TerraFusion.API.Tests.SystemIntegrationTests.Security_MonitorsCompliance_WithFISMAHIGH [FAIL]</Text>
      </RunInfo>
      <RunInfo computerName="OMEN" outcome="Error" timestamp="2025-11-04T12:17:35.1165539-08:00">
        <Text>[xUnit.net 00:00:07.94]     TerraFusion.API.Tests.SystemIntegrationTests.Performance_ResponseTime_IsUnder200ms [FAIL]</Text>
      </RunInfo>
      <RunInfo computerName="OMEN" outcome="Error" timestamp="2025-11-04T12:17:35.2210425-08:00">
        <Text>[xUnit.net 00:00:08.04]     TerraFusion.API.Tests.SystemIntegrationTests.Monitoring_TracksAlerts_WithSeverityLevels [FAIL]</Text>
      </RunInfo>
      <RunInfo computerName="OMEN" outcome="Error" timestamp="2025-11-04T12:17:35.2296284-08:00">
        <Text>[xUnit.net 00:00:08.05]     TerraFusion.API.Tests.SystemIntegrationTests.SystemDiagnostics_RunsAllTests_AndReturnsComprehensiveResults [FAIL]</Text>
      </RunInfo>
      <RunInfo computerName="OMEN" outcome="Error" timestamp="2025-11-04T12:17:35.2336348-08:00">
        <Text>[xUnit.net 00:00:08.06]     TerraFusion.API.Tests.SystemIntegrationTests.Analytics_GeneratesReports_WithPredictiveInsights [FAIL]</Text>
      </RunInfo>
      <RunInfo computerName="OMEN" outcome="Error" timestamp="2025-11-04T12:17:35.2432700-08:00">
        <Text>[xUnit.net 00:00:08.07]     TerraFusion.API.Tests.SystemIntegrationTests.Integration_ConnectsToAllSystems_WithHealthyStatus [FAIL]</Text>
      </RunInfo>
      <RunInfo computerName="OMEN" outcome="Error" timestamp="2025-11-04T12:17:35.2978001-08:00">
        <Text>[xUnit.net 00:00:08.10]     TerraFusion.API.Tests.SystemIntegrationTests.Performance_ConcurrentRequests_MaintainStability [FAIL]</Text>
      </RunInfo>
      <RunInfo computerName="OMEN" outcome="Error" timestamp="2025-11-04T12:17:35.2992026-08:00">
        <Text>[xUnit.net 00:00:08.11]     TerraFusion.API.Tests.SystemIntegrationTests.SubsystemHealth_ReturnsDetailedHealthMetrics_ForAllSubsystems [FAIL]</Text>
      </RunInfo>
      <RunInfo computerName="OMEN" outcome="Error" timestamp="2025-11-04T12:17:35.3006803-08:00">
        <Text>[xUnit.net 00:00:08.11]     TerraFusion.API.Tests.SystemIntegrationTests.SystemStatus_ReturnsComprehensiveStatus_WithAllSubsystems [FAIL]</Text>
      </RunInfo>
      <RunInfo computerName="OMEN" outcome="Error" timestamp="2025-11-04T12:17:35.3036122-08:00">
        <Text>[xUnit.net 00:00:08.12]     TerraFusion.API.Tests.SystemIntegrationTests.EndToEnd_SecurityCompliance_MaintainsFISMAHIGH [FAIL]</Text>
      </RunInfo>
      <RunInfo computerName="OMEN" outcome="Error" timestamp="2025-11-04T12:17:35.3055687-08:00">
        <Text>[xUnit.net 00:00:08.13]     TerraFusion.API.Tests.SystemIntegrationTests.Security_DetectsVulnerabilities_WithCVSSScoring [FAIL]</Text>
      </RunInfo>
      <RunInfo computerName="OMEN" outcome="Error" timestamp="2025-11-04T12:17:35.3226362-08:00">
        <Text>[xUnit.net 00:00:08.14]     TerraFusion.API.Tests.SystemIntegrationTests.Monitoring_ReturnsRealTimeStatus_WithMetrics [FAIL]</Text>
      </RunInfo>
      <RunInfo computerName="OMEN" outcome="Error" timestamp="2025-11-04T12:17:35.3241181-08:00">
        <Text>[xUnit.net 00:00:08.14]     TerraFusion.API.Tests.SystemIntegrationTests.Security_TracksCompliance_WithNIST80053 [FAIL]</Text>
      </RunInfo>
      <RunInfo computerName="OMEN" outcome="Error" timestamp="2025-11-04T12:17:35.3296309-08:00">
        <Text>[xUnit.net 00:00:08.15]     TerraFusion.API.Tests.SystemIntegrationTests.Performance_ProvidesCacheStatistics_WithTierDistribution [FAIL]</Text>
      </RunInfo>
      <RunInfo computerName="OMEN" outcome="Error" timestamp="2025-11-04T12:17:35.3363204-08:00">
        <Text>[xUnit.net 00:00:08.16]     TerraFusion.API.Tests.SystemIntegrationTests.Integration_ManagesConnectors_ForAllExternalSystems [FAIL]</Text>
      </RunInfo>
      <RunInfo computerName="OMEN" outcome="Error" timestamp="2025-11-04T12:17:35.3413266-08:00">
        <Text>[xUnit.net 00:00:08.16]     TerraFusion.API.Tests.SystemIntegrationTests.EndToEnd_PerformanceOptimization_ImprovesCacheHitRate [FAIL]</Text>
      </RunInfo>
    </RunInfos>
  </ResultSummary>
</TestRun>